Potential energy (Ha)	Kinetic Energy (Ha)	Pressure (GPa)
-686.4957536244        	2.5852041037   		1636.9590932083
-686.4816427408        	2.5852041037		1638.5817057889
-686.4229938423        	2.5852041037		1647.0922063590
-686.3353699598        	2.5852041037		1660.6178625249
-686.2450987958        	2.5852041037		1675.0318055445
-686.1726708813        	2.5852041037		1686.8111562365
-686.1099486951        	2.5852041037		1696.3902043180
-686.0393746102        	2.5852041037		1705.6265513840
-685.9600504573        	2.5852041037		1714.6030386417
-685.8802436860        	2.5852041037		1722.6348871757
-685.8075228465        	2.5852041037		1728.8975505045
-685.7470050503        	2.5852041037		1734.4710137156
-685.6981107674        	2.5852041037		1739.0566750775
-685.6601997381        	2.5852041037		1742.1387811993
-685.6390386179        	2.5852041037		1742.7396116242
-685.6406179697        	2.5852041037		1740.5273779926
-685.6534885877        	2.5852041037		1737.2365856354
-685.6605414955        	2.5852041037		1735.1296351669
-685.6600303301        	2.5852041037		1735.0967613549
-685.6535005477        	2.5852041037		1735.7175149282
-685.6420632857        	2.5852041037		1736.8508093308
-685.6340768674        	2.5852041037		1737.1111866360
-685.6386148837        	2.5852041037		1735.7063767708
-685.6500859795        	2.5852041037		1733.1015223494
-685.6524789382        	2.5852041037		1732.1501149804
-685.6352566123        	2.5852041037		1734.1540054475
-685.5994817454        	2.5852041037		1739.1276950963
-685.5529602971        	2.5852041037		1744.4340971344
-685.5083400048        	2.5852041037		1748.7649526186
-685.4903178082        	2.5852041037		1750.5649384989
-685.4946793357        	2.5852041037		1749.2436490828
-685.4893950049        	2.5852041037		1748.5134431419
-685.4713120264        	2.5852041037		1750.0988960611
-685.4417842408        	2.5852041037		1754.3228727557
-685.3922350600        	2.5852041037		1760.9405625521
-685.3267465920        	2.5852041037		1769.5784798840
-685.2596627376        	2.5852041037		1779.4074288052
-685.2038329033        	2.5852041037		1787.9926178291
-685.1722631743        	2.5852041037		1792.9636186863
-685.1715004903        	2.5852041037		1795.4176443838
-685.1841515986        	2.5852041037		1796.0323061094
-685.1952456718        	2.5852041037		1795.7223240613
-685.2086066480        	2.5852041037		1795.1172790534
-685.2318408453        	2.5852041037		1793.1569824293
-685.2598342042        	2.5852041037		1789.7455418912
-685.2783022058        	2.5852041037		1786.5324736378
-685.2760882944        	2.5852041037		1785.7987695324
-685.2584396067        	2.5852041037		1786.6955687833
-685.2484145180        	2.5852041037		1787.8078197203
-685.2347687739        	2.5852041037		1791.2732228921
-685.1928814280        	2.5852041037		1797.8374159905
-685.1200954809        	2.5852041037		1806.9636343824
-685.0386136647        	2.5852041037		1816.8779671937
-685.0034417912        	2.5852041037		1820.4983091014
-685.0419362906        	2.5852041037		1816.4548594315
-685.1089176702        	2.5852041037		1808.5530820864
-685.1604327667        	2.5852041037		1799.7716915582
-685.1881689428        	2.5852041037		1792.2548338790
-685.2045835179        	2.5852041037		1785.7274863097
-685.2203693672        	2.5852041037		1779.4122376892
-685.2303261385        	2.5852041037		1774.4521571175
-685.2342808336        	2.5852041037		1771.9775991635
-685.2381325830        	2.5852041037		1771.2917316605
-685.2454161416        	2.5852041037		1771.4381312253
-685.2550664996        	2.5852041037		1772.4621826904
-685.2638468363        	2.5852041037		1773.3629005043
-685.2699133187        	2.5852041037		1774.7242715216
-685.2714720755        	2.5852041037		1775.6551289920
-685.2662388415        	2.5852041037		1776.3417106761
-685.2568315466        	2.5852041037		1775.6479625383
-685.2552588570        	2.5852041037		1772.9743075488
-685.2682971626        	2.5852041037		1767.9083695826
-685.2879376026        	2.5852041037		1762.4201097617
-685.3015597890        	2.5852041037		1758.6509163104
-685.2979202908        	2.5852041037		1757.0405599339
-685.2761268987        	2.5852041037		1758.2251926091
-685.2447105261        	2.5852041037		1761.8764690442
-685.2136179438        	2.5852041037		1766.7976224412
-685.1869177210        	2.5852041037		1773.0608505698
-685.1658521834        	2.5852041037		1778.6278696650
-685.1544682088        	2.5852041037		1782.4836447369
-685.1513357577        	2.5852041037		1785.0146956736
-685.1484916296        	2.5852041037		1786.1621387940
-685.1493452321        	2.5852041037		1786.8567851880
-685.1646480880        	2.5852041037		1785.5907889764
-685.1810613876        	2.5852041037		1784.6882695121
-685.1823193270        	2.5852041037		1785.7962678127
-685.1612405347        	2.5852041037		1788.4466561089
-685.1203058775        	2.5852041037		1792.4005412458
-685.0690735603        	2.5852041037		1797.3098497203
-685.0285091487        	2.5852041037		1800.0176761108
-685.0259578734        	2.5852041037		1798.9799785316
-685.0511890315        	2.5852041037		1794.9078463548
-685.0760209693        	2.5852041037		1789.8241194165
-685.0908528664        	2.5852041037		1785.3248883354
-685.1033276321        	2.5852041037		1780.6779975170
-685.1225078445        	2.5852041037		1776.7991399984
-685.1448272376        	2.5852041037		1773.9002080975
-685.1696070753        	2.5852041037		1771.1902082414
-685.1937380948        	2.5852041037		1770.2942489848
-685.2009103776        	2.5852041037		1771.3495842199
-685.1944909450        	2.5852041037		1773.1150492914
-685.1854650192        	2.5852041037		1775.4794166840
-685.1766470386        	2.5852041037		1778.4049780188
-685.1668943347        	2.5852041037		1781.1775222928
-685.1483410471        	2.5852041037		1785.1940730949
-685.1188035333        	2.5852041037		1789.5802026580
-685.1162874420        	2.5852041037		1791.7440525684
-685.1433102330        	2.5852041037		1791.8124133338
-685.1710116201        	2.5852041037		1791.6868376839
-685.1853691656        	2.5852041037		1792.6738116482
-685.1812035317        	2.5852041037		1794.3897264163
-685.1619756568        	2.5852041037		1797.9174089530
-685.1312845483        	2.5852041037		1802.9707067524
-685.0852301712        	2.5852041037		1808.6384746427
-685.0197563772        	2.5852041037		1814.6583584797
-684.9550362305        	2.5852041037		1819.6516356273
-684.9415132461        	2.5852041037		1820.0918160189
-684.9637133900        	2.5852041037		1816.8331200607
-684.9884310572        	2.5852041037		1811.4640814926
-685.0104012459        	2.5852041037		1806.4093483267
-685.0310421512        	2.5852041037		1801.3191672150
-685.0513040140        	2.5852041037		1796.6373131870
-685.0754449270        	2.5852041037		1791.8818958690
-685.1042328188        	2.5852041037		1786.9720952789
-685.1314631527        	2.5852041037		1782.2429511175
-685.1599193462        	2.5852041037		1777.8587842197
-685.1984451532        	2.5852041037		1772.6274178444
-685.2512953668        	2.5852041037		1766.7214563435
-685.3050133574        	2.5852041037		1761.0864726548
-685.3413049329        	2.5852041037		1758.3592515456
-685.3541770326        	2.5852041037		1758.2642660372
-685.3477937961        	2.5852041037		1760.1097800564
-685.3327604858        	2.5852041037		1762.7987937193
-685.3228019211        	2.5852041037		1765.1569623459
-685.3212869714        	2.5852041037		1766.4701740760
-685.3161647274        	2.5852041037		1768.1684901217
-685.2984664682        	2.5852041037		1770.7442309948
-685.2675889886        	2.5852041037		1774.2388789175
-685.2316971585        	2.5852041037		1778.1902166836
-685.2045326688        	2.5852041037		1781.0415553482
-685.1923912091        	2.5852041037		1781.9540201264
-685.1882498125        	2.5852041037		1782.0005669856
-685.1831332567        	2.5852041037		1781.2563777934
-685.1691381021        	2.5852041037		1781.3751275520
-685.1444300392        	2.5852041037		1783.1666326461
-685.1191163982        	2.5852041037		1785.0290702467
-685.0983346870        	2.5852041037		1788.6539489656
-685.0748801393        	2.5852041037		1791.9541164807
-685.0626488366        	2.5852041037		1793.8296481689
-685.0625408243        	2.5852041037		1794.2510731313
-685.0465942265        	2.5852041037		1795.5337903301
-684.9970782653        	2.5852041037		1799.5398029130
-684.9367261643        	2.5852041037		1804.8490717585
-684.9144541508        	2.5852041037		1806.4159344628
-684.9508578169        	2.5852041037		1802.2811103994
-685.0078569964        	2.5852041037		1794.8220767775
-685.0439807401        	2.5852041037		1789.5938602762
-685.0515990614        	2.5852041037		1787.3447994633
-685.0375021430        	2.5852041037		1789.3504644715
-685.0034191395        	2.5852041037		1794.1884657378
-684.9483938494        	2.5852041037		1801.6122922779
-684.8852953171        	2.5852041037		1808.9783186286
-684.8616549355        	2.5852041037		1812.6054581797
-684.8928252074        	2.5852041037		1811.0940862925
-684.9359190930        	2.5852041037		1807.6399359551
-684.9624545222        	2.5852041037		1806.1639618166
-684.9717213861        	2.5852041037		1806.3795612739
-684.9740553326        	2.5852041037		1807.3786709897
-684.9748935803        	2.5852041037		1808.5112203284
-684.9722529048        	2.5852041037		1810.8987933293
-684.9636673530        	2.5852041037		1813.8165701410
-684.9525669756        	2.5852041037		1816.2036423292
-684.9493138761        	2.5852041037		1817.4272840096
-684.9585807560        	2.5852041037		1816.8599250311
-684.9791545742        	2.5852041037		1814.5646749389
-685.0086885943        	2.5852041037		1811.3498815080
-685.0309691627        	2.5852041037		1809.1310773749
-685.0326759200        	2.5852041037		1808.5434309457
-685.0194512579        	2.5852041037		1807.8973865523
-685.0077010342        	2.5852041037		1807.2009659137
-685.0078416276        	2.5852041037		1804.7199920871
-685.0194292598        	2.5852041037		1800.8393519817
-685.0383211848        	2.5852041037		1795.9481916045
-685.0608338723        	2.5852041037		1790.7539548054
-685.0850444629        	2.5852041037		1786.4464737195
-685.1090831051        	2.5852041037		1783.1454803872
-685.1333400349        	2.5852041037		1781.2477216747
-685.1588469875        	2.5852041037		1780.1817039466
-685.1743898244        	2.5852041037		1779.3556464994
-685.1750612744        	2.5852041037		1779.8203266231
-685.1675393974        	2.5852041037		1781.6881917260
-685.1613504847        	2.5852041037		1782.3369125430
-685.1643667100        	2.5852041037		1779.9606157295
-685.1807437965        	2.5852041037		1775.8106490086
-685.2046775710        	2.5852041037		1771.4754536295
-685.2235014791        	2.5852041037		1768.8614458281
-685.2241175562        	2.5852041037		1769.3791816259
-685.1970765264        	2.5852041037		1774.2426431156
-685.1516589047        	2.5852041037		1781.3455742961
-685.1184055993        	2.5852041037		1787.7497880289
-685.1183071329        	2.5852041037		1790.8031488861
-685.1422906319        	2.5852041037		1790.4842944884
-685.1657464098        	2.5852041037		1788.3836007062
-685.1789397976        	2.5852041037		1786.3736893111
-685.1878574431        	2.5852041037		1784.7849650225
-685.1994857794        	2.5852041037		1783.0120268289
-685.2120020742        	2.5852041037		1781.0489298950
-685.2181711299        	2.5852041037		1779.3907950492
-685.2143565939        	2.5852041037		1778.6853496378
-685.2034753469        	2.5852041037		1778.6496606216
-685.1917540835        	2.5852041037		1778.7778252231
-685.1889574078        	2.5852041037		1777.9500665583
-685.2034277727        	2.5852041037		1775.5089673808
-685.2248432479        	2.5852041037		1771.4231910308
-685.2444799214        	2.5852041037		1768.2793415379
-685.2609277936        	2.5852041037		1765.8070648899
-685.2665767787        	2.5852041037		1764.7654169637
-685.2650691593        	2.5852041037		1764.3968168681
-685.2615877030        	2.5852041037		1765.1015877494
-685.2528561696        	2.5852041037		1767.4230020619
-685.2342529695        	2.5852041037		1770.5393073070
-685.2055543718        	2.5852041037		1775.1985218645
-685.1701132099        	2.5852041037		1780.8730870260
-685.1457178266        	2.5852041037		1786.3206359374
-685.1441606159        	2.5852041037		1789.6174540666
-685.1319089092        	2.5852041037		1793.5820373724
-685.0918980281        	2.5852041037		1799.2725903628
-685.0549863819        	2.5852041037		1803.5130229294
-685.0499428103        	2.5852041037		1804.6346559027
-685.0648842988        	2.5852041037		1803.0883814544
-685.0662262849        	2.5852041037		1803.3740054126
-685.0295690793        	2.5852041037		1808.7131342194
-684.9556282958        	2.5852041037		1818.7602163133
-684.8938236974        	2.5852041037		1826.7985644990
-684.8920328897        	2.5852041037		1828.3960797392
-684.9131146607        	2.5852041037		1825.7305215472
-684.9331639679        	2.5852041037		1822.9553734245
-684.9613546693        	2.5852041037		1819.5435562971
-684.9930976973        	2.5852041037		1816.6668704904
-685.0201655879        	2.5852041037		1813.2964709932
-685.0534041852        	2.5852041037		1808.9360516914
-685.1048369629        	2.5852041037		1801.6979852153
-685.1577888453        	2.5852041037		1794.2750954348
-685.1880898720        	2.5852041037		1790.0532957826
-685.1913706784        	2.5852041037		1788.9241257828
-685.1936491215        	2.5852041037		1790.1433828558
-685.1905770538        	2.5852041037		1792.3809943626
-685.1683042139        	2.5852041037		1795.7531979991
-685.1458729752        	2.5852041037		1798.8066180468
-685.1361208116        	2.5852041037		1799.3596816040
-685.1372979712        	2.5852041037		1797.6749363759
-685.1441121209        	2.5852041037		1795.5778420895
-685.1531269254        	2.5852041037		1792.8874021226
-685.1709055794        	2.5852041037		1788.9717147400
-685.1845107561        	2.5852041037		1786.4147400568
-685.1862857959        	2.5852041037		1784.3270125819
-685.1879136387        	2.5852041037		1782.2045174838
-685.2059821714        	2.5852041037		1779.1487789527
-685.2264758189        	2.5852041037		1776.5596473095
-685.2300078860        	2.5852041037		1775.2151951061
-685.2219815434        	2.5852041037		1774.5893220303
-685.2138035683        	2.5852041037		1774.9226974506
-685.2051947272        	2.5852041037		1775.8626012990
-685.1884330060        	2.5852041037		1777.1726591609
-685.1652359889        	2.5852041037		1779.2285046207
-685.1432665792        	2.5852041037		1781.2613892203
-685.1221882566        	2.5852041037		1784.4115591653
-685.0957924993        	2.5852041037		1788.8910520203
-685.0604719206        	2.5852041037		1794.3947790733
-685.0159032705        	2.5852041037		1801.7040709920
-684.9657129430        	2.5852041037		1809.9233811444
-684.9171017528        	2.5852041037		1818.5359078522
-684.8813319873        	2.5852041037		1826.3898411305
-684.8775720009        	2.5852041037		1829.4911335722
-684.9231762081        	2.5852041037		1826.8172597586
-684.9814178340        	2.5852041037		1821.7298184328
-685.0126928187        	2.5852041037		1818.3392150389
-685.0109149007        	2.5852041037		1817.3434367972
-684.9963421352        	2.5852041037		1817.5626471763
-684.9956485085        	2.5852041037		1817.5162169611
-684.9926430312        	2.5852041037		1817.7578893144
-684.9781236959        	2.5852041037		1818.1900122026
-684.9624694048        	2.5852041037		1819.3495763588
-684.9530114249        	2.5852041037		1820.1580338683
-684.9497149334        	2.5852041037		1820.2627606329
-684.9497786994        	2.5852041037		1820.5168614314
-684.9513691566        	2.5852041037		1821.6240602581
-684.9510828972        	2.5852041037		1823.5375714498
-684.9467864221        	2.5852041037		1826.1343927424
-684.9435694055        	2.5852041037		1827.8526652112
-684.9482843284        	2.5852041037		1827.1403109124
-684.9617418165        	2.5852041037		1823.1309449359
-684.9991356062        	2.5852041037		1816.4857842469
-685.0540004726        	2.5852041037		1809.2958335114
-685.0854878697        	2.5852041037		1803.9579559059
-685.0858302966        	2.5852041037		1801.9280234091
-685.0682581122        	2.5852041037		1802.7508668608
-685.0519710550        	2.5852041037		1804.3512348875
-685.0423728071        	2.5852041037		1806.1472661765
-685.0340146128        	2.5852041037		1808.2520697898
-685.0272666781        	2.5852041037		1809.7717618832
-685.0262794565        	2.5852041037		1810.5787827662
-685.0205274488        	2.5852041037		1811.7886986634
-685.0097175099        	2.5852041037		1812.3726244436
-685.0130435602        	2.5852041037		1812.1477599036
-685.0369102086        	2.5852041037		1809.7150475727
-685.0594228464        	2.5852041037		1806.1596323053
-685.0631383085        	2.5852041037		1803.2619309790
-685.0679530167        	2.5852041037		1799.2248926856
-685.1116827903        	2.5852041037		1792.0247463125
-685.1625041720        	2.5852041037		1785.5256755869
-685.1803646851        	2.5852041037		1782.2444005020
-685.1681818847        	2.5852041037		1781.7760623391
-685.1433733269        	2.5852041037		1783.6386362800
-685.1265601348        	2.5852041037		1787.1661381268
-685.1267570507        	2.5852041037		1790.7284383799
-685.1239663231        	2.5852041037		1794.4720251372
-685.1189534991        	2.5852041037		1797.0847352642
-685.1224559132        	2.5852041037		1798.3311376678
-685.1269871580        	2.5852041037		1798.7555672743
-685.1283502657        	2.5852041037		1798.6169613632
-685.1305709628        	2.5852041037		1798.3478300369
-685.1395994241        	2.5852041037		1796.3283462594
-685.1553050298        	2.5852041037		1793.6074497836
-685.1717627288        	2.5852041037		1791.0694078202
-685.1875993731        	2.5852041037		1788.5407043818
-685.1997536089        	2.5852041037		1786.7693798159
-685.1979137740        	2.5852041037		1786.3677026459
-685.1794819906        	2.5852041037		1787.4009291541
-685.1495652466        	2.5852041037		1789.8616569923
-685.1150965682        	2.5852041037		1792.6503749545
-685.0814286508        	2.5852041037		1794.9547416000
-685.0536943067        	2.5852041037		1796.6919832425
-685.0452806788        	2.5852041037		1796.3797862657
-685.0604726167        	2.5852041037		1794.6839356427
-685.0737878493        	2.5852041037		1794.0621756947
-685.0696364011        	2.5852041037		1795.1878659739
-685.0542928650        	2.5852041037		1796.8871150159
-685.0396886435        	2.5852041037		1797.9302978450
-685.0264528579        	2.5852041037		1798.5516591841
-685.0144078835        	2.5852041037		1798.1602720476
-685.0138654060        	2.5852041037		1796.5174191012
-685.0431735457        	2.5852041037		1792.5545494679
-685.0816975731        	2.5852041037		1787.9957308123
-685.0921262000        	2.5852041037		1786.2925074559
-685.0721373615        	2.5852041037		1787.0091284464
-685.0453138047        	2.5852041037		1789.4318046523
-685.0347667329        	2.5852041037		1791.9050996841
-685.0401922277        	2.5852041037		1792.7484469206
-685.0478658475        	2.5852041037		1793.2680765836
-685.0553077568        	2.5852041037		1793.7776914531
-685.0622908354        	2.5852041037		1794.9557016705
-685.0642644489        	2.5852041037		1796.3984921740
-685.0587684171        	2.5852041037		1798.6837682098
-685.0618855488        	2.5852041037		1799.8077986033
-685.0754981464        	2.5852041037		1799.5290020712
-685.0724301864        	2.5852041037		1799.6043129954
-685.0699122613        	2.5852041037		1799.8465423857
-685.0861802958        	2.5852041037		1799.2115558706
-685.0961572077        	2.5852041037		1797.7741472164
-685.0893127959        	2.5852041037		1797.6822428176
-685.0814398868        	2.5852041037		1798.7397759121
-685.0791477851        	2.5852041037		1799.5379619001
-685.0733202831        	2.5852041037		1801.7751579007
-685.0587284814        	2.5852041037		1804.3728347093
-685.0367013091        	2.5852041037		1806.5739482155
-685.0094654324        	2.5852041037		1808.8345661498
-684.9832112065        	2.5852041037		1810.6667320228
-684.9684833139        	2.5852041037		1811.0934632554
-684.9660809499        	2.5852041037		1810.2286499334
-684.9647060137        	2.5852041037		1809.3855915004
-684.9670718658        	2.5852041037		1809.0653690492
-684.9719006181        	2.5852041037		1809.7501869380
-684.9672670127        	2.5852041037		1811.4658872582
-684.9599939517        	2.5852041037		1812.8562086447
-684.9707245190        	2.5852041037		1811.7860004696
-685.0065922365        	2.5852041037		1807.7851027340
-685.0464547267        	2.5852041037		1802.9424278192
-685.0666412435        	2.5852041037		1799.9391486234
-685.0609855842        	2.5852041037		1798.4001094691
-685.0431350937        	2.5852041037		1799.0476416808
-685.0288042415        	2.5852041037		1799.5601119298
-685.0172834180        	2.5852041037		1799.5472167359
-685.0046182676        	2.5852041037		1799.9735407232
-684.9971265613        	2.5852041037		1800.4967501379
-685.0047348637        	2.5852041037		1799.9398136560
-685.0233874754        	2.5852041037		1798.4334166406
-685.0417283190        	2.5852041037		1796.1039357219
-685.0542013278        	2.5852041037		1794.1131472534
-685.0584753601        	2.5852041037		1792.4293516019
-685.0569207549        	2.5852041037		1790.5023022903
-685.0547279610        	2.5852041037		1788.2153405338
-685.0653979601        	2.5852041037		1784.7923923215
-685.0927180070        	2.5852041037		1780.1351056173
-685.1219526536        	2.5852041037		1776.3288494003
-685.1365659956        	2.5852041037		1774.8954231735
-685.1292458289        	2.5852041037		1777.5119503593
-685.1018857010        	2.5852041037		1783.3031601439
-685.0549266689        	2.5852041037		1792.1708297174
-684.9834006714        	2.5852041037		1804.9878306752
-684.8924053306        	2.5852041037		1820.2129545941
-684.8067235603        	2.5852041037		1832.9877291315
-684.7586207255        	2.5852041037		1840.0387214292
-684.7708252327        	2.5852041037		1838.2248111308
-684.8288438328        	2.5852041037		1830.6126697013
-684.8942738301        	2.5852041037		1821.6026062363
-684.9423823395        	2.5852041037		1814.7522811681
-684.9691677449        	2.5852041037		1810.7072322434
-684.9889128803        	2.5852041037		1808.9022847414
-685.0062419807        	2.5852041037		1808.7574538758
-685.0039611265        	2.5852041037		1810.9704121502
-684.9800081391        	2.5852041037		1815.8537183332
-684.9552132623        	2.5852041037		1820.9227073015
-684.9507480651        	2.5852041037		1823.5154521004
-684.9677192192        	2.5852041037		1823.4788838962
-684.9912126657        	2.5852041037		1822.3760198061
-685.0067346136        	2.5852041037		1822.8197986706
-685.0062540023        	2.5852041037		1825.4655436737
-684.9924340944        	2.5852041037		1828.0547425922
-684.9782587763        	2.5852041037		1830.5292564123
-684.9727312998        	2.5852041037		1830.3710935107
-684.9812130522        	2.5852041037		1826.7351336860
-685.0090151462        	2.5852041037		1821.0762562407
-685.0544412755        	2.5852041037		1812.7245672858
-685.1036724186        	2.5852041037		1805.0758494375
-685.1414120925        	2.5852041037		1800.3199929808
-685.1627029202        	2.5852041037		1797.7754201408
-685.1696613496        	2.5852041037		1797.0517676030
-685.1669104422        	2.5852041037		1798.9165652877
-685.1587660488        	2.5852041037		1801.4127571166
-685.1525855223        	2.5852041037		1803.7394999551
-685.1713939472        	2.5852041037		1802.0357058228
-685.2153169188        	2.5852041037		1797.2130477743
-685.2431981644        	2.5852041037		1793.6549773185
-685.2344624463        	2.5852041037		1792.8796831283
-685.2010635366        	2.5852041037		1794.9938559892
-685.1582666804        	2.5852041037		1797.8085073398
-685.1160237100        	2.5852041037		1801.1839194430
-685.0918550277        	2.5852041037		1802.8480022708
-685.0928154949        	2.5852041037		1802.4122234221
-685.1105347233        	2.5852041037		1800.5131685584
-685.1307122418        	2.5852041037		1797.9893751131
-685.1528405782        	2.5852041037		1794.6178910963
-685.1818856142        	2.5852041037		1790.5253426633
-685.2081896184        	2.5852041037		1786.6815007592
-685.2276490253        	2.5852041037		1782.8018893889
-685.2412564576        	2.5852041037		1779.4427959733
-685.2467996978        	2.5852041037		1776.9803993704
-685.2515609214        	2.5852041037		1773.8038967163
-685.2718219515        	2.5852041037		1769.9727704269
-685.2937874311        	2.5852041037		1765.8685340119
-685.3048811033        	2.5852041037		1763.6346654159
-685.3127061070        	2.5852041037		1762.7320826879
-685.3230260388        	2.5852041037		1762.9592865198
-685.3347431641        	2.5852041037		1763.6673118853
-685.3449184627        	2.5852041037		1765.7009307902
-685.3503419826        	2.5852041037		1768.5410601870
-685.3427050570        	2.5852041037		1773.0300431243
-685.3084980535        	2.5852041037		1780.9791803690
-685.2557903575        	2.5852041037		1789.6804399991
-685.2162336592        	2.5852041037		1796.0144495978
-685.1959652317        	2.5852041037		1798.9894547411
-685.2137710700        	2.5852041037		1797.5354218700
-685.2590646686        	2.5852041037		1792.2511399049
-685.3087774624        	2.5852041037		1785.1206719197
-685.3498951532        	2.5852041037		1777.8404384105
-685.3788124695        	2.5852041037		1771.1745966266
-685.3929060454        	2.5852041037		1766.5879081790
-685.3920108509        	2.5852041037		1764.0829927982
-685.3846583968        	2.5852041037		1762.7215522055
-685.3773535639        	2.5852041037		1762.1470795451
-685.3668392717        	2.5852041037		1762.6039857086
-685.3473957728        	2.5852041037		1764.0026380997
-685.3229452889        	2.5852041037		1765.9167722472
-685.3049316456        	2.5852041037		1769.1056866680
-685.2811567388        	2.5852041037		1774.4699218743
-685.2279087244        	2.5852041037		1782.3962946505
-685.1575890806        	2.5852041037		1790.0898404947
-685.1252676980        	2.5852041037		1793.4440043106
-685.1496165845        	2.5852041037		1791.2445990407
-685.1810318481        	2.5852041037		1786.3353396003
-685.1971408414        	2.5852041037		1782.4202656414
-685.1970836627        	2.5852041037		1780.3640984778
-685.1833326884        	2.5852041037		1780.1387626346
-685.1635933594        	2.5852041037		1781.1936469154
-685.1407703521        	2.5852041037		1782.2435308279
-685.1158887482        	2.5852041037		1784.4069444854
-685.0997274612        	2.5852041037		1785.9032422679
-685.1005271542        	2.5852041037		1785.5625924140
-685.1167829391        	2.5852041037		1782.5371846710
-685.1408578219        	2.5852041037		1779.4888606043
-685.1576486722        	2.5852041037		1777.9239410702
-685.1575543886        	2.5852041037		1778.8216131142
-685.1515642927        	2.5852041037		1781.2721267016
-685.1448156883        	2.5852041037		1784.7552733586
-685.1247223454        	2.5852041037		1789.3460512337
-685.0972349422        	2.5852041037		1793.9432276372
-685.0845351572        	2.5852041037		1798.2789782553
-685.0960164751        	2.5852041037		1799.2337317642
-685.1238689216        	2.5852041037		1796.5912117270
-685.1571789419        	2.5852041037		1793.1558009133
-685.1985352672        	2.5852041037		1788.8952755814
-685.2497557382        	2.5852041037		1782.7903217647
-685.2967476174        	2.5852041037		1777.4024699072
-685.3250367623        	2.5852041037		1774.2995004397
-685.3330786022        	2.5852041037		1773.1308967709
-685.3352311278        	2.5852041037		1772.8794227132
-685.3432023856        	2.5852041037		1771.6440728271
-685.3474931623        	2.5852041037		1770.4004141813
-685.3355782203        	2.5852041037		1770.0757676712
-685.3152694523        	2.5852041037		1771.4169812568
-685.3057476349        	2.5852041037		1771.9528802109
-685.3124814985        	2.5852041037		1772.1232362678
-685.3211525591        	2.5852041037		1772.2577170706
-685.3191277430        	2.5852041037		1774.0178287872
-685.3060574129        	2.5852041037		1776.8297736924
-685.2848087765        	2.5852041037		1781.5838443962
-685.2589016793        	2.5852041037		1786.4076754284
-685.2412118080        	2.5852041037		1790.2522675101
-685.2312556741        	2.5852041037		1792.8562622497
-685.2249658961        	2.5852041037		1793.9724144858
-685.2186860924        	2.5852041037		1793.8358390318
-685.2125166447        	2.5852041037		1792.4206112207
-685.2169270523        	2.5852041037		1789.8315314124
-685.2448966442        	2.5852041037		1785.3040488705
-685.2868142774        	2.5852041037		1779.9919590570
-685.3235674865        	2.5852041037		1775.3505435887
-685.3516477219        	2.5852041037		1771.6202484495
-685.3719331910        	2.5852041037		1769.4479223034
-685.3773800670        	2.5852041037		1769.3629994536
-685.3659399896        	2.5852041037		1770.4983454986
-685.3520576547        	2.5852041037		1772.0019756317
-685.3463253450        	2.5852041037		1772.3655099125
-685.3310294726        	2.5852041037		1773.7041750244
-685.3011270785        	2.5852041037		1777.3137760529
-685.2995211805        	2.5852041037		1779.7590592052
-685.3184679546        	2.5852041037		1780.1592526266
-685.3335538840        	2.5852041037		1780.4533298199
-685.3393165781        	2.5852041037		1781.1417628868
-685.3293745325        	2.5852041037		1782.9075320543
-685.3044731654        	2.5852041037		1786.1418409057
-685.2770711857        	2.5852041037		1789.9945634956
-685.2569802126        	2.5852041037		1791.9529754775
-685.2468932195        	2.5852041037		1792.3748216244
-685.2480312656        	2.5852041037		1790.3652640183
-685.2564280221        	2.5852041037		1786.9942130299
-685.2611720355        	2.5852041037		1783.2065790661
-685.2543089540        	2.5852041037		1780.4690038499
-685.2337016820        	2.5852041037		1779.4705488629
-685.2076762849        	2.5852041037		1780.3500267651
-685.1920894403        	2.5852041037		1782.4086024869
-685.1899949492        	2.5852041037		1784.2042837831
-685.1931541656        	2.5852041037		1786.4469928337
-685.1915141776        	2.5852041037		1788.9638037591
-685.1850377198        	2.5852041037		1791.5330447485
-685.1833036478        	2.5852041037		1793.3320183856
-685.1926759705        	2.5852041037		1793.7740806824
-685.2052532763        	2.5852041037		1794.0399261350
-685.2074649896        	2.5852041037		1794.4179544444
-685.1971405488        	2.5852041037		1795.9022611360
-685.1837790614        	2.5852041037		1797.6139906037
-685.1672930545        	2.5852041037		1799.6028083707
-685.1353474116        	2.5852041037		1802.7539566192
-685.0957982401        	2.5852041037		1806.8327487846
-685.0670213679        	2.5852041037		1809.6655243087
-685.0470252720        	2.5852041037		1812.2208412305
-685.0522516095        	2.5852041037		1811.9564594343
-685.0861274675        	2.5852041037		1807.8710831767
-685.1392019170        	2.5852041037		1799.8640888393
-685.1923269597        	2.5852041037		1791.4229049337
-685.2297990830        	2.5852041037		1784.0959165538
-685.2531429748        	2.5852041037		1778.7260834996
-685.2766334419        	2.5852041037		1774.5260930593
-685.3009128450        	2.5852041037		1770.9026388888
-685.3150932070        	2.5852041037		1768.5792905727
-685.3122895269        	2.5852041037		1768.6462854419
-685.2951913056        	2.5852041037		1770.7133122481
-685.2720157746        	2.5852041037		1774.3440501766
-685.2564933028        	2.5852041037		1777.8428401969
-685.2461042801        	2.5852041037		1782.0460432349
-685.2251621627        	2.5852041037		1786.7575957047
-685.1940735522        	2.5852041037		1791.5696275750
-685.1614225902        	2.5852041037		1796.0612473031
-685.1353535483        	2.5852041037		1799.4822558642
-685.1198912069        	2.5852041037		1801.7136219137
-685.1078404562        	2.5852041037		1803.8296820663
-685.0907940788        	2.5852041037		1805.9857715082
-685.0742748283        	2.5852041037		1807.6074592672
-685.0699583766        	2.5852041037		1807.7398186439
-685.0810173630        	2.5852041037		1805.6839733033
-685.0981089755        	2.5852041037		1802.0372735493
-685.1122653391        	2.5852041037		1798.1636387067
-685.1296988538        	2.5852041037		1793.4258844241
-685.1548719182        	2.5852041037		1787.1000036858
-685.1821604876        	2.5852041037		1779.4376624384
-685.2076221095        	2.5852041037		1771.9546390143
-685.2286017726        	2.5852041037		1766.5298064893
-685.2439061554        	2.5852041037		1763.1361878478
-685.2571813103        	2.5852041037		1761.6330013284
-685.2724676347        	2.5852041037		1760.6456721235
-685.2861754177        	2.5852041037		1760.8765512710
-685.2858784229        	2.5852041037		1762.9378196132
-685.2579952372        	2.5852041037		1767.1415242482
-685.2027140276        	2.5852041037		1775.2334910382
-685.1548070667        	2.5852041037		1782.9742234953
-685.1382465989        	2.5852041037		1787.3842527936
-685.1329082545        	2.5852041037		1789.9749830727
-685.1255666518        	2.5852041037		1792.1900679762
-685.1080509867        	2.5852041037		1794.4573240566
-685.0843504263        	2.5852041037		1797.1686304118
-685.0662571135        	2.5852041037		1798.8171227902
-685.0571008577        	2.5852041037		1798.6717003912
-685.0530392400        	2.5852041037		1797.8429840727
-685.0603594593        	2.5852041037		1795.7961497599
-685.0900700692        	2.5852041037		1791.4749521439
-685.1287071193        	2.5852041037		1785.8196644791
-685.1603604634        	2.5852041037		1781.1969592342
-685.1854425900        	2.5852041037		1777.0159649197
-685.2109152314        	2.5852041037		1772.9465360760
-685.2378297825        	2.5852041037		1769.0858226978
-685.2601970372        	2.5852041037		1766.2687753877
-685.2632511167        	2.5852041037		1767.1529816628
-685.2416774598        	2.5852041037		1770.3487541853
-685.2149050027        	2.5852041037		1774.7316341079
-685.2022061144        	2.5852041037		1778.1512380709
-685.1982215547        	2.5852041037		1779.9184033480
-685.1892729422        	2.5852041037		1783.2821962873
-685.1739689001        	2.5852041037		1787.3462745521
-685.1588001789        	2.5852041037		1790.3486356639
-685.1463682738        	2.5852041037		1792.3742003170
-685.1373688319        	2.5852041037		1793.0647035520
-685.1307831773        	2.5852041037		1793.3562368630
-685.1254686729        	2.5852041037		1792.8054654775
-685.1216609980        	2.5852041037		1792.7542782962
-685.1196777357        	2.5852041037		1792.8130321585
-685.1145021096        	2.5852041037		1793.6004838043
-685.0992446810        	2.5852041037		1796.2605995500
-685.0755449081        	2.5852041037		1800.7413263560
-685.0547682021        	2.5852041037		1805.2625558272
-685.0437294286        	2.5852041037		1808.4181815154
-685.0378724779        	2.5852041037		1809.7758823988
-685.0321793610        	2.5852041037		1811.0702246761
-685.0301726760        	2.5852041037		1811.8919456350
-685.0339320791        	2.5852041037		1811.8790337029
-685.0370863744        	2.5852041037		1811.5265865024
-685.0303952586        	2.5852041037		1813.3482564414
-685.0032842155        	2.5852041037		1816.9368833490
-684.9631466502        	2.5852041037		1821.4903254587
-684.9406239946        	2.5852041037		1823.6943103227
-684.9631632180        	2.5852041037		1819.6112490498
-685.0258744166        	2.5852041037		1810.5569965991
-685.1062621720        	2.5852041037		1798.7079489980
-685.1854445977        	2.5852041037		1786.4469853987
-685.2478969488        	2.5852041037		1776.9206734339
-685.2877461388        	2.5852041037		1770.4993658705
-685.3042234220        	2.5852041037		1768.1022768903
-685.2999868529        	2.5852041037		1769.2565175099
-685.2822931804        	2.5852041037		1772.3919621006
-685.2587804522        	2.5852041037		1776.3572172038
-685.2314901801        	2.5852041037		1782.1318447626
-685.1974109100        	2.5852041037		1787.8870110261
-685.1611395212        	2.5852041037		1792.8157991005
-685.1439145960        	2.5852041037		1795.6039554899
-685.1536649952        	2.5852041037		1795.2176887351
-685.1678849792        	2.5852041037		1793.8265639843
-685.1680861034        	2.5852041037		1793.7155577643
-685.1608240627        	2.5852041037		1794.6324668683
-685.1580113548        	2.5852041037		1795.3452642099
-685.1575253509        	2.5852041037		1796.6816681724
-685.1505686244        	2.5852041037		1797.7738073041
-685.1318416339        	2.5852041037		1799.5628887507
-685.1025880633        	2.5852041037		1801.1467496438
-685.0672402176        	2.5852041037		1802.4776075745
-685.0312392501        	2.5852041037		1803.8826082972
-684.9971023130        	2.5852041037		1805.8621697818
-684.9741737634        	2.5852041037		1807.8582049738
-684.9632903891        	2.5852041037		1808.9652936043
-684.9571115243        	2.5852041037		1809.6541806592
-684.9613034475        	2.5852041037		1807.9611369991
-684.9768551486        	2.5852041037		1803.9470526141
-684.9900805302        	2.5852041037		1799.9498464263
-685.0035125055        	2.5852041037		1796.2259956811
-685.0344716792        	2.5852041037		1790.9161062359
-685.0826836749        	2.5852041037		1784.8232915303
-685.1286278294        	2.5852041037		1779.0497458496
-685.1560927142        	2.5852041037		1774.8763627034
-685.1594410005        	2.5852041037		1774.2831302495
-685.1380765296        	2.5852041037		1777.5040353804
-685.0973314661        	2.5852041037		1782.7155175822
-685.0640218104        	2.5852041037		1787.9347239665
-685.0667537822        	2.5852041037		1789.3218811296
-685.0829757490        	2.5852041037		1788.6041977409
-685.0899441464        	2.5852041037		1788.4289485875
-685.0944521099        	2.5852041037		1789.6106096910
-685.0898505127        	2.5852041037		1792.7511676910
-685.0641242882        	2.5852041037		1797.9719565671
-685.0208637329        	2.5852041037		1804.5284286402
-684.9763544100        	2.5852041037		1810.2331316276
-684.9492086971        	2.5852041037		1814.3779823889
-684.9462755338        	2.5852041037		1815.7280835805
-684.9566018543        	2.5852041037		1815.5154202633
-684.9656300466        	2.5852041037		1813.8519955818
-684.9704092316        	2.5852041037		1812.5871725586
-684.9732746316        	2.5852041037		1812.1501650491
-684.9737955520        	2.5852041037		1810.8306077791
-684.9737214377        	2.5852041037		1810.6548803344
-684.9778741105        	2.5852041037		1809.9136570788
-684.9853116888        	2.5852041037		1808.2413127941
-684.9941603998        	2.5852041037		1806.3395347848
-685.0083056636        	2.5852041037		1804.4568538650
-685.0229966349        	2.5852041037		1803.2495464851
-685.0253180972        	2.5852041037		1802.9358741809
-685.0144027591        	2.5852041037		1803.6462294976
-685.0046711625        	2.5852041037		1804.1285818223
-685.0134541750        	2.5852041037		1803.0918393972
-685.0441122309        	2.5852041037		1799.7609956978
-685.0835878829        	2.5852041037		1795.2488670931
-685.1186036104        	2.5852041037		1790.8264793492
-685.1453003713        	2.5852041037		1787.4072921448
-685.1678627385        	2.5852041037		1783.5929080371
-685.1891029410        	2.5852041037		1780.1697129022
-685.2053197243        	2.5852041037		1776.7460426931
-685.2129292770        	2.5852041037		1774.0709831602
-685.2177139987        	2.5852041037		1772.9000783248
-685.2175638540        	2.5852041037		1772.6034179032
-685.2017890165        	2.5852041037		1774.9120439317
-685.1647826917        	2.5852041037		1780.2633832423
-685.1092746453        	2.5852041037		1786.8952344229
-685.0681173245        	2.5852041037		1793.0235371245
-685.0620070937        	2.5852041037		1795.6705699163
-685.0535226018        	2.5852041037		1797.8270495247
-685.0390350213        	2.5852041037		1799.6715112431
-685.0258206019        	2.5852041037		1800.8153761827
-685.0135942249        	2.5852041037		1801.9900364604
-684.9948733552        	2.5852041037		1804.7115978513
-684.9660456180        	2.5852041037		1809.6710209831
-684.9333116157        	2.5852041037		1815.4260791669
-684.9072300382        	2.5852041037		1821.5336641342
-684.8927866104        	2.5852041037		1825.9535927140
-684.8819590742        	2.5852041037		1829.4983466538
-684.8694401514        	2.5852041037		1831.8653073304
-684.8592131245        	2.5852041037		1832.7351601381
-684.8585628392        	2.5852041037		1830.6704671292
-684.8731482232        	2.5852041037		1825.3969276882
-684.9130728781        	2.5852041037		1817.5679368599
-684.9707667432        	2.5852041037		1806.9701267589
-685.0219723108        	2.5852041037		1796.0812673746
-685.0649437849        	2.5852041037		1786.9816915945
-685.1017998589        	2.5852041037		1778.9116704026
-685.1264364133        	2.5852041037		1772.4829383502
-685.1319793929        	2.5852041037		1768.9502245155
-685.1158137420        	2.5852041037		1768.8335301740
-685.0804888166        	2.5852041037		1771.3496384080
-685.0333453425        	2.5852041037		1775.9714911622
-684.9896691645        	2.5852041037		1779.2401525727
-684.9776660181        	2.5852041037		1779.1108778509
-685.0020850327        	2.5852041037		1775.6093593220
-685.0313245283        	2.5852041037		1772.5303426606
-685.0492787315        	2.5852041037		1770.7842213139
-685.0546007051        	2.5852041037		1770.1518613323
-685.0497653362        	2.5852041037		1771.8573445713
-685.0364934400        	2.5852041037		1775.5724757789
-685.0172313168        	2.5852041037		1779.8426632959
-684.9952849890        	2.5852041037		1785.2966264959
-684.9754166506        	2.5852041037		1789.8224677805
-684.9628007194        	2.5852041037		1791.9199420519
-684.9632329539        	2.5852041037		1791.4485663407
-684.9853043692        	2.5852041037		1787.4423969882
-685.0321716119        	2.5852041037		1780.4091595645
-685.0937113407        	2.5852041037		1771.8303723685
-685.1505396955        	2.5852041037		1764.6482782713
-685.1831254403        	2.5852041037		1760.3675955796
-685.1861457087        	2.5852041037		1759.3325904476
-685.1685065695        	2.5852041037		1761.2350153038
-685.1392656708        	2.5852041037		1765.2209258196
-685.1061787345        	2.5852041037		1769.9207126228
-685.0824084806        	2.5852041037		1773.8342724927
-685.0777457296        	2.5852041037		1776.4548813100
-685.0858557086        	2.5852041037		1778.6675468331
-685.0888323291        	2.5852041037		1782.0203843932
-685.0728738344        	2.5852041037		1787.5312961511
-685.0341614807        	2.5852041037		1796.7369124784
-684.9792104622        	2.5852041037		1807.8856263626
-684.9212100433        	2.5852041037		1818.4620926311
-684.8740670929        	2.5852041037		1827.3390118289
-684.8438771627        	2.5852041037		1834.5219675914
-684.8298578317        	2.5852041037		1838.4823916692
-684.8296359677        	2.5852041037		1839.9386981185
-684.8392051313        	2.5852041037		1839.8745253091
-684.8569833715        	2.5852041037		1837.4470980781
-684.8849355247        	2.5852041037		1833.3512570073
-684.9131498155        	2.5852041037		1827.9968120374
-684.9242765945        	2.5852041037		1824.1434882688
-684.9215873843        	2.5852041037		1822.5873726572
-684.9192915667        	2.5852041037		1821.8875346359
-684.9119615589        	2.5852041037		1823.6349327532
-684.8881708441        	2.5852041037		1826.7946456957
-684.8577744447        	2.5852041037		1830.5313499024
-684.8440023834        	2.5852041037		1832.0393481972
-684.8545976057        	2.5852041037		1829.6281998197
-684.8760068216        	2.5852041037		1825.0986773281
-684.8947067400        	2.5852041037		1820.8352940614
-684.9167343714        	2.5852041037		1817.9859748398
-684.9396072329        	2.5852041037		1815.9253915887
-684.9470036092        	2.5852041037		1816.2594926673
-684.9580822316        	2.5852041037		1816.2035535724
-684.9925871369        	2.5852041037		1813.9835215692
-685.0339808917        	2.5852041037		1811.1485508063
-685.0583842344        	2.5852041037		1809.8325773397
-685.0614851524        	2.5852041037		1810.3822052548
-685.0484027271        	2.5852041037		1812.1817592302
-685.0238449129        	2.5852041037		1814.5493049106
-685.0068118312        	2.5852041037		1815.6682701475
-685.0259574970        	2.5852041037		1811.5260086157
-685.0709037903        	2.5852041037		1804.3678517338
-685.1193858819        	2.5852041037		1796.9371809550
-685.1597492593        	2.5852041037		1790.7273769879
-685.1755604301        	2.5852041037		1787.5498544650
-685.1631747617        	2.5852041037		1786.5683036856
-685.1369453853        	2.5852041037		1787.4243603257
-685.1126173916        	2.5852041037		1788.3875982687
-685.0972107060        	2.5852041037		1790.0790826465
-685.0911816596        	2.5852041037		1790.5493059597
-685.0981320453        	2.5852041037		1789.0895546919
-685.1239515994        	2.5852041037		1784.8839288706
-685.1657223265        	2.5852041037		1779.3890682691
-685.2086917688        	2.5852041037		1773.3389745962
-685.2344477709        	2.5852041037		1769.3339397642
-685.2369216850        	2.5852041037		1767.3730308442
-685.2431344450        	2.5852041037		1764.4942225753
-685.2750099833        	2.5852041037		1760.5064830704
-685.3175475406        	2.5852041037		1756.1851535366
-685.3471875834        	2.5852041037		1754.5346497310
-685.3473382288        	2.5852041037		1756.4748148769
-685.3176415327        	2.5852041037		1761.1931950119
-685.2634319927        	2.5852041037		1769.2051119872
-685.2025586493        	2.5852041037		1777.8859267078
-685.1636153108        	2.5852041037		1783.9633915135
-685.1466294575        	2.5852041037		1787.7094324697
-685.1479528360        	2.5852041037		1788.4995520247
-685.1809061241        	2.5852041037		1784.3287417423
-685.2247246194        	2.5852041037		1778.8323560695
-685.2536545267        	2.5852041037		1775.2394407017
-685.2627212177        	2.5852041037		1774.2796957677
-685.2534301084        	2.5852041037		1774.6519044378
-685.2322328981        	2.5852041037		1777.6549605605
-685.2021622726        	2.5852041037		1781.8662066409
-685.1572374780        	2.5852041037		1787.7590157337
-685.1074912125        	2.5852041037		1794.7796504728
-685.0752879695        	2.5852041037		1800.8722576213
-685.0675940278        	2.5852041037		1804.7741443149
-685.0548834667        	2.5852041037		1807.4513670158
-685.0562916768        	2.5852041037		1808.1886750450
-685.0864867785        	2.5852041037		1806.9633054652
-685.1003238585        	2.5852041037		1806.7046152900
-685.1043077271        	2.5852041037		1805.8695741996
-685.1007131649        	2.5852041037		1803.7261351218
-685.1201208713        	2.5852041037		1799.8328535107
-685.1508383539        	2.5852041037		1795.3180724130
-685.1726252940        	2.5852041037		1790.7767574909
-685.1910487680        	2.5852041037		1787.4024060130
-685.2006929386        	2.5852041037		1785.3270704790
-685.1999027234        	2.5852041037		1783.6811041267
-685.1930227674        	2.5852041037		1782.8796890017
-685.1835638900        	2.5852041037		1781.8976202435
-685.1887169783        	2.5852041037		1780.3487998537
-685.2089521746        	2.5852041037		1778.4748782291
-685.2088716733        	2.5852041037		1779.6554320915
-685.1881068541        	2.5852041037		1783.8646048532
-685.1702304845        	2.5852041037		1788.8203514268
-685.1714286166        	2.5852041037		1790.4312150692
-685.1887516940        	2.5852041037		1789.9004605273
-685.2115650748        	2.5852041037		1787.2359051717
-685.2282028849        	2.5852041037		1784.2814785426
-685.2278836226        	2.5852041037		1782.1474130411
-685.2114780358        	2.5852041037		1780.3968121293
-685.1944198413        	2.5852041037		1779.5604926641
-685.1917279065        	2.5852041037		1777.5978598620
-685.1957758176        	2.5852041037		1775.1075425914
-685.1886984310        	2.5852041037		1773.8782957407
-685.1667692000        	2.5852041037		1775.6127323072
-685.1394154974        	2.5852041037		1778.8291334415
-685.1177735382        	2.5852041037		1781.4715590971
-685.1071379809        	2.5852041037		1782.7983456699
-685.1066349422        	2.5852041037		1783.2173314872
-685.1101145405        	2.5852041037		1782.0248350402
-685.1135572796        	2.5852041037		1779.4046141730
-685.1173081232        	2.5852041037		1777.6541266613
-685.1199366840        	2.5852041037		1777.1897850207
-685.1164342224        	2.5852041037		1776.9334701127
-685.1059530185        	2.5852041037		1777.7914430730
-685.0921732032        	2.5852041037		1779.3257092224
-685.0760926020        	2.5852041037		1780.6895125922
-685.0575153532        	2.5852041037		1781.4282098883
-685.0383041996        	2.5852041037		1781.6828532032
-685.0267442590        	2.5852041037		1781.2174199174
-685.0365013267        	2.5852041037		1779.2887121800
-685.0575007920        	2.5852041037		1777.7346277155
-685.0698797394        	2.5852041037		1777.4793220147
-685.0695354369        	2.5852041037		1778.8710097440
-685.0599837740        	2.5852041037		1782.0492737584
-685.0415592393        	2.5852041037		1785.9703869201
-685.0183074150        	2.5852041037		1791.5832833063
-684.9920100114        	2.5852041037		1797.4439851973
-684.9626373032        	2.5852041037		1804.0114332757
-684.9413672030        	2.5852041037		1809.7028971451
-684.9370297270        	2.5852041037		1813.1650923472
-684.9516104206        	2.5852041037		1813.8892035646
-684.9808442679        	2.5852041037		1812.2835625943
-685.0126436136        	2.5852041037		1809.0348068737
-685.0320339004        	2.5852041037		1806.9270904204
-685.0304476444        	2.5852041037		1806.7271272379
-685.0077231687        	2.5852041037		1808.7847693470
-684.9680388744        	2.5852041037		1814.1530587149
-684.9184129622        	2.5852041037		1821.0628082822
-684.8769988088        	2.5852041037		1826.7583757750
-684.8721532547        	2.5852041037		1827.2323482610
-684.9049589645        	2.5852041037		1822.6744336157
-684.9433585055        	2.5852041037		1816.5061157679
-684.9721671614        	2.5852041037		1809.9460726151
-685.0008285061        	2.5852041037		1802.3884620632
-685.0349594000        	2.5852041037		1793.9112499868
-685.0669671482        	2.5852041037		1785.6256044493
-685.0937142338        	2.5852041037		1779.0437871427
-685.1141476812        	2.5852041037		1774.6857392021
-685.1254055958        	2.5852041037		1772.4534635359
-685.1304146372        	2.5852041037		1770.8052012588
-685.1379716726        	2.5852041037		1769.2551739585
-685.1476948627        	2.5852041037		1767.4673004925
-685.1473099753        	2.5852041037		1767.7137557413
-685.1293417957        	2.5852041037		1771.1875799411
-685.1020489029        	2.5852041037		1774.9963683305
-685.0794536056        	2.5852041037		1779.4050652309
-685.0639607754        	2.5852041037		1784.4110609347
-685.0456302870        	2.5852041037		1789.4072365549
-685.0184111273        	2.5852041037		1795.2787176181
-684.9879649738        	2.5852041037		1799.8721699337
-684.9659880163        	2.5852041037		1802.0792885404
-684.9569729221        	2.5852041037		1802.0539986230
-684.9476655231        	2.5852041037		1801.6080671459
-684.9212301609        	2.5852041037		1803.5476095915
-684.8754449515        	2.5852041037		1808.9800877538
-684.8236376583        	2.5852041037		1815.2064930692
-684.7802595842        	2.5852041037		1820.9472210401
-684.7551405808        	2.5852041037		1825.1234545673
-684.7571428659        	2.5852041037		1825.7852147400
-684.7803983458        	2.5852041037		1823.5713957856
-684.8140635579        	2.5852041037		1820.0297843180
-684.8373812797        	2.5852041037		1817.6564240685
-684.8329810137        	2.5852041037		1819.5734499950
-684.8084099697        	2.5852041037		1824.2317194209
-684.7911719766        	2.5852041037		1827.8930078037
-684.7916449197        	2.5852041037		1829.2319362461
-684.7935199954        	2.5852041037		1829.8801852569
-684.7924642497        	2.5852041037		1829.2350957589
-684.8030716816        	2.5852041037		1827.2711657735
-684.8316615713        	2.5852041037		1822.5978116709
-684.8593331488        	2.5852041037		1817.0361012514
-684.8704528111        	2.5852041037		1813.1191890198
-684.8670105022        	2.5852041037		1811.5355405199
-684.8614506070        	2.5852041037		1811.0431814656
-684.8610926570        	2.5852041037		1811.5041904406
-684.8623791162        	2.5852041037		1813.4286555953
-684.8648068321        	2.5852041037		1815.2817124864
-684.8797953723        	2.5852041037		1815.1518397417
-684.9106438418        	2.5852041037		1813.2202053066
-684.9407085636        	2.5852041037		1809.8094494837
-684.9570092295        	2.5852041037		1806.3848661283
-684.9658494676        	2.5852041037		1802.6609185481
-684.9830180582        	2.5852041037		1797.3388438861
-685.0192352235        	2.5852041037		1790.9436926006
-685.0704911134        	2.5852041037		1783.7816073642
-685.1068216727        	2.5852041037		1779.9413866220
-685.1062215597        	2.5852041037		1781.2622773705
-685.0704877382        	2.5852041037		1786.2895886636
-685.0205588607        	2.5852041037		1793.4468109561
-684.9864725222        	2.5852041037		1799.4280971425
-684.9853241485        	2.5852041037		1803.0279027468
-685.0123703350        	2.5852041037		1803.3873082727
-685.0456679522        	2.5852041037		1802.2476452026
-685.0642221082        	2.5852041037		1803.3576108672
-685.0615930612        	2.5852041037		1805.6893371885
-685.0452390825        	2.5852041037		1810.6259709363
-685.0319324380        	2.5852041037		1814.8973167535
-685.0355544652        	2.5852041037		1817.1257599010
-685.0483783811        	2.5852041037		1817.7355660743
-685.0557458875        	2.5852041037		1817.7249725555
-685.0581023655        	2.5852041037		1818.2685234491
-685.0664796477        	2.5852041037		1817.7086272968
-685.0878221070        	2.5852041037		1815.0247274142
-685.1223057235        	2.5852041037		1809.3892640552
-685.1638747521        	2.5852041037		1802.4018561668
-685.1918826557        	2.5852041037		1796.7015802627
-685.1878071646        	2.5852041037		1793.7926233935
-685.1677204178        	2.5852041037		1792.0585837068
-685.1646690764        	2.5852041037		1790.1384627994
-685.1775847857        	2.5852041037		1787.0439271301
-685.2021792921        	2.5852041037		1782.6201081162
-685.2201914695        	2.5852041037		1779.6696705932
-685.2218886284        	2.5852041037		1778.5134699930
-685.2162671739        	2.5852041037		1778.3926229515
-685.2142636822        	2.5852041037		1779.3591308868
-685.2144533309        	2.5852041037		1780.9194339646
-685.2128330574        	2.5852041037		1782.5933363631
-685.2076177594        	2.5852041037		1785.7150620690
-685.1887480650        	2.5852041037		1790.9530886886
-685.1407062260        	2.5852041037		1798.5441458963
-685.0742789842        	2.5852041037		1808.1959450764
-685.0401636148        	2.5852041037		1813.9852030468
-685.0487587822        	2.5852041037		1813.2363316098
-685.0750162898        	2.5852041037		1809.3089970589
-685.0949458047        	2.5852041037		1805.0958886173
-685.0912219356        	2.5852041037		1803.7852389532
-685.0562747090        	2.5852041037		1805.9285903636
-685.0146828956        	2.5852041037		1809.2039317409
-685.0064686377        	2.5852041037		1809.6340881911
-685.0053968786        	2.5852041037		1808.7387486919
-684.9906146731        	2.5852041037		1810.6895412119
-684.9621189592        	2.5852041037		1814.5772977097
-684.9259688945        	2.5852041037		1819.5042466110
-684.9098058935        	2.5852041037		1821.5727559173
-684.9281188740        	2.5852041037		1818.8857347856
-684.9442746342        	2.5852041037		1816.1744285377
-684.9414232388        	2.5852041037		1815.5739698744
-684.9281893304        	2.5852041037		1816.4208178721
-684.9176353371        	2.5852041037		1817.6677855004
-684.9124596995        	2.5852041037		1818.5795840235
-684.9081685281        	2.5852041037		1819.8753160244
-684.9024489350        	2.5852041037		1821.1379050406
-684.8991010726        	2.5852041037		1821.7967217257
-684.9051438775        	2.5852041037		1820.8390008438
-684.9239741626        	2.5852041037		1817.8972391628
-684.9486782441        	2.5852041037		1813.8996970061
-684.9670501385        	2.5852041037		1810.0463531088
-684.9758974308        	2.5852041037		1806.4633730372
-684.9817507278        	2.5852041037		1803.2122126367
-684.9894569583        	2.5852041037		1800.0559987594
-685.0054930835        	2.5852041037		1796.9782585403
-685.0439032788        	2.5852041037		1792.9691524947
-685.0827860306        	2.5852041037		1788.7671819704
-685.1069932259        	2.5852041037		1786.7772875291
-685.1231427201        	2.5852041037		1786.2797752599
-685.1265316554        	2.5852041037		1787.5159501909
-685.1110914018        	2.5852041037		1791.2408286819
-685.0822554987        	2.5852041037		1796.2483744337
-685.0470771979        	2.5852041037		1802.1735630991
-685.0088121228        	2.5852041037		1808.9316872702
-684.9679717812        	2.5852041037		1815.1447268689
-684.9279194265        	2.5852041037		1820.0342795220
-684.9039689507        	2.5852041037		1821.9432762619
-684.9077619208        	2.5852041037		1820.2002391724
-684.9293038229        	2.5852041037		1816.3118427503
-684.9529861873        	2.5852041037		1809.9420806584
-684.9822763133        	2.5852041037		1803.4731220475
-685.0337880082        	2.5852041037		1796.5822678450
-685.0858668299        	2.5852041037		1789.4454928816
-685.1171134951        	2.5852041037		1784.7044469137
-685.1263919798        	2.5852041037		1783.2254421933
-685.1210540921        	2.5852041037		1783.3839036530
-685.1096661939        	2.5852041037		1784.7039555398
-685.0988885843        	2.5852041037		1786.8825352491
-685.0933774037        	2.5852041037		1790.1189833899
-685.0819415504        	2.5852041037		1794.4167401992
-685.0626870586        	2.5852041037		1800.0218185163
-685.0498288593        	2.5852041037		1804.7115223246
-685.0409279064        	2.5852041037		1809.4557940350
-685.0239647116        	2.5852041037		1814.5667537654
-684.9940762539        	2.5852041037		1820.4977040624
-684.9477966153        	2.5852041037		1826.2783652966
-684.8828232372        	2.5852041037		1832.1359772098
-684.8323337803        	2.5852041037		1834.7083217226
-684.8453872305        	2.5852041037		1831.6583980039
-684.9037578823        	2.5852041037		1824.7506383666
-684.9419929572        	2.5852041037		1818.7562596010
-684.9779699883        	2.5852041037		1811.5557266887
-685.0896176121        	2.5852041037		1796.5801666921
-685.2015971894        	2.5852041037		1780.3801384855
-685.2666822231        	2.5852041037		1768.8248242049
-685.3002163621        	2.5852041037		1761.5498419441
-685.3177117746        	2.5852041037		1756.2258879762
-685.3235423306        	2.5852041037		1753.3790931990
-685.3122924709        	2.5852041037		1753.6450061221
-685.2776778410        	2.5852041037		1756.3496562939
-685.2207739077        	2.5852041037		1762.4600592209
-685.1541126040        	2.5852041037		1770.4363135682
-685.1119501174        	2.5852041037		1776.9066740922
-685.0995543864        	2.5852041037		1781.2475470566
-685.0815784072        	2.5852041037		1786.3156747392
-685.0520484778        	2.5852041037		1791.6718882377
-685.0295254326        	2.5852041037		1796.2273550402
-685.0305527807        	2.5852041037		1797.4182315326
-685.0485805239        	2.5852041037		1795.7806366445
-685.0699216162        	2.5852041037		1793.4591065566
-685.0913160987        	2.5852041037		1790.2116280199
-685.1087746750        	2.5852041037		1787.5184260103
-685.1214570326        	2.5852041037		1785.7676752479
-685.1349287004        	2.5852041037		1784.3489366090
-685.1493455070        	2.5852041037		1783.5881901884
-685.1597182375        	2.5852041037		1783.5015473710
-685.1684073217        	2.5852041037		1783.1191015567
-685.1783822219        	2.5852041037		1782.4522984048
-685.1896549885        	2.5852041037		1781.4329096415
-685.1979594272        	2.5852041037		1780.5836451121
-685.1970403684        	2.5852041037		1781.3285666150
-685.1885052005        	2.5852041037		1782.8375106789
-685.1763623419        	2.5852041037		1783.4768824405
-685.1617711013        	2.5852041037		1784.1809280645
-685.1501910171        	2.5852041037		1783.9268081958
-685.1500334327        	2.5852041037		1782.2203933347
-685.1563570071        	2.5852041037		1779.6072874483
-685.1493840839        	2.5852041037		1779.6716826897
-685.1165685141        	2.5852041037		1783.6659252761
-685.0706336959        	2.5852041037		1790.3029756419
-685.0343936608        	2.5852041037		1798.3573050163
-685.0053610724        	2.5852041037		1806.3047113778
-684.9783557004        	2.5852041037		1813.5533825644
-684.9664113273        	2.5852041037		1818.3966521342
-684.9772636357        	2.5852041037		1819.6399486928
-684.9977707166        	2.5852041037		1818.8739197812
-685.0108440298        	2.5852041037		1818.0645934358
-685.0100921554        	2.5852041037		1817.0772224210
-685.0010298705        	2.5852041037		1816.9730150082
-684.9973998162        	2.5852041037		1817.6439975623
-685.0044539142        	2.5852041037		1817.0034649383
-685.0198832356        	2.5852041037		1815.4529254128
-685.0419780595        	2.5852041037		1812.7328130959
-685.0668263252        	2.5852041037		1808.5328771878
-685.0865633377        	2.5852041037		1803.8690754078
-685.0931265400        	2.5852041037		1800.0936100664
-685.0801759181        	2.5852041037		1798.0890661989
-685.0431208574        	2.5852041037		1799.1510336894
-684.9936124987        	2.5852041037		1802.1730632750
-684.9805649984        	2.5852041037		1801.9262308569
-685.0102477365        	2.5852041037		1799.1939195632
-685.0328764128        	2.5852041037		1796.8905531334
-685.0424604407        	2.5852041037		1796.0884562204
-685.0481847889        	2.5852041037		1796.2637027468
-685.0466476208        	2.5852041037		1797.4049783138
-685.0334310841        	2.5852041037		1799.2195303409
-685.0172058138        	2.5852041037		1800.9940934707
-685.0148080647        	2.5852041037		1801.4282780213
-685.0142602697        	2.5852041037		1802.4921211501
-685.0037746673        	2.5852041037		1803.0590501255
-684.9903121642        	2.5852041037		1803.0606252675
-684.9802230361        	2.5852041037		1803.1286427491
-684.9769136199        	2.5852041037		1802.6894184720
-684.9774453051        	2.5852041037		1801.6296930040
-684.9754453213        	2.5852041037		1802.5573183057
-684.9637958545        	2.5852041037		1804.5401982787
-684.9421845000        	2.5852041037		1807.0289342717
-684.9208111692        	2.5852041037		1810.1128560520
-684.9109326677        	2.5852041037		1811.9865543244
-684.9192996339        	2.5852041037		1811.3105599375
-684.9386700675        	2.5852041037		1808.9785644134
-684.9665951029        	2.5852041037		1805.9419773067
-685.0132466923        	2.5852041037		1802.3377612799
-685.0548136990        	2.5852041037		1798.7398780822
-685.0821824033        	2.5852041037		1796.5266555353
-685.0991323944        	2.5852041037		1795.6466208236
-685.1039002755        	2.5852041037		1796.2242529680
-685.0908028159        	2.5852041037		1799.4307044951
-685.0616326947        	2.5852041037		1804.4154304461
-685.0279464570        	2.5852041037		1809.8983173032
-684.9966669885        	2.5852041037		1814.8190242697
-684.9647221710        	2.5852041037		1818.6812281656
-684.9466990650        	2.5852041037		1819.8585602672
-684.9694155161        	2.5852041037		1815.7201231349
-685.0123945156        	2.5852041037		1809.0508943140
-685.0477246546        	2.5852041037		1801.7034821524
-685.0745595158        	2.5852041037		1794.8886280655
-685.0957620138        	2.5852041037		1789.7499776833
-685.1095896650        	2.5852041037		1786.1952572750
-685.1152857867        	2.5852041037		1784.6282577856
-685.1102962749        	2.5852041037		1784.4840552620
-685.0976423629        	2.5852041037		1785.9286354484
-685.0846182252        	2.5852041037		1788.2300202674
-685.0725867733        	2.5852041037		1790.1455494400
-685.0608131571        	2.5852041037		1791.3805897174
-685.0527739750        	2.5852041037		1791.0134013469
-685.0529975043        	2.5852041037		1788.6608311017
-685.0632990279        	2.5852041037		1784.3031659220
-685.0836420573        	2.5852041037		1779.9061736776
-685.1111082923        	2.5852041037		1776.0194105040
-685.1320864279        	2.5852041037		1772.9170208887
-685.1377375657        	2.5852041037		1772.4656028671
-685.1321292025        	2.5852041037		1775.0966938003
-685.1236321367        	2.5852041037		1778.0246129966
-685.1209239940        	2.5852041037		1779.9355517323
-685.1272680027        	2.5852041037		1781.6604424589
-685.1347896794        	2.5852041037		1783.1362923503
-685.1312299199        	2.5852041037		1784.8470319062
-685.1132367443        	2.5852041037		1789.2826577574
-685.0906175836        	2.5852041037		1793.2857901378
-685.0839903928        	2.5852041037		1795.8436961685
-685.0999594568        	2.5852041037		1796.2690349284
-685.1251216642        	2.5852041037		1793.8459711495
-685.1579443880        	2.5852041037		1790.1058499074
-685.2030549050        	2.5852041037		1785.1131109887
-685.2521579353        	2.5852041037		1779.8851593850
-685.2858123549        	2.5852041037		1776.5929310118
-685.2912926630        	2.5852041037		1775.2536210633
-685.2743759784        	2.5852041037		1777.4904296444