Potential energy (Ha)	Kinetic Energy (Ha)	Pressure (GPa)
-627.6515008296        	0.7755612311   		40561.4986489033
-627.9324757440        	0.7755612311		40412.6303516812
-628.6003838248        	0.7755612311		40101.6727645397
-629.1556128585        	0.7755612311		39840.3354788996
-629.5640447683        	0.7755612311		39647.2331401906
-629.8587937205        	0.7755612311		39507.8300437133
-630.0583058810        	0.7755612311		39412.3810421951
-630.1724744143        	0.7755612311		39353.9457319668
-630.2238726243        	0.7755612311		39323.4998420623
-630.2570291078        	0.7755612311		39304.3185062312
-630.3112512466        	0.7755612311		39283.8843718957
-630.3752382613        	0.7755612311		39265.2657511922
-630.4192306324        	0.7755612311		39257.4938361019
-630.4414310527        	0.7755612311		39257.9677131767
-630.4697501751        	0.7755612311		39254.8835781022
-630.5154839098        	0.7755612311		39243.1880823868
-630.5549171712        	0.7755612311		39231.7384562710
-630.5689129106        	0.7755612311		39229.9089735268
-630.5672899611        	0.7755612311		39233.6377307450
-630.5761972030        	0.7755612311		39232.3642376934
-630.5937843093        	0.7755612311		39224.3933068454
-630.6018802754        	0.7755612311		39216.3859759541
-630.6037067323        	0.7755612311		39210.0886227588
-630.6047171387        	0.7755612311		39205.0567377410
-630.6126356265        	0.7755612311		39197.6217224171
-630.6435843730        	0.7755612311		39181.0051585363
-630.6954295350        	0.7755612311		39155.1518094326
-630.7473524118        	0.7755612311		39127.9423988965
-630.7812747318        	0.7755612311		39106.2348807984
-630.7933848944        	0.7755612311		39091.3778981788
-630.7887412724        	0.7755612311		39082.9828964711
-630.7732214567        	0.7755612311		39080.0166368337
-630.7577232628        	0.7755612311		39078.4871320117
-630.7510618223        	0.7755612311		39074.4276089439
-630.7551045956        	0.7755612311		39066.3861775928
-630.7806446235        	0.7755612311		39051.9301380887
-630.8295137784        	0.7755612311		39032.8873552292
-630.8650582174        	0.7755612311		39020.5366600593
-630.8625644308        	0.7755612311		39022.5351801324
-630.8345032598        	0.7755612311		39035.0254372314
-630.8007409713        	0.7755612311		39051.3659852442
-630.7691395218        	0.7755612311		39067.7489615401
-630.7470112134        	0.7755612311		39080.5170116897
-630.7394415473        	0.7755612311		39086.4344752204
-630.7490336202        	0.7755612311		39082.0055122503
-630.7703537923        	0.7755612311		39069.7063910440
-630.7909680086        	0.7755612311		39055.8540514523
-630.8026638894        	0.7755612311		39047.2616342340
-630.8034430455        	0.7755612311		39046.6940306658
-630.8026531988        	0.7755612311		39049.9923691131
-630.8101132944        	0.7755612311		39052.1239554213
-630.8197755584        	0.7755612311		39052.7937138266
-630.8159314187        	0.7755612311		39056.3075502233
-630.7913535483        	0.7755612311		39065.2096870745
-630.7563160958        	0.7755612311		39076.8115252997
-630.7435495298        	0.7755612311		39081.7355568663
-630.7625249032        	0.7755612311		39077.7735653756
-630.7903169470        	0.7755612311		39071.7281930058
-630.8121679112        	0.7755612311		39068.9605698005
-630.8216105276        	0.7755612311		39070.4203597957
-630.8264059217        	0.7755612311		39071.7390247727
-630.8411782152        	0.7755612311		39067.2597373562
-630.8613425031        	0.7755612311		39059.1685107436
-630.8635437357        	0.7755612311		39055.7569473203
-630.8427783464        	0.7755612311		39058.4554320916
-630.8251854424        	0.7755612311		39058.8174213217
-630.8349997057        	0.7755612311		39051.0746517699
-630.8622017273        	0.7755612311		39038.9227706742
-630.8865458267        	0.7755612311		39028.7779702955
-630.8956326732        	0.7755612311		39026.3014815959
-630.8891085887        	0.7755612311		39030.9960739473
-630.8758847163        	0.7755612311		39038.7313730903
-630.8607620035        	0.7755612311		39046.2761756030
-630.8414847963        	0.7755612311		39053.8715465863
-630.8208143390        	0.7755612311		39062.0225025137
-630.8022200339        	0.7755612311		39071.4310843373
-630.7866727937        	0.7755612311		39080.5659757770
-630.7827292226        	0.7755612311		39084.3316177521
-630.7967410485        	0.7755612311		39079.9585938455
-630.8110463665        	0.7755612311		39075.2233353393
-630.8101279877        	0.7755612311		39076.3850978713
-630.8013436920        	0.7755612311		39081.1328544286
-630.7985468030        	0.7755612311		39083.1744493056
-630.8068277260        	0.7755612311		39080.4175841768
-630.8196031655        	0.7755612311		39076.1042987132
-630.8259629470        	0.7755612311		39076.1376024612
-630.8232583645        	0.7755612311		39083.8534671933
-630.8134629720        	0.7755612311		39097.4209455133
-630.7987022453        	0.7755612311		39113.3697706669
-630.7820574154        	0.7755612311		39126.8970102501
-630.7716794152        	0.7755612311		39133.9892763353
-630.7750307145        	0.7755612311		39131.9883888372
-630.7867772539        	0.7755612311		39123.5238641064
-630.7956310204        	0.7755612311		39113.8834910937
-630.7980868751        	0.7755612311		39105.8384323248
-630.8020768409        	0.7755612311		39098.2223380088
-630.8118359437        	0.7755612311		39090.7346903479
-630.8174023598        	0.7755612311		39087.2531395870
-630.8021417563        	0.7755612311		39093.7017164696
-630.7605696690        	0.7755612311		39110.7407606392
-630.7101358163        	0.7755612311		39130.4467277358
-630.6821390299        	0.7755612311		39139.9670070726
-630.6901601531        	0.7755612311		39132.8110200048
-630.7319047347        	0.7755612311		39110.7171160048
-630.7902477936        	0.7755612311		39080.4287290327
-630.8349289728        	0.7755612311		39054.4217998966
-630.8483145909        	0.7755612311		39041.1675454147
-630.8314147496        	0.7755612311		39043.0213481266
-630.7972106486        	0.7755612311		39054.5392573644
-630.7662128692        	0.7755612311		39066.4403680718
-630.7583966661        	0.7755612311		39069.4331274321
-630.7728988566        	0.7755612311		39062.6678803219
-630.7911109780        	0.7755612311		39053.3496725169
-630.8022357548        	0.7755612311		39045.8530738127
-630.8024121763        	0.7755612311		39040.9963522400
-630.7952917429        	0.7755612311		39037.4928567572
-630.7876465944        	0.7755612311		39033.9094422466
-630.7765653845        	0.7755612311		39031.7912100845
-630.7633569880        	0.7755612311		39029.7942352200
-630.7598194540        	0.7755612311		39023.8056624116
-630.7702260785        	0.7755612311		39013.2598536168
-630.7812540141        	0.7755612311		39005.5076193910
-630.7867783146        	0.7755612311		39006.0259571974
-630.7852980169        	0.7755612311		39014.9976794598
-630.7775203977        	0.7755612311		39027.9013632837
-630.7729129351        	0.7755612311		39039.5591517624
-630.7742600546        	0.7755612311		39049.8337944858
-630.7806458248        	0.7755612311		39059.8753564245
-630.7946053167        	0.7755612311		39066.5744640352
-630.8124102409        	0.7755612311		39068.2889926962
-630.8180799437        	0.7755612311		39069.5222781957
-630.8029305232        	0.7755612311		39074.6631732126
-630.7765483711        	0.7755612311		39084.1826443522
-630.7492615842        	0.7755612311		39096.0025914304
-630.7309410834        	0.7755612311		39106.9000903436
-630.7272968105        	0.7755612311		39112.0364930644
-630.7420573278        	0.7755612311		39108.0926978408
-630.7748339127        	0.7755612311		39094.4869914054
-630.8058878931        	0.7755612311		39080.9773712459
-630.8270951175        	0.7755612311		39073.1013986791
-630.8468740684        	0.7755612311		39068.8753154746
-630.8607323470        	0.7755612311		39067.6593323584
-630.8581178883        	0.7755612311		39071.1303555624
-630.8428230825        	0.7755612311		39076.5883190186
-630.8314294913        	0.7755612311		39076.9641404759
-630.8272872746        	0.7755612311		39070.5920997950
-630.8130473917        	0.7755612311		39064.1347380304
-630.7852064082        	0.7755612311		39062.5649366859
-630.7681745859        	0.7755612311		39061.5704266941
-630.7785072158        	0.7755612311		39054.7387485242
-630.8038407535        	0.7755612311		39043.0018456915
-630.8225899666        	0.7755612311		39031.4471633728
-630.8280076136        	0.7755612311		39023.2814128702
-630.8279279889        	0.7755612311		39017.4737605160
-630.8221526173        	0.7755612311		39014.5937030310
-630.8063990586        	0.7755612311		39017.5144386125
-630.7832919471        	0.7755612311		39026.4902870231
-630.7577971663        	0.7755612311		39038.8380824862
-630.7372900367        	0.7755612311		39049.5330001818
-630.7266428081        	0.7755612311		39055.7812492566
-630.7307174111        	0.7755612311		39057.1646360632
-630.7565330199        	0.7755612311		39053.0973113218
-630.7949358998        	0.7755612311		39046.2530906291
-630.8246322559        	0.7755612311		39042.6914367848
-630.8317371247        	0.7755612311		39046.7757174683
-630.8248015942        	0.7755612311		39055.2704040767
-630.8237335601        	0.7755612311		39058.8705548758
-630.8407791794        	0.7755612311		39052.3872277531
-630.8682114659        	0.7755612311		39038.5539470357
-630.8874472924        	0.7755612311		39024.9982946600
-630.8834310760        	0.7755612311		39018.1298653524
-630.8502640126        	0.7755612311		39021.7248041351
-630.7951372895        	0.7755612311		39036.0254458662
-630.7440878266        	0.7755612311		39055.1404065236
-630.7317606870        	0.7755612311		39068.7740869007
-630.7642790775        	0.7755612311		39072.0976130629
-630.8117545796        	0.7755612311		39069.2959964908
-630.8404095947        	0.7755612311		39068.3539067663
-630.8453163260        	0.7755612311		39070.0570642594
-630.8438645540        	0.7755612311		39069.3641760342
-630.8456906347        	0.7755612311		39065.3993257401
-630.8470286112        	0.7755612311		39061.7534343796
-630.8484799435        	0.7755612311		39058.0875315724
-630.8523616953        	0.7755612311		39052.8224534984
-630.8509554396        	0.7755612311		39049.2609476125
-630.8432873589        	0.7755612311		39049.4694531504
-630.8405168799        	0.7755612311		39052.1442893168
-630.8486019857        	0.7755612311		39055.5396161191
-630.8662088205        	0.7755612311		39059.4833503546
-630.8774238810        	0.7755612311		39065.7152663392
-630.8794821381        	0.7755612311		39072.3964783876
-630.8869222585        	0.7755612311		39074.2685285540
-630.8996618366        	0.7755612311		39072.8079661610
-630.9037006032        	0.7755612311		39071.1190784982
-630.9025229699        	0.7755612311		39065.3658695744
-630.9066670457        	0.7755612311		39051.9528209279
-630.9125638799        	0.7755612311		39035.3223170501
-630.9119341451        	0.7755612311		39022.7019462740
-630.9102936894        	0.7755612311		39014.9775620066
-630.9098168083        	0.7755612311		39010.7811067439
-630.8975735853        	0.7755612311		39011.4174851949
-630.8809772990        	0.7755612311		39011.6917273850
-630.8815118436        	0.7755612311		39005.0875100054
-630.8956883189        	0.7755612311		38995.5183977295
-630.9056284961        	0.7755612311		38990.3604147788
-630.8986701110        	0.7755612311		38993.7600259722
-630.8698515289        	0.7755612311		39006.5862053622
-630.8295832765        	0.7755612311		39025.5568741768
-630.8097600518        	0.7755612311		39038.7545400029
-630.8311757466        	0.7755612311		39037.2281110119
-630.8681612889        	0.7755612311		39027.0031504021
-630.8865513085        	0.7755612311		39019.5167876632
-630.8723175869        	0.7755612311		39021.8743758091
-630.8306748642        	0.7755612311		39034.1042582951
-630.7768062188        	0.7755612311		39050.7051649766
-630.7336553656        	0.7755612311		39062.7664913747
-630.7438078220        	0.7755612311		39055.9001502053
-630.8067762363        	0.7755612311		39034.3395634048
-630.8584264174        	0.7755612311		39022.3152196457
-630.8622669824        	0.7755612311		39031.6136835672
-630.8249860243        	0.7755612311		39057.0913465415
-630.7695884075        	0.7755612311		39087.6957210427
-630.7184144561        	0.7755612311		39113.8237140076
-630.6820795013        	0.7755612311		39131.2359727121
-630.6693538891        	0.7755612311		39137.1806382903
-630.6833264850        	0.7755612311		39132.5379766324
-630.7105161553        	0.7755612311		39122.4332800423
-630.7415508815        	0.7755612311		39110.0987759006
-630.7760287695        	0.7755612311		39097.2011006231
-630.8031571341        	0.7755612311		39087.9246701210
-630.7990908912        	0.7755612311		39089.4690230524
-630.7620857206        	0.7755612311		39101.8708718884
-630.7306118936        	0.7755612311		39110.1833743645
-630.7480851852        	0.7755612311		39098.9174521701
-630.7934547976        	0.7755612311		39076.2680031299
-630.8205287161        	0.7755612311		39060.6031642650
-630.8207490542        	0.7755612311		39056.5141143345
-630.8049501573        	0.7755612311		39059.5136401957
-630.7895110156        	0.7755612311		39064.5920162521
-630.7823071714        	0.7755612311		39069.3955577920
-630.7740566318        	0.7755612311		39076.4923753843
-630.7658403075        	0.7755612311		39083.7764927171
-630.7713544894        	0.7755612311		39082.8705397609
-630.7935472726        	0.7755612311		39070.1094130038
-630.8147255600        	0.7755612311		39053.6843236361
-630.8187687088        	0.7755612311		39045.2495093498
-630.8119006635        	0.7755612311		39047.5314227272
-630.8124126972        	0.7755612311		39054.6414935986
-630.8224844262        	0.7755612311		39064.1207002042
-630.8180114245        	0.7755612311		39079.5949127783
-630.8019786112        	0.7755612311		39095.5094404413
-630.8009502278        	0.7755612311		39100.3537696720
-630.8271967987        	0.7755612311		39091.9614483032
-630.8599325306        	0.7755612311		39080.9543028878
-630.8684025645        	0.7755612311		39079.0376898915
-630.8485428931        	0.7755612311		39086.4676211006
-630.8367340822        	0.7755612311		39087.4466202464
-630.8757802119        	0.7755612311		39066.4610744873
-630.9359423053        	0.7755612311		39035.1792411689
-630.9729270291        	0.7755612311		39013.6091786335
-630.9731657811        	0.7755612311		39010.1639927121
-630.9421268873        	0.7755612311		39021.7887871599
-630.9021639673        	0.7755612311		39038.8934452482
-630.8753619235        	0.7755612311		39052.3042341224
-630.8709838216        	0.7755612311		39058.0694268274
-630.8791774228        	0.7755612311		39057.2716447007
-630.8767861745        	0.7755612311		39056.9467503523
-630.8464858681        	0.7755612311		39064.6862585663
-630.7948946265        	0.7755612311		39078.7793109558
-630.7524713269        	0.7755612311		39089.1588980424
-630.7442288692        	0.7755612311		39086.1096900641
-630.7606527263        	0.7755612311		39073.9769400573
-630.7750895447        	0.7755612311		39062.9723864804
-630.7834650498        	0.7755612311		39056.3838899503
-630.7989515490        	0.7755612311		39051.4531090045
-630.8282909917        	0.7755612311		39046.5437497941
-630.8572985522        	0.7755612311		39044.1748090048
-630.8720486722        	0.7755612311		39046.2191784189
-630.8771292958        	0.7755612311		39050.3080007978
-630.8721669411        	0.7755612311		39056.3482890030
-630.8516362617        	0.7755612311		39065.3824022666
-630.8248873335        	0.7755612311		39072.5946913115
-630.8107765003        	0.7755612311		39072.3943578404
-630.8136153923        	0.7755612311		39066.2261999780
-630.8178698926        	0.7755612311		39063.0118652729
-630.8089689618        	0.7755612311		39068.4725570924
-630.7951005634        	0.7755612311		39078.8489111642
-630.7918384278        	0.7755612311		39088.0428610020
-630.7957615743        	0.7755612311		39094.0135554773
-630.8039933411        	0.7755612311		39094.9168831518
-630.8133660097        	0.7755612311		39091.6189094702
-630.8150974681        	0.7755612311		39088.1648127175
-630.8160654710        	0.7755612311		39083.9277946087
-630.8221994880        	0.7755612311		39077.4820197958
-630.8275393355        	0.7755612311		39070.6843914752
-630.8292490008        	0.7755612311		39066.3634798028
-630.8187444967        	0.7755612311		39068.1054788192
-630.7936463410        	0.7755612311		39076.0591347793
-630.7715140474        	0.7755612311		39084.6616808227
-630.7701741561        	0.7755612311		39087.2326351751
-630.7769795147        	0.7755612311		39087.5805594612
-630.7772418413        	0.7755612311		39089.3020230916
-630.7709150857        	0.7755612311		39092.0988911651
-630.7625387703        	0.7755612311		39093.2371585959
-630.7603805346        	0.7755612311		39091.0488797741
-630.7689029154        	0.7755612311		39085.2510995866
-630.7833949367        	0.7755612311		39077.8646370131
-630.7979120990        	0.7755612311		39071.3541845617
-630.8054942245        	0.7755612311		39068.5983061228
-630.8018818238        	0.7755612311		39070.7463299535
-630.7869091044        	0.7755612311		39076.6176962022
-630.7651531950        	0.7755612311		39084.6721619761
-630.7454848372        	0.7755612311		39094.7979769688
-630.7341528983        	0.7755612311		39106.7554487471
-630.7330418475        	0.7755612311		39118.4211819567
-630.7424565916        	0.7755612311		39125.8921015639
-630.7514500712        	0.7755612311		39130.5247493419
-630.7435277531        	0.7755612311		39137.8283601636
-630.7283852208        	0.7755612311		39144.8932626097
-630.7422751221        	0.7755612311		39139.3438300835
-630.7857752516        	0.7755612311		39122.2776462014
-630.8208501306        	0.7755612311		39108.1537500955
-630.8295360057        	0.7755612311		39103.9581589198
-630.8227426335        	0.7755612311		39105.6804719406
-630.8124411827        	0.7755612311		39107.6329825768
-630.7911377677        	0.7755612311		39110.5250852347
-630.7605930127        	0.7755612311		39115.4529962990
-630.7495083314        	0.7755612311		39115.3136964118
-630.7756105485        	0.7755612311		39104.5341939764
-630.8246490147        	0.7755612311		39084.0291920028
-630.8672398081        	0.7755612311		39062.9786905938
-630.8808344005        	0.7755612311		39051.0249829394
-630.8571035509        	0.7755612311		39052.6515740485
-630.8018561454        	0.7755612311		39067.1446399167
-630.7379368519        	0.7755612311		39086.8513416316
-630.6938686452        	0.7755612311		39100.1328758815
-630.6883800717        	0.7755612311		39097.3512212324
-630.7089023755        	0.7755612311		39082.2399562175
-630.7292736742        	0.7755612311		39065.9912477352
-630.7449270231        	0.7755612311		39053.0580970170
-630.7589029083        	0.7755612311		39044.6606546622
-630.7716351543        	0.7755612311		39042.1392486584
-630.7815666883        	0.7755612311		39044.1032975674
-630.7881285194        	0.7755612311		39047.4409417098
-630.7967474672        	0.7755612311		39047.7085154678
-630.8092660392        	0.7755612311		39044.2712024588
-630.8184006428        	0.7755612311		39041.8025653014
-630.8152310546        	0.7755612311		39045.0307931501
-630.8023581349        	0.7755612311		39054.1989077979
-630.7912912651        	0.7755612311		39064.1061722625
-630.7844969487        	0.7755612311		39072.5734289285
-630.7792976185        	0.7755612311		39078.8573997758
-630.7857637786        	0.7755612311		39078.4820196459
-630.8171739876        	0.7755612311		39067.0001081921
-630.8528816036        	0.7755612311		39053.3654360050
-630.8646731316        	0.7755612311		39047.9930762713
-630.8532419052        	0.7755612311		39050.9981684928
-630.8352384666        	0.7755612311		39057.6332441891
-630.8194766767        	0.7755612311		39065.0980790229
-630.7995573763        	0.7755612311		39075.0792827628
-630.7757306541        	0.7755612311		39086.7117813123
-630.7715578125        	0.7755612311		39092.4161081446
-630.7868123279        	0.7755612311		39092.6286391456
-630.7926733001        	0.7755612311		39096.1715323105
-630.7824079011        	0.7755612311		39104.9931936021
-630.7719629395        	0.7755612311		39113.9120074317
-630.7764850941        	0.7755612311		39117.5002091377
-630.7904763516        	0.7755612311		39116.9910432249
-630.8011781467        	0.7755612311		39116.6021728954
-630.8091062205        	0.7755612311		39115.8851831239
-630.8262002911        	0.7755612311		39110.7179860856
-630.8523092243        	0.7755612311		39101.2327118738
-630.8651550035        	0.7755612311		39094.6893519208
-630.8512599320        	0.7755612311		39095.5923952228
-630.8208532573        	0.7755612311		39101.3243287317
-630.7935293258        	0.7755612311		39106.2458165754
-630.7874242692        	0.7755612311		39106.5857460169
-630.7964640469        	0.7755612311		39103.1975672899
-630.8064429779        	0.7755612311		39098.5842179351
-630.8118290581        	0.7755612311		39094.3740953687
-630.8189516826        	0.7755612311		39088.6557041023
-630.8353767189        	0.7755612311		39078.1638704828
-630.8585804075        	0.7755612311		39063.3962836237
-630.8802585392        	0.7755612311		39048.2779225901
-630.8867171439        	0.7755612311		39039.4364341961
-630.8614064362        	0.7755612311		39043.4929028531
-630.8071277827        	0.7755612311		39058.6084918395
-630.7478233470        	0.7755612311		39074.5810706544
-630.7122282928        	0.7755612311		39079.7604015930
-630.7164529345        	0.7755612311		39068.7858770520
-630.7432460636        	0.7755612311		39049.1523048725
-630.7632598256        	0.7755612311		39033.6235357303
-630.7584834488        	0.7755612311		39028.4438378068
-630.7348496301        	0.7755612311		39032.1047283925
-630.7200361009        	0.7755612311		39037.6484704424
-630.7302452821        	0.7755612311		39039.6401150061
-630.7424011060        	0.7755612311		39043.5978717024
-630.7339181394        	0.7755612311		39054.6796500496
-630.7126722371        	0.7755612311		39069.5239963415
-630.6938821997        	0.7755612311		39083.7974682470
-630.6849226258        	0.7755612311		39093.8402978870
-630.6990687754        	0.7755612311		39093.6821008637
-630.7444113180        	0.7755612311		39078.8502469917
-630.8041363549        	0.7755612311		39056.1553270757
-630.8574803981        	0.7755612311		39034.4632794521
-630.8964013101        	0.7755612311		39019.1614379634
-630.9162759053        	0.7755612311		39012.8860336928
-630.9061243810        	0.7755612311		39020.3562710762
-630.8585619768        	0.7755612311		39043.7821588931
-630.7942045421        	0.7755612311		39074.2502825011
-630.7625498779        	0.7755612311		39091.8992483131
-630.7807143556        	0.7755612311		39088.4923783932
-630.8153407061        	0.7755612311		39074.9800731776
-630.8407902560        	0.7755612311		39060.8503780996
-630.8532741771        	0.7755612311		39046.8581072344
-630.8512641951        	0.7755612311		39034.7694529970
-630.8343887071        	0.7755612311		39028.8817408306
-630.8143067986        	0.7755612311		39030.0910448833
-630.8013705285        	0.7755612311		39036.3250272379
-630.7870040185        	0.7755612311		39048.1088367342
-630.7608728104        	0.7755612311		39065.8693852880
-630.7300930255        	0.7755612311		39084.2270779053
-630.7143905150        	0.7755612311		39093.4924143218
-630.7317011723        	0.7755612311		39085.2981987100
-630.7681424770        	0.7755612311		39065.8791335973
-630.7937351917        	0.7755612311		39049.2983162039
-630.7993298730        	0.7755612311		39041.1891097752
-630.7950064895        	0.7755612311		39038.8478067679
-630.7878158444        	0.7755612311		39039.0787714904
-630.7765758540        	0.7755612311		39042.1644473639
-630.7622243436        	0.7755612311		39049.0504704335
-630.7549511668        	0.7755612311		39056.5599909389
-630.7646791903        	0.7755612311		39060.6870487656
-630.7782897902        	0.7755612311		39065.4793268948
-630.7787142236        	0.7755612311		39076.8865068893
-630.7724328327        	0.7755612311		39091.6826926053
-630.7725064589        	0.7755612311		39103.2783018433
-630.7867771518        	0.7755612311		39105.9096479418
-630.8175957723        	0.7755612311		39097.2516844405
-630.8577238230        	0.7755612311		39081.3265921764
-630.8905918149        	0.7755612311		39065.9456261524
-630.9008968248        	0.7755612311		39057.0462522728
-630.8976558624        	0.7755612311		39051.8302805808
-630.8957749243        	0.7755612311		39045.1361961970
-630.8957800517        	0.7755612311		39036.9367327695
-630.8853032421        	0.7755612311		39033.6082807418
-630.8572108796        	0.7755612311		39041.8288773890
-630.8123921794        	0.7755612311		39062.6110459590
-630.7619360923        	0.7755612311		39089.6341865423
-630.7304464377        	0.7755612311		39111.2497867043
-630.7322159969        	0.7755612311		39120.0581525316
-630.7595834525        	0.7755612311		39116.0530000640
-630.7876268832        	0.7755612311		39105.9717742300
-630.7913491577        	0.7755612311		39100.5404666765
-630.7677227292        	0.7755612311		39104.2909149801
-630.7283090413        	0.7755612311		39113.0586985510
-630.7044994193        	0.7755612311		39115.1940495798
-630.7224075120        	0.7755612311		39101.1204478312
-630.7691034489        	0.7755612311		39076.6524191018
-630.8181696389        	0.7755612311		39053.6062536785
-630.8478859430        	0.7755612311		39041.5264032816
-630.8515882210        	0.7755612311		39042.2402461427
-630.8387640692        	0.7755612311		39051.0810572667
-630.8209274023        	0.7755612311		39063.1671133846
-630.8100922059        	0.7755612311		39075.2748050734
-630.8096959722        	0.7755612311		39085.2932171353
-630.8145119524        	0.7755612311		39092.3434636416
-630.8226605389        	0.7755612311		39093.7762785259
-630.8290859699        	0.7755612311		39089.0950286780
-630.8221178599        	0.7755612311		39082.4519608348
-630.8077465165        	0.7755612311		39075.2604190123
-630.7998421299        	0.7755612311		39066.4762237282
-630.8024028040        	0.7755612311		39057.7435009788
-630.8125573427        	0.7755612311		39052.1160088239
-630.8179458082        	0.7755612311		39053.6939514983
-630.8089458165        	0.7755612311		39063.0756011733
-630.7875147514        	0.7755612311		39076.4642983848
-630.7631560397        	0.7755612311		39088.7682457979
-630.7406608787        	0.7755612311		39098.0758765736
-630.7112829560        	0.7755612311		39108.3147613026
-630.6747560053        	0.7755612311		39119.2188333608
-630.6535741726        	0.7755612311		39122.6931908744
-630.6613846464        	0.7755612311		39113.9738750709
-630.6922145821        	0.7755612311		39096.6607646451
-630.7326079312        	0.7755612311		39076.7899629822
-630.7697438322        	0.7755612311		39059.4355273540
-630.7967460062        	0.7755612311		39047.5198299987
-630.8071208059        	0.7755612311		39042.6275361227
-630.7999494642        	0.7755612311		39044.7661309050
-630.7839166119        	0.7755612311		39052.1728971252
-630.7742008034        	0.7755612311		39059.1987867963
-630.7785491208        	0.7755612311		39062.3543280786
-630.7976778686        	0.7755612311		39060.4581161091
-630.8302723888        	0.7755612311		39053.4183123305
-630.8742208729        	0.7755612311		39040.3242085352
-630.9218301438        	0.7755612311		39025.0601408615
-630.9563291478        	0.7755612311		39014.6530608707
-630.9628951200        	0.7755612311		39015.2052839841
-630.9377161907        	0.7755612311		39028.4098848341
-630.8869525234        	0.7755612311		39050.8697043740
-630.8346475071        	0.7755612311		39071.0747616456
-630.8066923927        	0.7755612311		39077.5576075659
-630.8028681975        	0.7755612311		39070.7178753212
-630.8087680672        	0.7755612311		39058.1090801634
-630.8256670588        	0.7755612311		39044.8264783218
-630.8502094818        	0.7755612311		39034.6994293702
-630.8631254705        	0.7755612311		39031.9067837651
-630.8587751185        	0.7755612311		39035.7736554205
-630.8482497734        	0.7755612311		39040.2673800586
-630.8503701166        	0.7755612311		39039.5785918571
-630.8694684184        	0.7755612311		39032.8054002554
-630.8912282190        	0.7755612311		39024.8626625018
-630.8997234492        	0.7755612311		39020.9714093138
-630.8845463984        	0.7755612311		39025.5425931256
-630.8474904714        	0.7755612311		39039.5194304526
-630.8052373806        	0.7755612311		39058.6878585216
-630.7730042929        	0.7755612311		39078.7713117003
-630.7494235347        	0.7755612311		39096.7549622094
-630.7377581916        	0.7755612311		39108.2360884390
-630.7441229725        	0.7755612311		39110.9302445293
-630.7662769785        	0.7755612311		39106.2519194186
-630.7940671605        	0.7755612311		39098.0574446194
-630.8148036771        	0.7755612311		39092.1834060285
-630.8237252536        	0.7755612311		39090.7613789822
-630.8315847507        	0.7755612311		39089.8153717653
-630.8568506837        	0.7755612311		39080.3510928411
-630.9019254425        	0.7755612311		39061.0310037083
-630.9432629878        	0.7755612311		39041.0344306399
-630.9544425372        	0.7755612311		39033.3907741407
-630.9240175817        	0.7755612311		39044.2066865574
-630.8683880073        	0.7755612311		39067.2504699069
-630.8210712645        	0.7755612311		39087.0186516591
-630.7949060321        	0.7755612311		39095.8664100011
-630.7834301064        	0.7755612311		39096.2453111898
-630.7911580179        	0.7755612311		39088.5801471708
-630.8144236317        	0.7755612311		39075.8643828156
-630.8328193548        	0.7755612311		39064.3971172312
-630.8358250076        	0.7755612311		39057.6283528901
-630.8381902229        	0.7755612311		39049.7415031015
-630.8579228254        	0.7755612311		39035.4664313778
-630.8862795562        	0.7755612311		39018.9484325429
-630.9010635269        	0.7755612311		39009.8142071955
-630.8875270097        	0.7755612311		39014.9213383318
-630.8419516069        	0.7755612311		39034.1804516532
-630.7757469083        	0.7755612311		39060.6501369710
-630.7227929002        	0.7755612311		39079.9899010903
-630.7086294909        	0.7755612311		39083.0760018342
-630.7230756050        	0.7755612311		39075.4186739146
-630.7495916191        	0.7755612311		39065.4442222972
-630.7701929628        	0.7755612311		39058.6117376854
-630.7756762928        	0.7755612311		39056.0043883019
-630.7729295534        	0.7755612311		39053.2753442160
-630.7765863536        	0.7755612311		39044.7998796038
-630.7970171686        	0.7755612311		39028.6541617235
-630.8270832154        	0.7755612311		39010.2524469435
-630.8450498486        	0.7755612311		38999.9881905883
-630.8434366688        	0.7755612311		39002.4400280555
-630.8313223671        	0.7755612311		39014.0837685925
-630.8117339170        	0.7755612311		39032.1801528599
-630.7900999871        	0.7755612311		39051.0208559534
-630.7805411563        	0.7755612311		39062.5708593767
-630.7957150204        	0.7755612311		39061.3662062890
-630.8341233629        	0.7755612311		39048.1311678512
-630.8772924470        	0.7755612311		39030.9738973773
-630.9006077187        	0.7755612311		39022.0626511822
-630.8900778949        	0.7755612311		39027.3769181505
-630.8535044155        	0.7755612311		39043.6368104060
-630.8117186853        	0.7755612311		39062.0882563704
-630.7790227306        	0.7755612311		39077.1387398853
-630.7628193561        	0.7755612311		39086.9109284100
-630.7685515402        	0.7755612311		39088.3483119611
-630.8003346935        	0.7755612311		39078.5806438083
-630.8377737939        	0.7755612311		39065.5911781124
-630.8469305290        	0.7755612311		39063.0459988533
-630.8185055167        	0.7755612311		39074.6208136853
-630.7734871223        	0.7755612311		39092.6770484744
-630.7378774304        	0.7755612311		39107.4268936510
-630.7278935558        	0.7755612311		39112.7064424367
-630.7514285180        	0.7755612311		39106.7873013314
-630.7842679842        	0.7755612311		39097.5276730552
-630.7944862613        	0.7755612311		39094.8147807628
-630.7774626180        	0.7755612311		39099.3164002163
-630.7491679322        	0.7755612311		39105.0189490849
-630.7312129943        	0.7755612311		39104.1868839192
-630.7356944960        	0.7755612311		39094.1901918313
-630.7561464090        	0.7755612311		39078.8502044812
-630.7780248254        	0.7755612311		39065.6176694487
-630.7877480893        	0.7755612311		39060.4032882223
-630.7841325355        	0.7755612311		39064.5051294236
-630.7875412775        	0.7755612311		39070.2771719348
-630.8111255299        	0.7755612311		39069.0299923293
-630.8403211425        	0.7755612311		39062.1856648062
-630.8586141046        	0.7755612311		39054.6213643152
-630.8684514428        	0.7755612311		39046.9213524631
-630.8745600276        	0.7755612311		39039.3190613534
-630.8718698702        	0.7755612311		39035.7261413965
-630.8606040168        	0.7755612311		39037.2545674517
-630.8529344528        	0.7755612311		39039.4619047746
-630.8570206820        	0.7755612311		39038.6467159596
-630.8651996598        	0.7755612311		39038.9823747204
-630.8598820588        	0.7755612311		39046.9656022456
-630.8332016533        	0.7755612311		39064.3255535604
-630.7943706473        	0.7755612311		39085.7170290664
-630.7616593886        	0.7755612311		39102.3998956419
-630.7605844198        	0.7755612311		39102.3365766795
-630.7997215116        	0.7755612311		39082.4076266590
-630.8503259166        	0.7755612311		39055.6199287924
-630.8841003383        	0.7755612311		39035.3864638484
-630.8957177482        	0.7755612311		39026.0656699585
-630.8877132040        	0.7755612311		39027.5512314206
-630.8636950779        	0.7755612311		39036.6204407602
-630.8343096398        	0.7755612311		39048.9585481715
-630.8138325835        	0.7755612311		39059.9286515076
-630.8050624995        	0.7755612311		39068.7410861627
-630.7975253668        	0.7755612311		39077.6665378505
-630.7857380745        	0.7755612311		39086.3903707181
-630.7780303207        	0.7755612311		39090.6763467690
-630.7816618966        	0.7755612311		39088.9369934146
-630.7969288846        	0.7755612311		39081.5855556503
-630.8146190913        	0.7755612311		39070.9226319354
-630.8165264936        	0.7755612311		39063.6796072548
-630.7975109392        	0.7755612311		39064.2882841511
-630.7739447317        	0.7755612311		39070.0859876206
-630.7642949669        	0.7755612311		39074.8961186584
-630.7802568342        	0.7755612311		39073.1926533657
-630.8203312450        	0.7755612311		39063.3906853071
-630.8622587191        	0.7755612311		39051.2612197872
-630.8782733303        	0.7755612311		39045.6069584928
-630.8639372921        	0.7755612311		39046.8628136380
-630.8377802885        	0.7755612311		39049.0974866537
-630.8143574370        	0.7755612311		39047.9422547862
-630.7960092633        	0.7755612311		39046.2406280262
-630.7754246324        	0.7755612311		39048.0427515867
-630.7499409084        	0.7755612311		39053.4193757762
-630.7342741024        	0.7755612311		39056.7910837840
-630.7429274228        	0.7755612311		39052.5771499392
-630.7683305143        	0.7755612311		39043.1274250968
-630.7940950071        	0.7755612311		39032.4374041703
-630.8138640612        	0.7755612311		39023.4003197158
-630.8250821076        	0.7755612311		39018.8531146344
-630.8259139786        	0.7755612311		39020.4991509999
-630.8178854987        	0.7755612311		39027.2000241332
-630.8084829249        	0.7755612311		39034.7629125817
-630.8055237007        	0.7755612311		39038.4536735776
-630.8058055278        	0.7755612311		39039.2348995455
-630.7936144645        	0.7755612311		39044.9762690120
-630.7594851943        	0.7755612311		39060.6015360846
-630.7188656612        	0.7755612311		39080.3126341209
-630.7069358425        	0.7755612311		39089.2831723445
-630.7361330355        	0.7755612311		39081.6654542495
-630.7692947388        	0.7755612311		39069.1866256824
-630.7784683332        	0.7755612311		39063.2664824276
-630.7670019044        	0.7755612311		39063.7496198957
-630.7551998328        	0.7755612311		39063.3168600559
-630.7569428083        	0.7755612311		39057.5182098926
-630.7794303942        	0.7755612311		39047.5024492537
-630.8068085452        	0.7755612311		39039.3735020972
-630.8157100951        	0.7755612311		39037.5253582438
-630.8144303955        	0.7755612311		39038.6609206984
-630.8124237155        	0.7755612311		39039.1651320238
-630.8078382488        	0.7755612311		39038.4091301897
-630.8042884587        	0.7755612311		39035.2029774348
-630.8263626395        	0.7755612311		39024.8163435763
-630.8784469135        	0.7755612311		39009.2142296304
-630.9260458941        	0.7755612311		38998.5455714077
-630.9383335601        	0.7755612311		39000.6062274766
-630.9097137839        	0.7755612311		39014.9862559757
-630.8594462945        	0.7755612311		39033.3955548976
-630.8181230829        	0.7755612311		39044.9734108410
-630.8102381366        	0.7755612311		39042.2364165692
-630.8306881919        	0.7755612311		39028.9587143259
-630.8491420193        	0.7755612311		39018.7613369922
-630.8460941335        	0.7755612311		39020.4644683407
-630.8261930925        	0.7755612311		39031.2093190801
-630.8052318018        	0.7755612311		39042.8029697302
-630.7888430235        	0.7755612311		39051.0564809463
-630.7818565322        	0.7755612311		39055.0345655681
-630.7802096592        	0.7755612311		39056.3668630779
-630.7740176464        	0.7755612311		39058.9037355531
-630.7746237661        	0.7755612311		39059.5445621045
-630.7940154909        	0.7755612311		39053.6821032816
-630.8224542255        	0.7755612311		39044.9211015297
-630.8371351806        	0.7755612311		39042.2781746977
-630.8298869082        	0.7755612311		39048.4491625733
-630.8220133476        	0.7755612311		39056.3049749465
-630.8227362886        	0.7755612311		39061.1960710907
-630.8192269184        	0.7755612311		39067.0123538285
-630.8109879744        	0.7755612311		39074.6907509836
-630.8042698699        	0.7755612311		39082.1484668747
-630.8113935622        	0.7755612311		39083.4528950761
-630.8350736720        	0.7755612311		39076.7632709820
-630.8566064273        	0.7755612311		39069.8581716052
-630.8579096907        	0.7755612311		39070.2595833553
-630.8386349277        	0.7755612311		39077.0495437084
-630.8186826557        	0.7755612311		39082.7426771323
-630.8142819625        	0.7755612311		39083.1338868654
-630.8144257596        	0.7755612311		39083.5700675522
-630.8134994462        	0.7755612311		39086.9259222421
-630.8150329778        	0.7755612311		39091.0825237602
-630.8169199643        	0.7755612311		39093.9976261340
-630.8113182649        	0.7755612311		39098.8304027409
-630.7820564171        	0.7755612311		39112.4303266032
-630.7278179110        	0.7755612311		39136.3993740559
-630.6809864394        	0.7755612311		39158.6838083630
-630.6707928145        	0.7755612311		39164.9910615498
-630.6958389069        	0.7755612311		39153.5806542794
-630.7346054973        	0.7755612311		39133.0100868638
-630.7726022673        	0.7755612311		39109.2650053239
-630.8046627628        	0.7755612311		39083.5044999878
-630.8266068944        	0.7755612311		39058.5128366279
-630.8322758684        	0.7755612311		39040.6304768360
-630.8197138828        	0.7755612311		39035.7066168576
-630.7991487557        	0.7755612311		39041.9874845577
-630.7873908473        	0.7755612311		39051.6316642293
-630.7899726978        	0.7755612311		39058.7296364276
-630.7981977039        	0.7755612311		39063.2053410695
-630.8061890924        	0.7755612311		39065.4669068747
-630.8145036531        	0.7755612311		39065.2926548827
-630.8170571763        	0.7755612311		39066.0434297539
-630.8037162658        	0.7755612311		39071.3650299841
-630.7788307067        	0.7755612311		39079.5499591504
-630.7645108248        	0.7755612311		39082.8002464936
-630.7704651840        	0.7755612311		39078.2398528915
-630.7826843017        	0.7755612311		39070.7874924555
-630.7948641210        	0.7755612311		39063.6707038697
-630.8070123756        	0.7755612311		39058.1848575647
-630.8151628610        	0.7755612311		39056.0470655457
-630.8184800695        	0.7755612311		39058.6602237706
-630.8114484728        	0.7755612311		39067.3064590744
-630.7940996083        	0.7755612311		39079.4389862667
-630.7840870662        	0.7755612311		39087.5619089841
-630.7833594239        	0.7755612311		39090.1121599800
-630.7712226846        	0.7755612311		39093.6453020998
-630.7458273806        	0.7755612311		39099.6707715842
-630.7231246156        	0.7755612311		39103.7542158603
-630.7220511711        	0.7755612311		39100.1485946134
-630.7490808037        	0.7755612311		39086.6846975654
-630.7856857946        	0.7755612311		39069.6976626709
-630.8068955594        	0.7755612311		39059.9685023277
-630.7979596639        	0.7755612311		39064.3713558966
-630.7571091743        	0.7755612311		39083.8394847132
-630.7193948181        	0.7755612311		39105.4515419459
-630.7151069292        	0.7755612311		39114.9802277979
-630.7348941968        	0.7755612311		39110.8654254154
-630.7571495155        	0.7755612311		39101.7246501932
-630.7637274525        	0.7755612311		39096.7151758707
-630.7528322407        	0.7755612311		39097.5538623351
-630.7419991989        	0.7755612311		39098.9280863210
-630.7551148706        	0.7755612311		39092.9280559266
-630.7908544925        	0.7755612311		39078.3416622533
-630.8249487754        	0.7755612311		39062.9032290446
-630.8411820104        	0.7755612311		39054.2022789794
-630.8407301141        	0.7755612311		39053.5378488976
-630.8238534000        	0.7755612311		39059.3965784050
-630.7981398056        	0.7755612311		39068.2113817106
-630.7782851792        	0.7755612311		39075.3849757993
-630.7595765196        	0.7755612311		39081.5582273744
-630.7344693035        	0.7755612311		39089.7861756986
-630.7152880255        	0.7755612311		39096.6287794233
-630.7143895373        	0.7755612311		39097.2347765197
-630.7238295163        	0.7755612311		39094.3422866487
-630.7313461243        	0.7755612311		39092.7820865641
-630.7420241129        	0.7755612311		39090.9404334260
-630.7668454933        	0.7755612311		39083.8952129822
-630.7956901032        	0.7755612311		39075.6091563745
-630.8084891616        	0.7755612311		39074.2663802528
-630.7945126743        	0.7755612311		39082.9206184831
-630.7655202050        	0.7755612311		39096.2645795608
-630.7503026649        	0.7755612311		39103.9761422578
-630.7665061189        	0.7755612311		39097.9854770961
-630.8102910296        	0.7755612311		39079.0834194121
-630.8662234635        	0.7755612311		39052.7738753377
-630.9135265363        	0.7755612311		39027.5692300867
-630.9390429467        	0.7755612311		39010.4053064126
-630.9434413823        	0.7755612311		39003.9272388294
-630.9303312070        	0.7755612311		39009.3782787593
-630.8940349945        	0.7755612311		39026.7012116630
-630.8422136850        	0.7755612311		39050.4030757257
-630.8037542553        	0.7755612311		39069.7506413063
-630.7925445472        	0.7755612311		39077.9633615914
-630.7925433124        	0.7755612311		39080.8822553537
-630.7814153426        	0.7755612311		39087.8331358329
-630.7544549723        	0.7755612311		39100.2281054083
-630.7240941533        	0.7755612311		39111.8595576115
-630.7061718334        	0.7755612311		39117.2143997864
-630.7058544486        	0.7755612311		39114.6930246971
-630.7221737154        	0.7755612311		39105.4001913698
-630.7507249741        	0.7755612311		39089.9298751615
-630.7799845508        	0.7755612311		39073.3881588656
-630.7964496792        	0.7755612311		39062.6707910782
-630.8018332695        	0.7755612311		39059.2608641851
-630.8123808736        	0.7755612311		39058.3441087262
-630.8337754156        	0.7755612311		39057.0177636152
-630.8499719371        	0.7755612311		39058.1591589438
-630.8404480346        	0.7755612311		39067.9165782826
-630.7958373374        	0.7755612311		39088.4659614836
-630.7324516582        	0.7755612311		39114.4891793880
-630.6815984257        	0.7755612311		39134.8173772609
-630.6551438283        	0.7755612311		39145.4029769410
-630.6535412009        	0.7755612311		39147.9603760040
-630.6711664653        	0.7755612311		39144.1364146461
-630.6963500157        	0.7755612311		39135.7198790671
-630.7300322788        	0.7755612311		39122.1956015339
-630.7679913948        	0.7755612311		39105.2779538708
-630.7977566840        	0.7755612311		39089.4601785579
-630.8108870370        	0.7755612311		39079.7394069737
-630.8094037709        	0.7755612311		39077.4250926047
-630.8013649454        	0.7755612311		39081.6799386387
-630.7894254288        	0.7755612311		39090.6746425882
-630.7754377239        	0.7755612311		39102.4624683857
-630.7709120300        	0.7755612311		39111.6552116499
-630.7802748252        	0.7755612311		39113.3076092563
-630.7961722557        	0.7755612311		39109.7617069304
-630.8086069408        	0.7755612311		39105.5829311228
-630.8159096854        	0.7755612311		39102.0436452328
-630.8349163585        	0.7755612311		39092.6531698572
-630.8750866262        	0.7755612311		39075.4250543361
-630.9093768455        	0.7755612311		39061.7913106153
-630.9159623167        	0.7755612311		39058.3144330919
-630.9069226320        	0.7755612311		39058.7109711215
-630.9012412546        	0.7755612311		39054.4785241895
-630.8980983235        	0.7755612311		39048.2258996993
-630.8889191476        	0.7755612311		39046.5503059105
-630.8715744329        	0.7755612311		39052.5649972083
-630.8585637659        	0.7755612311		39061.3360499052
-630.8617984871        	0.7755612311		39066.2582923318
-630.8700046009        	0.7755612311		39068.4183047990
-630.8623156397        	0.7755612311		39074.3009203105
-630.8325527676        	0.7755612311		39085.2106508821
-630.7996497235        	0.7755612311		39093.8518257804
-630.7955924412        	0.7755612311		39088.4096872496
-630.8272731890        	0.7755612311		39069.0538169237
-630.8671374118        	0.7755612311		39048.1471277882
-630.8926581472        	0.7755612311		39033.6938001219
-630.9044014077        	0.7755612311		39025.1476120491
-630.9101421757        	0.7755612311		39018.7315892871
-630.9066556931        	0.7755612311		39016.1361577097
-630.8909400495        	0.7755612311		39019.6752699317
-630.8748998983        	0.7755612311		39027.7112869812
-630.8688011206        	0.7755612311		39036.3918162253
-630.8633192363        	0.7755612311		39046.6909224136
-630.8452369322        	0.7755612311		39060.2924020902
-630.8180152958        	0.7755612311		39073.6771427132
-630.8003850798        	0.7755612311		39078.6506168316
-630.8102966609        	0.7755612311		39070.3957784977
-630.8399796077        	0.7755612311		39054.2111447589
-630.8612354948        	0.7755612311		39043.1386552298
-630.8511083581        	0.7755612311		39046.1514628469
-630.8032493287        	0.7755612311		39064.6844868698
-630.7296608761        	0.7755612311		39094.3904513190
-630.6646115563        	0.7755612311		39122.5390181236
-630.6425937471        	0.7755612311		39133.8734397691
-630.6716890807        	0.7755612311		39123.1958104345
-630.7342297032        	0.7755612311		39096.7525828243
-630.7920188334        	0.7755612311		39069.8262116925
-630.8167556169        	0.7755612311		39054.9470509457
-630.8133471960        	0.7755612311		39052.5591618632
-630.8072666937        	0.7755612311		39055.0832787487
-630.8054261051        	0.7755612311		39060.3320933489
-630.7948470999        	0.7755612311		39071.5849237323
-630.7754836753        	0.7755612311		39087.1810448366
-630.7693612921        	0.7755612311		39095.6891020634
-630.7944978811        	0.7755612311		39087.9735562718
-630.8366055500        	0.7755612311		39069.5459749500
-630.8659482784        	0.7755612311		39054.9161552870
-630.8673913498        	0.7755612311		39053.4584932063
-630.8507610383        	0.7755612311		39062.9691547061
-630.8378407481        	0.7755612311		39073.8631530837
-630.8367370453        	0.7755612311		39080.5201825179
-630.8362699137        	0.7755612311		39084.0643525686
-630.8241675630        	0.7755612311		39088.2733926725
-630.8021714515        	0.7755612311		39093.1842287235
-630.7820710249        	0.7755612311		39094.9431764817
-630.7902253425        	0.7755612311		39086.8539769282
-630.8255185380        	0.7755612311		39070.5816324810
-630.8514509572        	0.7755612311		39057.8683518855
-630.8696204406        	0.7755612311		39049.2897637937
-630.8925499047        	0.7755612311		39042.0539296957
-630.9144574826        	0.7755612311		39038.2799792382
-630.9205829009        	0.7755612311		39042.9008639778
-630.9009286582        	0.7755612311		39056.1518857576
-630.8655063141        	0.7755612311		39071.0482391823
-630.8374023004        	0.7755612311		39078.6487662172
-630.8267326600        	0.7755612311		39077.0064703684
-630.8248493678        	0.7755612311		39072.0792126255
-630.8223717695        	0.7755612311		39067.3285694383
-630.8233388081        	0.7755612311		39061.0384289544
-630.8349121928        	0.7755612311		39052.1929211900
-630.8503311633        	0.7755612311		39043.9778542501
-630.8551469252        	0.7755612311		39041.4066125048
-630.8463734966        	0.7755612311		39044.3797239282
-630.8325507325        	0.7755612311		39049.0115124255
-630.8220698295        	0.7755612311		39052.2521226412
-630.8149967439        	0.7755612311		39054.6629836614
-630.8039785992        	0.7755612311		39058.0995795683
-630.7897772266        	0.7755612311		39061.9165026960
-630.7890138905        	0.7755612311		39059.8595976079
-630.8135143175        	0.7755612311		39048.1042427472
-630.8555766795        	0.7755612311		39030.1562434819
-630.9018294090        	0.7755612311		39011.4728461094
-630.9401384589        	0.7755612311		38997.0597498491
-630.9610086422        	0.7755612311		38990.4458433674
-630.9522421143        	0.7755612311		38995.8958383245
-630.9038258270        	0.7755612311		39015.2536690144
-630.8312838750        	0.7755612311		39043.0294697315
-630.7808907354        	0.7755612311		39064.4095811954
-630.7783398348        	0.7755612311		39069.7752574691
-630.8047634974        	0.7755612311		39064.0043270707
-630.8356247299        	0.7755612311		39054.1998350277
-630.8632817748        	0.7755612311		39045.8962928175
-630.8821735533        	0.7755612311		39042.0756701239
-630.8858862428        	0.7755612311		39044.4421773090
-630.8779535665        	0.7755612311		39050.1575613036
-630.8695635412        	0.7755612311		39053.4668947003
-630.8691780309        	0.7755612311		39051.4478096189
-630.8740162106        	0.7755612311		39046.1521918603
-630.8751432641        	0.7755612311		39040.7607016196
-630.8680017399        	0.7755612311		39037.4332799033
-630.8569464726        	0.7755612311		39034.6999870524
-630.8500316326        	0.7755612311		39029.4014385204
-630.8590949010        	0.7755612311		39019.3905260329
-630.8846787750        	0.7755612311		39005.8084067783
-630.9051349929        	0.7755612311		38996.7767725587
-630.9072176711        	0.7755612311		38998.6132286249
-630.8973266016        	0.7755612311		39010.1512084069
-630.8841332658        	0.7755612311		39026.2599367456
-630.8702468405        	0.7755612311		39042.2418669452
-630.8617663785        	0.7755612311		39054.6508267732
-630.8603636054        	0.7755612311		39062.8575763118
-630.8579495004        	0.7755612311		39068.8428614906
-630.8518960874        	0.7755612311		39073.5539926270
-630.8502179607        	0.7755612311		39074.2820665421
-630.8589865550        	0.7755612311		39070.8054271517
-630.8686744256        	0.7755612311		39068.4865279009
-630.8627021462        	0.7755612311		39073.6301257425
-630.8413216111        	0.7755612311		39086.4737484571
-630.8203603376        	0.7755612311		39100.5297251713
-630.8180664582        	0.7755612311		39109.1111968162
-630.8383951884        	0.7755612311		39110.9998565231
-630.8687900792        	0.7755612311		39108.5410005117
-630.8966692225        	0.7755612311		39103.1789228047
-630.9150741263        	0.7755612311		39096.9162099968
-630.9199625156        	0.7755612311		39092.3040958323
-630.9107836293        	0.7755612311		39093.2156569360
-630.8951991308        	0.7755612311		39099.1669613489
-630.8783437180        	0.7755612311		39107.8314729898
-630.8514161766        	0.7755612311		39121.1122801968
-630.8142288669        	0.7755612311		39137.8009561844
-630.7906275190        	0.7755612311		39148.7297983325
-630.8041476720        	0.7755612311		39144.5746857969
-630.8457951187        	0.7755612311		39128.3406516458
-630.8877953497        	0.7755612311		39110.8193168958
-630.9146519570        	0.7755612311		39096.1056389247
-630.9282002469        	0.7755612311		39084.1132745889
-630.9287062543        	0.7755612311		39075.5999189171
-630.9126088800        	0.7755612311		39073.4760689852
-630.8889902140        	0.7755612311		39076.6116293954
-630.8725230623        	0.7755612311		39080.6969708312
-630.8603047998        	0.7755612311		39085.9565133109
-630.8495735857        	0.7755612311		39090.1916014271
-630.8509763613        	0.7755612311		39088.3798889987
-630.8592641929        	0.7755612311		39084.6635560891
-630.8543280548        	0.7755612311		39088.9113025004
-630.8366692887        	0.7755612311		39101.4013249929
-630.8244567832        	0.7755612311		39112.6238186011
-630.8196552393        	0.7755612311		39118.6270148186
-630.8045303544        	0.7755612311		39124.6542693425
-630.7705978693        	0.7755612311		39133.6264517741
-630.7352062550        	0.7755612311		39140.6290163442
-630.7266345712        	0.7755612311		39137.2496630538
-630.7457178110        	0.7755612311		39125.0434994303
-630.7701089871        	0.7755612311		39113.5765142277
-630.7917624311        	0.7755612311		39105.3768852016
-630.8151977337        	0.7755612311		39098.3324271032
-630.8432035652        	0.7755612311		39089.8741694793
-630.8742507332        	0.7755612311		39079.4751521137
-630.8971847718        	0.7755612311		39071.0990449608
-630.9035631061        	0.7755612311		39068.9250498189
-630.9030813732        	0.7755612311		39069.8742078516
-630.9045002485        	0.7755612311		39070.5090666049
-630.9014081887        	0.7755612311		39072.9450486905
-630.8848610286        	0.7755612311		39081.8985198623
-630.8559924384        	0.7755612311		39098.6764344290
-630.8300044920        	0.7755612311		39118.5605309308
-630.8184457698        	0.7755612311		39134.5517568024
-630.8192554650        	0.7755612311		39143.3259170703
-630.8272447693        	0.7755612311		39143.2693183328
-630.8399495737        	0.7755612311		39135.0268820497
-630.8563280897        	0.7755612311		39122.0176824014
-630.8678930313        	0.7755612311		39111.5639565357
-630.8667655665        	0.7755612311		39109.6149038857
-630.8646752275        	0.7755612311		39111.6169200630
-630.8832061681        	0.7755612311		39106.1825734388
-630.9255188980        	0.7755612311		39089.8311765688
-630.9666313893        	0.7755612311		39071.8742499913
-630.9795034635        	0.7755612311		39063.5309317490
-630.9566451541        	0.7755612311		39068.4163319628
-630.9082690752        	0.7755612311		39082.2449707936
-630.8616135496        	0.7755612311		39093.0309884639
-630.8503513206        	0.7755612311		39087.4073743231
-630.8804821522        	0.7755612311		39065.7486998410
-630.9212737241        	0.7755612311		39043.2311292176
-630.9430080092        	0.7755612311		39032.3055762325
-630.9422108503        	0.7755612311		39034.4815577998
-630.9282811334        	0.7755612311		39043.9189835566
-630.9035495869        	0.7755612311		39057.4862239258
-630.8659545028        	0.7755612311		39073.9937804848
-630.8242805912        	0.7755612311		39090.0212109993
-630.7975399679        	0.7755612311		39098.1368991231
-630.7985627441        	0.7755612311		39093.5876611955
-630.8249575384        	0.7755612311		39078.2934363096
-630.8581383263        	0.7755612311		39060.2498346992
-630.8801246456        	0.7755612311		39047.0644609298
-630.8888281078        	0.7755612311		39040.4786379388
-630.8879729729        	0.7755612311		39039.8456188572
-630.8739141294        	0.7755612311		39047.9250167463
-630.8460751185        	0.7755612311		39064.1811458331
-630.8121471384        	0.7755612311		39083.8862157496
-630.7802567744        	0.7755612311		39101.9232761453
-630.7649457624        	0.7755612311		39111.6323228798
-630.7814518200        	0.7755612311		39106.5066957563
-630.8189069366        	0.7755612311		39090.6108052330
-630.8518710475        	0.7755612311		39074.7549841789
-630.8729659016        	0.7755612311		39062.9093137734
-630.8907275362        	0.7755612311		39052.8544134162
-630.9067627141        	0.7755612311		39045.3801747345
-630.9205413486        	0.7755612311		39041.5595570964
-630.9322788836        	0.7755612311		39040.3235489970
-630.9378161920        	0.7755612311		39042.3618752312
-630.9363300506        	0.7755612311		39048.2356791651
-630.9265969100        	0.7755612311		39058.6594864771
-630.9095317299        	0.7755612311		39072.8468832863
-630.8943728714        	0.7755612311		39087.2841033880
-630.8887391709        	0.7755612311		39097.3676701305
-630.8970397480        	0.7755612311		39099.1335378142
-630.9105581924        	0.7755612311		39095.4750179883
-630.9094464471        	0.7755612311		39095.3979483206
-630.8847136709        	0.7755612311		39104.2435263952
-630.8472955386        	0.7755612311		39117.4682878170
-630.8233748361        	0.7755612311		39124.0691204562
-630.8320268937        	0.7755612311		39117.0765049973
-630.8530880284        	0.7755612311		39105.6598914658
-630.8484079702        	0.7755612311		39105.1933907469
-630.8177558436        	0.7755612311		39117.6477061687
-630.7963087390        	0.7755612311		39128.6652763830
-630.8158657571        	0.7755612311		39121.4779769884
-630.8617192830        	0.7755612311		39100.3677439440
-630.9016896764        	0.7755612311		39080.2270024699
-630.9253141761        	0.7755612311		39067.8771704289
-630.9365095937        	0.7755612311		39062.1729889327
-630.9466576489        	0.7755612311		39057.6151653546
-630.9668767887        	0.7755612311		39049.0063062232
-630.9973339753        	0.7755612311		39035.4647333491
-631.0234685924        	0.7755612311		39023.2752505492
-631.0276707767        	0.7755612311		39020.5973543939
-631.0064747604        	0.7755612311		39030.1206016478
-630.9709750463        	0.7755612311		39046.1089921276
-630.9354430407        	0.7755612311		39062.1744378440
-630.9122130685        	0.7755612311		39073.1089008342
-630.9162435714        	0.7755612311		39074.2140263151
-630.9486250251        	0.7755612311		39064.3712708611
-630.9799876758        	0.7755612311		39051.8696110838
-630.9911743899        	0.7755612311		39041.7304006267
-630.9913982091        	0.7755612311		39031.4214201994
-630.9947202597        	0.7755612311		39019.3331142026
-631.0015504364        	0.7755612311		39009.0787343585
-631.0077681917        	0.7755612311		39004.8268596750
-631.0174012195        	0.7755612311		39004.1828589496
-631.0343962050        	0.7755612311		39002.6396998259
-631.0514285732        	0.7755612311		39000.0480085253
-631.0583209921        	0.7755612311		38999.3935497062
-631.0518400740        	0.7755612311		39002.3518728620
-631.0376220630        	0.7755612311		39007.8808280233
-631.0235912958        	0.7755612311		39015.2183122385
-631.0139886906        	0.7755612311		39022.8296464160
-631.0049488998        	0.7755612311		39029.9775910226
-630.9951497203        	0.7755612311		39036.5320240493
-630.9847124005        	0.7755612311		39042.6878462094
-630.9696712777        	0.7755612311		39050.1015743474
-630.9541606222        	0.7755612311		39056.8941793372
-630.9505947355        	0.7755612311		39057.5272747851
-630.9679417956        	0.7755612311		39047.9834820606
-631.0010562563        	0.7755612311		39030.7460057027
-631.0282877108        	0.7755612311		39015.5472455882
-631.0352796325        	0.7755612311		39010.4985624049
-631.0276262271        	0.7755612311		39014.0472227616
-631.0149876650        	0.7755612311		39021.6790198580
-630.9955027203        	0.7755612311		39030.9767390432
-630.9606430245        	0.7755612311		39046.2427156514
-630.9073105067        	0.7755612311		39071.3354341012
-630.8477590398        	0.7755612311		39102.2686289046
-630.8134779740        	0.7755612311		39125.2937176301
-630.8243109040        	0.7755612311		39129.3033306922
-630.8713108113        	0.7755612311		39115.1212875122
-630.9378726483        	0.7755612311		39089.7764880646
-630.9989562379        	0.7755612311		39064.1351559464
-631.0291702141        	0.7755612311		39050.5053514658
-631.0174838248        	0.7755612311		39055.8250625884
-630.9810362152        	0.7755612311		39073.2590430054
-630.9571280079        	0.7755612311		39085.7340337711
-630.9505751640        	0.7755612311		39087.4018215369
-630.9349517130        	0.7755612311		39086.6383252622
-630.9141871612        	0.7755612311		39084.5604935249
-630.9086832318        	0.7755612311		39079.3114294854
-630.9196630578        	0.7755612311		39073.4374799228
-630.9367770573        	0.7755612311		39070.1784803148
-630.9504791894        	0.7755612311		39070.5849347716
-630.9658700896        	0.7755612311		39069.5821239618
-630.9881203434        	0.7755612311		39063.2797442041
-631.0003238489        	0.7755612311		39056.8090491998
-630.9855629633        	0.7755612311		39056.3876552056
-630.9496460384        	0.7755612311		39061.0633141276
-630.9162781052        	0.7755612311		39064.0742015092
-630.9055353978        	0.7755612311		39060.3826357380
-630.9139334491        	0.7755612311		39051.3920347112
-630.9238871769        	0.7755612311		39043.7898097780
-630.9232258322        	0.7755612311		39041.6750908085
-630.9151584295        	0.7755612311		39045.1130554131
-630.9100599391        	0.7755612311		39050.4329123110
-630.9102993419        	0.7755612311		39056.0069042582
-630.9058894295        	0.7755612311		39064.6921851194
-630.8897768753        	0.7755612311		39077.7445427973
-630.8697055513        	0.7755612311		39092.1199159169
-630.8572116417        	0.7755612311		39103.5708100879
-630.8514546197        	0.7755612311		39111.8789214527
-630.8440590702        	0.7755612311		39118.2908677073
-630.8361977280        	0.7755612311		39119.3391572759
-630.8395307958        	0.7755612311		39111.9086344253
-630.8561603177        	0.7755612311		39098.1958268015
-630.8736947193        	0.7755612311		39086.9174237125
-630.8796690044        	0.7755612311		39083.1327766777
-630.8697019969        	0.7755612311		39087.2653994646
-630.8462335419        	0.7755612311		39097.4415068459
-630.8197677843        	0.7755612311		39109.5047826453
-630.8064072115        	0.7755612311		39118.3523959919
-630.8107206135        	0.7755612311		39121.2716772441
-630.8215947926        	0.7755612311		39121.5208672807
-630.8310715854        	0.7755612311		39122.5821445216
-630.8406693432        	0.7755612311		39123.5833838238
-630.8508838115        	0.7755612311		39123.7444216406
-630.8568925306        	0.7755612311		39123.2423293654
-630.8584575818        	0.7755612311		39122.6742117224
-630.8565551272        	0.7755612311		39122.9676214248
-630.8551451431        	0.7755612311		39122.4148115753
-630.8616325367        	0.7755612311		39117.7964869589
-630.8735969334        	0.7755612311		39109.7769718948
-630.8839731924        	0.7755612311		39100.9012348697
-630.8922612009        	0.7755612311		39091.0928575841
-630.9055120199        	0.7755612311		39079.9419654458
-630.9289625266        	0.7755612311		39067.8782337979
-630.9544235665        	0.7755612311		39059.0341609961
-630.9663434816        	0.7755612311		39058.6525504082
-630.9604317924        	0.7755612311		39066.6993275167
-630.9421687157        	0.7755612311		39079.7059099533
-630.9140637884        	0.7755612311		39093.9607843216
-630.8813372911        	0.7755612311		39104.3682973682
-630.8561638611        	0.7755612311		39107.4140686790
-630.8447410909        	0.7755612311		39103.4118866419
-630.8431699814        	0.7755612311		39096.2092273269
-630.8474749887        	0.7755612311		39090.0181985994
-630.8491822133        	0.7755612311		39087.9203189780
-630.8408166253        	0.7755612311		39090.5779317455
-630.8298116338        	0.7755612311		39093.4631056999
-630.8273686633        	0.7755612311		39090.7645838188
-630.8397787875        	0.7755612311		39081.2515311137
-630.8626486422        	0.7755612311		39069.0250491223
-630.8804871001        	0.7755612311		39061.2925007709
-630.8876569600        	0.7755612311		39059.9197252946
-630.8898784804        	0.7755612311		39060.9067647682
-630.8904883917        	0.7755612311		39061.4757872323
-630.8946446367        	0.7755612311		39059.3542082222
-630.9065183946        	0.7755612311		39053.0180747068
-630.9257545158        	0.7755612311		39042.9658456157
-630.9434450072        	0.7755612311		39031.9997090746
-630.9527516410        	0.7755612311		39022.3143448476
-630.9585292007        	0.7755612311		39012.9277008345
-630.9666393620        	0.7755612311		39001.9632644967
-630.9710784731        	0.7755612311		38992.8682299038
-630.9611422664        	0.7755612311		38991.4886692405
-630.9387312279        	0.7755612311		38998.6060069068
-630.9243084002        	0.7755612311		39006.8462952623
-630.9330558055        	0.7755612311		39009.7770806683
-630.9573621435        	0.7755612311		39009.4629526231
-630.9783881153        	0.7755612311		39011.6325721223
-630.9889754813        	0.7755612311		39016.4140695148
-630.9901512184        	0.7755612311		39022.0661163621
-630.9780036753        	0.7755612311		39031.0889166539
-630.9567452063        	0.7755612311		39044.0243576474
-630.9384667003        	0.7755612311		39056.9222876839
-630.9248535155        	0.7755612311		39066.6747047057
-630.9090795239        	0.7755612311		39073.4107561545
-630.8929350921        	0.7755612311		39076.6272830794
-630.8964099107        	0.7755612311		39070.5103468436
-630.9249182084        	0.7755612311		39053.7575648804
-630.9572330132        	0.7755612311		39035.1338047549
-630.9763756607        	0.7755612311		39023.5465562402
-630.9742313326        	0.7755612311		39023.8740976155
-630.9498196469        	0.7755612311		39036.1482320510
-630.9138781108        	0.7755612311		39054.4696118336