Potential energy (Ha)	Kinetic Energy (Ha)	Pressure (GPa)
-686.4249088851	 	0.7755612311   		1494.8766959532
-686.3853626349		0.7755612311		1499.6908983878
-686.3505917757		0.7755612311		1503.9098971607
-686.3242944590		0.7755612311		1506.7922810902
-686.3081625468		0.7755612311		1508.3734580440
-686.3015984612		0.7755612311		1508.3023363348
-686.3028803299		0.7755612311		1507.2792382099
-686.3100332760		0.7755612311		1505.4716136094
-686.3216558587		0.7755612311		1503.0021056209
-686.3365214456		0.7755612311		1500.1603089549
-686.3528793289		0.7755612311		1497.3437107324
-686.3683644419		0.7755612311		1494.3439046871
-686.3806740320		0.7755612311		1491.8852873505
-686.3889394396		0.7755612311		1490.1641550318
-686.3938975283		0.7755612311		1489.5773448946
-686.3971316870		0.7755612311		1489.5797021080
-686.3999227765		0.7755612311		1489.8028243807
-686.4030979797		0.7755612311		1490.0670134219
-686.4072308274		0.7755612311		1490.2728325726
-686.4126483945		0.7755612311		1490.3825548074
-686.4192711323		0.7755612311		1490.5838050516
-686.4267966751		0.7755612311		1490.3162137819
-686.4338554816		0.7755612311		1489.9335664131
-686.4384248273		0.7755612311		1489.4028759787
-686.4397008053		0.7755612311		1489.3251126718
-686.4386847381		0.7755612311		1489.4410748572
-686.4374708109		0.7755612311		1489.5280703274
-686.4375112835		0.7755612311		1489.8416659676
-686.4386974151		0.7755612311		1489.5443517410
-686.4403985911		0.7755612311		1488.8146962466
-686.4423604388		0.7755612311		1488.1004558883
-686.4446323497		0.7755612311		1486.8997554481
-686.4475437577		0.7755612311		1485.4352212827
-686.4514089304		0.7755612311		1483.5761542650
-686.4563438776		0.7755612311		1481.5724957077
-686.4620163290		0.7755612311		1479.5778346928
-686.4673481332		0.7755612311		1478.4572537772
-686.4711501161		0.7755612311		1477.6032587413
-686.4724115837		0.7755612311		1477.4722250817
-686.4709108985		0.7755612311		1478.0183652661
-686.4678970108		0.7755612311		1478.8866811516
-686.4651520709		0.7755612311		1479.7971077582
-686.4642694619		0.7755612311		1480.8392002811
-686.4657727628		0.7755612311		1481.2496709578
-686.4690234143		0.7755612311		1481.6093331155
-686.4729564317		0.7755612311		1482.2899122538
-686.4763161504		0.7755612311		1482.8111184939
-686.4778583509		0.7755612311		1483.6082023936
-686.4764536712		0.7755612311		1484.4295993187
-686.4718212057		0.7755612311		1485.5566306023
-686.4648140926		0.7755612311		1487.0055849858
-686.4564507704		0.7755612311		1488.8095296842
-686.4473787088		0.7755612311		1490.9548898562
-686.4384940220		0.7755612311		1493.0433547035
-686.4310486509		0.7755612311		1494.4984560446
-686.4262174839		0.7755612311		1495.7757792513
-686.4252008244		0.7755612311		1496.7740888428
-686.4287168477		0.7755612311		1497.0867098506
-686.4364179053		0.7755612311		1496.8391126751
-686.4468182181		0.7755612311		1496.0712272623
-686.4575896539		0.7755612311		1494.9600532311
-686.4664908756		0.7755612311		1493.9235922445
-686.4723533798		0.7755612311		1492.8423567334
-686.4747852126		0.7755612311		1491.8682016139
-686.4739678914		0.7755612311		1491.2307389930
-686.4708777086		0.7755612311		1490.6224508598
-686.4669561272		0.7755612311		1489.6520124156
-686.4632965533		0.7755612311		1488.5070291395
-686.4603278589		0.7755612311		1487.1930192391
-686.4577561528		0.7755612311		1486.2718981770
-686.4549676150		0.7755612311		1485.7350211176
-686.4513853425		0.7755612311		1485.4786371576
-686.4465180003		0.7755612311		1485.6044951488
-686.4405624165		0.7755612311		1486.2507186836
-686.4346458888		0.7755612311		1487.2974585768
-686.4304808241		0.7755612311		1488.8665028134
-686.4289337541		0.7755612311		1490.0753053796
-686.4291441046		0.7755612311		1491.4106223685
-686.4305004881		0.7755612311		1492.7003487848
-686.4328465899		0.7755612311		1494.1675308441
-686.4352322204		0.7755612311		1495.7470400635
-686.4360407491		0.7755612311		1497.5955239951
-686.4347000080		0.7755612311		1499.1813171196
-686.4324106394		0.7755612311		1500.9224010778
-686.4308808292		0.7755612311		1502.0920973965
-686.4312846733		0.7755612311		1502.7068742842
-686.4338822915		0.7755612311		1502.4236924247
-686.4380170271		0.7755612311		1501.5688119811
-686.4428728932		0.7755612311		1500.5494389268
-686.4476067311		0.7755612311		1499.2727300659
-686.4511164792		0.7755612311		1497.9815576062
-686.4528326658		0.7755612311		1496.8666846967
-686.4533729586		0.7755612311		1495.8983601579
-686.4541945884		0.7755612311		1495.2388064115
-686.4566955290		0.7755612311		1494.5754107182
-686.4607583136		0.7755612311		1493.8451151681
-686.4648445759		0.7755612311		1493.4244842151
-686.4675564297		0.7755612311		1493.0061205639
-686.4685724451		0.7755612311		1492.9206991335
-686.4686073411		0.7755612311		1492.8121048699
-686.4685873305		0.7755612311		1492.8310026354
-686.4695463816		0.7755612311		1492.7374737562
-686.4722753692		0.7755612311		1492.6561898204
-686.4769017446		0.7755612311		1491.6913296165
-686.4827891502		0.7755612311		1490.1098278707
-686.4886045026		0.7755612311		1488.3945095107
-686.4924104163		0.7755612311		1486.8778857063
-686.4923274410		0.7755612311		1485.5847705102
-686.4871897233		0.7755612311		1484.9358830846
-686.4773506093		0.7755612311		1485.1263368168
-686.4644705821		0.7755612311		1485.5160706683
-686.4511292235		0.7755612311		1486.3058158474
-686.4397966135		0.7755612311		1487.1333111823
-686.4323402254		0.7755612311		1487.7544359787
-686.4293396044		0.7755612311		1487.8734961362
-686.4301300745		0.7755612311		1487.6628678867
-686.4336992067		0.7755612311		1486.9294787020
-686.4385889657		0.7755612311		1485.5563826752
-686.4434850794		0.7755612311		1484.2572356625
-686.4474059564		0.7755612311		1483.0730423517
-686.4499516775		0.7755612311		1482.3154902163
-686.4512846042		0.7755612311		1481.6977752332
-686.4516730266		0.7755612311		1480.9335494771
-686.4511202174		0.7755612311		1480.4232729791
-686.4493449980		0.7755612311		1480.8079889805
-686.4460400065		0.7755612311		1482.0979078879
-686.4415774522		0.7755612311		1483.6701226257
-686.4368361035		0.7755612311		1485.4737539180
-686.4328238451		0.7755612311		1487.3480069513
-686.4300686247		0.7755612311		1489.4087562718
-686.4284466534		0.7755612311		1491.1164733850
-686.4272727928		0.7755612311		1492.3186314190
-686.4261900831		0.7755612311		1493.1899639528
-686.4256619849		0.7755612311		1493.6374638929
-686.4267626873		0.7755612311		1493.6034432785
-686.4297783567		0.7755612311		1493.1508817593
-686.4341911225		0.7755612311		1492.3777449575
-686.4395679890		0.7755612311		1491.4762788607
-686.4456152184		0.7755612311		1490.4990090135
-686.4514649599		0.7755612311		1489.1915468142
-686.4563886038		0.7755612311		1487.8557603780
-686.4604669119		0.7755612311		1486.5060923377
-686.4644254989		0.7755612311		1485.1153443631
-686.4687344252		0.7755612311		1483.8044247404
-686.4731807441		0.7755612311		1482.7703414922
-686.4769680879		0.7755612311		1481.7317880221
-686.4794144871		0.7755612311		1480.6848797481
-686.4804875941		0.7755612311		1480.1806985710
-686.4804219695		0.7755612311		1480.1231545844
-686.4794239712		0.7755612311		1480.3994457772
-686.4777084302		0.7755612311		1480.8735655514
-686.4750615210		0.7755612311		1481.8272068030
-686.4714328796		0.7755612311		1483.2001484006
-686.4672505441		0.7755612311		1484.5422455962
-686.4634676821		0.7755612311		1485.8290354863
-686.4615876162		0.7755612311		1486.8403486008
-686.4622145522		0.7755612311		1487.7569876719
-686.4647279073		0.7755612311		1488.4917133348
-686.4673995527		0.7755612311		1488.7186604469
-686.4686559983		0.7755612311		1488.5182747821
-686.4680410612		0.7755612311		1488.0152995924
-686.4663012366		0.7755612311		1487.8707371723
-686.4646276349		0.7755612311		1487.5133980423
-686.4637966421		0.7755612311		1487.2036242309
-686.4639617094		0.7755612311		1486.7972969312
-686.4643020341		0.7755612311		1485.9867621456
-686.4635621134		0.7755612311		1485.6377260164
-686.4606132045		0.7755612311		1485.4983905643
-686.4550381445		0.7755612311		1486.2429270983
-686.4472691008		0.7755612311		1488.0703461027
-686.4389226756		0.7755612311		1490.0147873682
-686.4342595084		0.7755612311		1491.7909396807
-686.4391624082		0.7755612311		1492.2317215470
-686.4544734637		0.7755612311		1491.5859675867
-686.4734444946		0.7755612311		1490.3482401715
-686.4890449434		0.7755612311		1488.9857049325
-686.4993126098		0.7755612311		1488.1028600986
-686.5056124425		0.7755612311		1487.5783743606
-686.5096896576		0.7755612311		1487.7465335900
-686.5126360187		0.7755612311		1488.1762587073
-686.5149209708		0.7755612311		1488.1113496486
-686.5167781611		0.7755612311		1487.7011020710
-686.5179036912		0.7755612311		1487.2558223441
-686.5181376530		0.7755612311		1486.1486722692
-686.5177286552		0.7755612311		1484.7529170533
-686.5176400131		0.7755612311		1482.5294989044
-686.5190012597		0.7755612311		1480.1543718660
-686.5220214939		0.7755612311		1477.7454848115
-686.5255881606		0.7755612311		1475.2979450759
-686.5282397322		0.7755612311		1473.1830116287
-686.5293651645		0.7755612311		1471.5139565466
-686.5290937929		0.7755612311		1470.3595529778
-686.5281149654		0.7755612311		1469.3936713283
-686.5267205950		0.7755612311		1468.6756353902
-686.5250320788		0.7755612311		1468.3766554984
-686.5230544207		0.7755612311		1468.4298181082
-686.5210804869		0.7755612311		1468.6615099077
-686.5197459897		0.7755612311		1469.1293599210
-686.5198682642		0.7755612311		1469.9803983345
-686.5220795853		0.7755612311		1470.8175314377
-686.5259216426		0.7755612311		1471.7517590607
-686.5295329103		0.7755612311		1473.0667882339
-686.5311623384		0.7755612311		1474.3071186991
-686.5307108100		0.7755612311		1475.9053840056
-686.5303838284		0.7755612311		1477.6915132565
-686.5331785617		0.7755612311		1479.0880943368
-686.5401450731		0.7755612311		1480.0557287764
-686.5498594125		0.7755612311		1480.5241615425
-686.5602122298		0.7755612311		1480.3993719597
-686.5699731564		0.7755612311		1479.6488952626
-686.5786510112		0.7755612311		1478.2030560511
-686.5864889996		0.7755612311		1476.7872930612
-686.5933666170		0.7755612311		1474.6489872244
-686.5986846439		0.7755612311		1472.2925874546
-686.6015385412		0.7755612311		1470.2485388484
-686.6012862257		0.7755612311		1469.0203423020
-686.5977742928		0.7755612311		1468.9570310891
-686.5910894836		0.7755612311		1469.9611338352
-686.5820856286		0.7755612311		1471.3882826578
-686.5719736062		0.7755612311		1473.1254433508
-686.5619517543		0.7755612311		1475.1591547549
-686.5524157719		0.7755612311		1477.2498512832
-686.5429053417		0.7755612311		1479.5606327189
-686.5331798112		0.7755612311		1481.7279151047
-686.5245537142		0.7755612311		1483.7240547571
-686.5194117028		0.7755612311		1485.8046486291
-686.5192707395		0.7755612311		1486.9607846237
-686.5237037411		0.7755612311		1486.8881480708
-686.5308747122		0.7755612311		1486.0960187220
-686.5391479658		0.7755612311		1485.3011746090
-686.5475456506		0.7755612311		1483.9455573870
-686.5546740761		0.7755612311		1482.3879272124
-686.5585560142		0.7755612311		1480.8668817144
-686.5583549800		0.7755612311		1479.6629703509
-686.5551819593		0.7755612311		1479.0740100916
-686.5508032659		0.7755612311		1478.7951057260
-686.5471121074		0.7755612311		1478.3546318802
-686.5451824222		0.7755612311		1477.7849895232
-686.5449890451		0.7755612311		1477.3075625396
-686.5458042804		0.7755612311		1476.9896148590
-686.5470012636		0.7755612311		1476.6536787018
-686.5483828359		0.7755612311		1476.4927228459
-686.5499906340		0.7755612311		1476.4209032122
-686.5517820716		0.7755612311		1476.1855705093
-686.5538581834		0.7755612311		1475.7485272590
-686.5564967720		0.7755612311		1475.0909210890
-686.5599343341		0.7755612311		1474.4581865188
-686.5635719697		0.7755612311		1473.5606506901
-686.5665032513		0.7755612311		1473.0314888503
-686.5676586435		0.7755612311		1472.7669408730
-686.5664107318		0.7755612311		1472.6163596608
-686.5626172678		0.7755612311		1472.8489740808
-686.5567450597		0.7755612311		1473.9058381664
-686.5497633167		0.7755612311		1475.2644830371
-686.5432661701		0.7755612311		1476.6825601851
-686.5386429420		0.7755612311		1477.5344025167
-686.5362868062		0.7755612311		1477.8891213969
-686.5352005288		0.7755612311		1478.0205631297
-686.5338457900		0.7755612311		1478.0670838260
-686.5315621000		0.7755612311		1477.9383816253
-686.5288510840		0.7755612311		1477.8621289194
-686.5267042384		0.7755612311		1477.8996827057
-686.5254434277		0.7755612311		1477.9414343274
-686.5237682784		0.7755612311		1478.7968690303
-686.5199481436		0.7755612311		1479.8321164641
-686.5136309715		0.7755612311		1480.9090226400
-686.5059623054		0.7755612311		1481.9896249657
-686.4987213255		0.7755612311		1483.1329153182
-686.4929510865		0.7755612311		1484.3896477597
-686.4884646581		0.7755612311		1485.6542467757
-686.4840539938		0.7755612311		1487.1829222225
-686.4782116832		0.7755612311		1488.9545579423
-686.4699273971		0.7755612311		1490.7595907729
-686.4594767155		0.7755612311		1492.4934160109
-686.4485387087		0.7755612311		1493.4658831878
-686.4392955564		0.7755612311		1494.1681018442
-686.4331658083		0.7755612311		1494.7818275145
-686.4301259560		0.7755612311		1494.7140772908
-686.4294535359		0.7755612311		1494.3822388714
-686.4300691421		0.7755612311		1493.5850839492
-686.4309319281		0.7755612311		1492.9685716552
-686.4318333515		0.7755612311		1492.0621068037
-686.4329989989		0.7755612311		1491.5214411957
-686.4347903832		0.7755612311		1491.0489924367
-686.4373190423		0.7755612311		1490.3089676378
-686.4403351548		0.7755612311		1489.3517058576
-686.4433600817		0.7755612311		1488.4995009241
-686.4459024763		0.7755612311		1487.4330637699
-686.4476638401		0.7755612311		1486.6967307754
-686.4486996595		0.7755612311		1486.5714055029
-686.4492417385		0.7755612311		1487.0757399413
-686.4493906472		0.7755612311		1487.4269920924
-686.4490776480		0.7755612311		1487.9566415204
-686.4478283699		0.7755612311		1488.1776662241
-686.4449641718		0.7755612311		1488.4707133777
-686.4397949350		0.7755612311		1488.9416509553
-686.4319756694		0.7755612311		1489.7597239025
-686.4220658813		0.7755612311		1491.2797293287
-686.4114560708		0.7755612311		1493.5145422954
-686.4023611557		0.7755612311		1495.9911695157
-686.3971379581		0.7755612311		1498.2565366146
-686.3971830125		0.7755612311		1499.5991266141
-686.4031544230		0.7755612311		1500.0547984076
-686.4144705470		0.7755612311		1499.7942823369
-686.4295238495		0.7755612311		1498.8705300680
-686.4459136827		0.7755612311		1497.1906516245
-686.4612229812		0.7755612311		1495.6546360301
-686.4736978684		0.7755612311		1493.6422727005
-686.4825565127		0.7755612311		1491.7614348093
-686.4877056308		0.7755612311		1490.1329092642
-686.4892271704		0.7755612311		1488.4512181330
-686.4870612187		0.7755612311		1487.7255987706
-686.4812747226		0.7755612311		1487.5198727147
-686.4725121794		0.7755612311		1487.1881747973
-686.4618089087		0.7755612311		1487.1140209610
-686.4502194788		0.7755612311		1487.7231604895
-686.4386225414		0.7755612311		1488.7246706535
-686.4273687965		0.7755612311		1489.8908094470
-686.4165791665		0.7755612311		1490.5373825639
-686.4069499598		0.7755612311		1491.0465581927
-686.4011492336		0.7755612311		1491.1383579545
-686.4024102337		0.7755612311		1490.3449855809
-686.4103470504		0.7755612311		1489.0537461334
-686.4193919598		0.7755612311		1488.0531107569
-686.4244216989		0.7755612311		1487.4131284986
-686.4246689067		0.7755612311		1487.3456650812
-686.4223381733		0.7755612311		1487.5633317681
-686.4203147146		0.7755612311		1487.8691674080
-686.4203472106		0.7755612311		1487.7553678702
-686.4222293682		0.7755612311		1487.9076334691
-686.4243508973		0.7755612311		1487.8623439835
-686.4256796467		0.7755612311		1487.5913652242
-686.4266354237		0.7755612311		1487.7117389323
-686.4285819977		0.7755612311		1487.5586798037
-686.4329494492		0.7755612311		1486.7612950792
-686.4410047126		0.7755612311		1485.5948978031
-686.4529211017		0.7755612311		1483.9870910129
-686.4671424390		0.7755612311		1481.8406061196
-686.4812945774		0.7755612311		1479.6335767487
-686.4933483571		0.7755612311		1477.9498056834
-686.5021667409		0.7755612311		1476.9810918252
-686.5073361878		0.7755612311		1476.5863960981
-686.5085248817		0.7755612311		1476.9474520962
-686.5053331730		0.7755612311		1477.6809443877
-686.4974846705		0.7755612311		1479.2319513379
-686.4853073252		0.7755612311		1481.4662452292
-686.4702513484		0.7755612311		1484.0927874772
-686.4545491375		0.7755612311		1486.6414618529
-686.4405598768		0.7755612311		1488.4354121728
-686.4308432333		0.7755612311		1489.3111259571
-686.4271281395		0.7755612311		1489.4931870964
-686.4278849206		0.7755612311		1489.6855420097
-686.4287243439		0.7755612311		1489.6955710716
-686.4267990375		0.7755612311		1489.9892187727
-686.4224415060		0.7755612311		1489.8371464066
-686.4173376398		0.7755612311		1489.9994999820
-686.4134344661		0.7755612311		1490.0447211779
-686.4120872678		0.7755612311		1489.5287351038
-686.4140188703		0.7755612311		1489.2326458726
-686.4189856107		0.7755612311		1488.6246519266
-686.4259492522		0.7755612311		1487.4009898341
-686.4328445641		0.7755612311		1486.6205601042
-686.4380085241		0.7755612311		1486.1327968911
-686.4405780431		0.7755612311		1486.1756081145
-686.4404334056		0.7755612311		1486.9137043307
-686.4377177288		0.7755612311		1487.3918006006
-686.4331992645		0.7755612311		1487.6157948736
-686.4288664639		0.7755612311		1487.6961195853
-686.4269524081		0.7755612311		1487.5580319837
-686.4282775303		0.7755612311		1486.8994985910
-686.4319996272		0.7755612311		1485.3735243831
-686.4367468180		0.7755612311		1483.7665733225
-686.4418169697		0.7755612311		1482.1237883619
-686.4471866454		0.7755612311		1480.9604805149
-686.4530961016		0.7755612311		1479.5748603554
-686.4594712862		0.7755612311		1478.0081598284
-686.4658614265		0.7755612311		1476.6806176724
-686.4717369731		0.7755612311		1475.4559106541
-686.4769029107		0.7755612311		1474.4642576355
-686.4818764717		0.7755612311		1474.1156598671
-686.4874784556		0.7755612311		1474.1969247890
-686.4940993856		0.7755612311		1474.2137429834
-686.5013863741		0.7755612311		1474.2901207327
-686.5083287502		0.7755612311		1475.1684044214
-686.5131907991		0.7755612311		1476.4080332863
-686.5144456512		0.7755612311		1478.1855909180
-686.5112824686		0.7755612311		1481.0446428724
-686.5043128933		0.7755612311		1484.3147931735
-686.4954811862		0.7755612311		1487.8675698899
-686.4872968213		0.7755612311		1490.8871122668
-686.4818220241		0.7755612311		1493.3615107693
-686.4797923828		0.7755612311		1494.8795341390
-686.4802315768		0.7755612311		1495.1062375682
-686.4812872344		0.7755612311		1495.0919593020
-686.4818349811		0.7755612311		1494.1511058029
-686.4820417245		0.7755612311		1492.7554867182
-686.4830188421		0.7755612311		1490.8978074280
-686.4853563435		0.7755612311		1489.1756596190
-686.4888403726		0.7755612311		1487.6677230388
-686.4925685669		0.7755612311		1486.0442044577
-686.4951372693		0.7755612311		1484.9501332233
-686.4958132197		0.7755612311		1484.7857611508
-686.4947590557		0.7755612311		1485.4027880994
-686.4926453543		0.7755612311		1486.1890043220
-686.4895007036		0.7755612311		1487.7213487323
-686.4847710370		0.7755612311		1489.5183861075
-686.4786212693		0.7755612311		1491.4365334210
-686.4726845504		0.7755612311		1493.6784770716
-686.4698715141		0.7755612311		1495.2457114192
-686.4722164791		0.7755612311		1495.5654283233
-686.4794731690		0.7755612311		1495.0541824010
-686.4891498078		0.7755612311		1493.8976737559
-686.4980557253		0.7755612311		1492.0571095462
-686.5040129664		0.7755612311		1490.0928791413
-686.5067886592		0.7755612311		1488.3301830585
-686.5074338646		0.7755612311		1486.5119395749
-686.5074766770		0.7755612311		1484.7153247662
-686.5085585202		0.7755612311		1482.7451336941
-686.5117272798		0.7755612311		1481.1148166724
-686.5162948802		0.7755612311		1479.8440785537
-686.5201719622		0.7755612311		1479.1923581389
-686.5214716294		0.7755612311		1478.9747934768
-686.5194694681		0.7755612311		1479.3277462193
-686.5148281587		0.7755612311		1480.1570194123
-686.5088396415		0.7755612311		1481.2812906805
-686.5026853082		0.7755612311		1482.6035853665
-686.4968636048		0.7755612311		1483.9234200743
-686.4910625406		0.7755612311		1485.2700046036
-686.4849532376		0.7755612311		1486.3105597021
-686.4790465693		0.7755612311		1487.3523421216
-686.4748169807		0.7755612311		1487.9678273792
-686.4743505091		0.7755612311		1488.0993577890
-686.4792552280		0.7755612311		1487.3195113692
-686.4889334469		0.7755612311		1486.1377069392
-686.5008773460		0.7755612311		1484.2540272518
-686.5123325930		0.7755612311		1482.3918533957
-686.5219189491		0.7755612311		1480.4762241439
-686.5297499513		0.7755612311		1479.1745930679
-686.5367953453		0.7755612311		1477.9974373993
-686.5436934641		0.7755612311		1476.8707695737
-686.5502984938		0.7755612311		1475.8674411544
-686.5558979853		0.7755612311		1474.8110097860
-686.5596920495		0.7755612311		1474.2210474768
-686.5612788079		0.7755612311		1474.1487558583
-686.5604907066		0.7755612311		1474.2807272056
-686.5571555100		0.7755612311		1474.7242947714
-686.5514690332		0.7755612311		1475.8726898027
-686.5440730744		0.7755612311		1477.1358959172
-686.5359773036		0.7755612311		1478.9699813660
-686.5283197435		0.7755612311		1480.9912086744
-686.5217612549		0.7755612311		1483.2569491869
-686.5162425858		0.7755612311		1485.2278729539
-686.5113828404		0.7755612311		1487.0428997802
-686.5072077360		0.7755612311		1488.7663645379
-686.5042310243		0.7755612311		1489.9365756849
-686.5029583844		0.7755612311		1490.6642817568
-686.5031491370		0.7755612311		1491.1598877320
-686.5036903091		0.7755612311		1491.6604113643
-686.5035454888		0.7755612311		1492.2325732021
-686.5024524590		0.7755612311		1492.2097254922
-686.5010987558		0.7755612311		1492.0594631946
-686.5003341172		0.7755612311		1491.8443291160
-686.5000276612		0.7755612311		1491.5616122007
-686.4987628739		0.7755612311		1491.4490880102
-686.4945703841		0.7755612311		1491.9621385832
-686.4862202818		0.7755612311		1492.9672074977
-686.4748055188		0.7755612311		1494.2981173506
-686.4646227451		0.7755612311		1495.0817641003
-686.4620830886		0.7755612311		1494.1470853944
-686.4703698639		0.7755612311		1492.1413993196
-686.4860712391		0.7755612311		1489.3193162002
-686.5027743570		0.7755612311		1485.9181388312
-686.5164086161		0.7755612311		1482.8214212600
-686.5261367814		0.7755612311		1480.1883611073
-686.5324970029		0.7755612311		1478.5911254817
-686.5362966943		0.7755612311		1477.4952730939
-686.5376780586		0.7755612311		1477.4339902766
-686.5365265020		0.7755612311		1478.2704079492
-686.5328282848		0.7755612311		1479.3075114601
-686.5272084446		0.7755612311		1480.6025564556
-686.5207308011		0.7755612311		1481.9904274387
-686.5142706247		0.7755612311		1483.1327748471
-686.5078671447		0.7755612311		1484.1283724039
-686.5007073292		0.7755612311		1485.3787964431
-686.4920832784		0.7755612311		1486.8973668309
-686.4819609734		0.7755612311		1488.3184807023
-686.4712652340		0.7755612311		1489.7993652537
-686.4615422366		0.7755612311		1491.1037346730
-686.4542674301		0.7755612311		1492.2072250870
-686.4506161396		0.7755612311		1492.7844739271
-686.4507994670		0.7755612311		1492.8740249156
-686.4533635278		0.7755612311		1492.5425777465
-686.4560703857		0.7755612311		1492.3918423390
-686.4565527475		0.7755612311		1492.5471934020
-686.4533417137		0.7755612311		1493.4575917628
-686.4466797241		0.7755612311		1494.9209580894
-686.4385133573		0.7755612311		1496.7855783163
-686.4317261155		0.7755612311		1498.3268246879
-686.4284990334		0.7755612311		1499.2416759081
-686.4283626793		0.7755612311		1499.4710268831
-686.4294205263		0.7755612311		1499.3300004092
-686.4298174767		0.7755612311		1498.7074158491
-686.4289693746		0.7755612311		1497.9300538536
-686.4279139756		0.7755612311		1497.0134156945
-686.4286984604		0.7755612311		1496.1165304442
-686.4316135364		0.7755612311		1495.1030299153
-686.4355351383		0.7755612311		1493.6852388732
-686.4399610579		0.7755612311		1492.3030838310
-686.4464380998		0.7755612311		1490.8022067532
-686.4562611802		0.7755612311		1489.2107156013
-686.4690192589		0.7755612311		1486.8683587093
-686.4830340095		0.7755612311		1484.5289017535
-686.4967477354		0.7755612311		1482.6738976357
-686.5092745273		0.7755612311		1481.0260416369
-686.5202560477		0.7755612311		1479.3750396516
-686.5301134452		0.7755612311		1478.3573645558
-686.5394730163		0.7755612311		1477.7095616751
-686.5485028320		0.7755612311		1477.3745326317
-686.5562667466		0.7755612311		1477.3864692523
-686.5614113854		0.7755612311		1477.5062770000
-686.5631511580		0.7755612311		1477.9990517357
-686.5616616987		0.7755612311		1478.9732947141
-686.5579635846		0.7755612311		1479.7184248002
-686.5535397568		0.7755612311		1480.7749287137
-686.5490310806		0.7755612311		1481.7860125136
-686.5440806185		0.7755612311		1482.5208043277
-686.5378242553		0.7755612311		1483.4336880039
-686.5295308212		0.7755612311		1484.3972451512
-686.5184676869		0.7755612311		1485.7371011709
-686.5043770334		0.7755612311		1487.3604716148
-686.4878133774		0.7755612311		1489.5506030352
-686.4702958644		0.7755612311		1491.8207295085
-686.4540985295		0.7755612311		1494.0705582571
-686.4415331372		0.7755612311		1495.2984909004
-686.4338527847		0.7755612311		1495.7606968102
-686.4309336664		0.7755612311		1495.6375136213
-686.4318706505		0.7755612311		1495.4852413285
-686.4352637797		0.7755612311		1494.8964843218
-686.4394687637		0.7755612311		1493.7555721200
-686.4429264118		0.7755612311		1492.9383151335
-686.4448124081		0.7755612311		1492.8009590894
-686.4448884478		0.7755612311		1493.0100252939
-686.4437914670		0.7755612311		1493.2466132592
-686.4427593635		0.7755612311		1493.8340792400
-686.4431874508		0.7755612311		1494.3799794663
-686.4463377870		0.7755612311		1494.4516382650
-686.4524638011		0.7755612311		1494.0366987612
-686.4603776779		0.7755612311		1493.1975771235
-686.4681478242		0.7755612311		1492.6881171763
-686.4740825159		0.7755612311		1492.3993581998
-686.4775319299		0.7755612311		1492.6394725825
-686.4788683716		0.7755612311		1492.7399017404
-686.4786701683		0.7755612311		1493.0084128625
-686.4774889731		0.7755612311		1493.2137090593
-686.4760374699		0.7755612311		1493.0086644101
-686.4751128917		0.7755612311		1492.4657085719
-686.4753827881		0.7755612311		1491.1927526116
-686.4766782875		0.7755612311		1489.4681860888
-686.4790737135		0.7755612311		1487.3294111501
-686.4832390756		0.7755612311		1485.1658261702
-686.4898234333		0.7755612311		1482.8128342138
-686.4978643019		0.7755612311		1480.6488720821
-686.5052196579		0.7755612311		1478.4819942953
-686.5102144910		0.7755612311		1477.4844370507
-686.5123988442		0.7755612311		1477.0340858043
-686.5121231969		0.7755612311		1477.1854194560
-686.5103755797		0.7755612311		1477.6949186391
-686.5086610421		0.7755612311		1478.8931950701
-686.5081121529		0.7755612311		1479.9759604340
-686.5085658843		0.7755612311		1480.8429198819
-686.5085473189		0.7755612311		1481.4685729984
-686.5068005849		0.7755612311		1482.0356786203
-686.5031118556		0.7755612311		1482.3675920258
-686.4973376279		0.7755612311		1482.4989235755
-686.4889206006		0.7755612311		1483.0552781908
-686.4774024543		0.7755612311		1484.1154443368
-686.4631908742		0.7755612311		1485.7028842780
-686.4477884281		0.7755612311		1487.6437301588
-686.4332632739		0.7755612311		1489.4606647283
-686.4220251307		0.7755612311		1490.3586814072
-686.4163886755		0.7755612311		1490.5490501392
-686.4172479125		0.7755612311		1489.8332159907
-686.4231886123		0.7755612311		1488.5092627150
-686.4317881068		0.7755612311		1487.0021829211
-686.4419679554		0.7755612311		1485.9006874234
-686.4551167079		0.7755612311		1485.0535019249
-686.4717310948		0.7755612311		1484.0902999958
-686.4874451997		0.7755612311		1483.7755759016
-686.4966247023		0.7755612311		1484.5040217034
-686.4966401812		0.7755612311		1486.4056152653
-686.4885091755		0.7755612311		1489.3293901646
-686.4752260344		0.7755612311		1492.7181478141
-686.4600389262		0.7755612311		1495.9357559919
-686.4458875577		0.7755612311		1498.5388213118
-686.4356538278		0.7755612311		1500.1727279102
-686.4315510828		0.7755612311		1500.1638591739
-686.4332785743		0.7755612311		1498.8506634483
-686.4380425645		0.7755612311		1496.7869073679
-686.4422625958		0.7755612311		1494.4787560684
-686.4438620567		0.7755612311		1492.1008533694
-686.4427193394		0.7755612311		1490.4032536189
-686.4398269456		0.7755612311		1488.9938895800
-686.4366527537		0.7755612311		1487.8557480900
-686.4348942197		0.7755612311		1486.6108665774
-686.4360900172		0.7755612311		1485.2251391382
-686.4407827524		0.7755612311		1483.7755465996
-686.4480823054		0.7755612311		1481.9108273252
-686.4565316556		0.7755612311		1479.6857482092
-686.4652919628		0.7755612311		1477.7364306110
-686.4743699392		0.7755612311		1475.1757358670
-686.4841015163		0.7755612311		1472.0425763011
-686.4947616432		0.7755612311		1468.9223218543
-686.5058450656		0.7755612311		1465.7512675530
-686.5164118224		0.7755612311		1462.8177722294
-686.5259123933		0.7755612311		1460.6554022336
-686.5338374493		0.7755612311		1459.3044066034
-686.5395166907		0.7755612311		1458.5614040986
-686.5417825863		0.7755612311		1458.7988946406
-686.5397302462		0.7755612311		1460.0682225806
-686.5331055090		0.7755612311		1462.3359472331
-686.5221127489		0.7755612311		1465.4844078295
-686.5075938816		0.7755612311		1469.2519933276
-686.4911326267		0.7755612311		1473.3497464733
-686.4751128298		0.7755612311		1477.5005776244
-686.4623211899		0.7755612311		1480.8583877376
-686.4550473948		0.7755612311		1483.5399979437
-686.4544788555		0.7755612311		1485.4108198271
-686.4599900064		0.7755612311		1485.9419893543
-686.4691533080		0.7755612311		1485.8725028739
-686.4790104706		0.7755612311		1486.0295344049
-686.4870214723		0.7755612311		1486.2192764516
-686.4913957015		0.7755612311		1486.4527390382
-686.4916662159		0.7755612311		1487.5393529085
-686.4890876756		0.7755612311		1488.5301328031
-686.4853784822		0.7755612311		1489.6775990001
-686.4811686702		0.7755612311		1490.9574233499
-686.4763240409		0.7755612311		1492.0155313184
-686.4717542382		0.7755612311		1492.5901466339
-686.4695460444		0.7755612311		1492.7136225814
-686.4720051397		0.7755612311		1491.9987333126
-686.4798696831		0.7755612311		1490.6147245397
-686.4918294628		0.7755612311		1488.6046618342
-686.5056070767		0.7755612311		1486.1017964454
-686.5190118099		0.7755612311		1484.5113847857
-686.5302199092		0.7755612311		1483.2361505512
-686.5378834411		0.7755612311		1482.6614075303
-686.5411837000		0.7755612311		1482.7125004372
-686.5397100418		0.7755612311		1483.8726033858
-686.5341468357		0.7755612311		1485.8163686356
-686.5257039222		0.7755612311		1488.0360227599
-686.5158122056		0.7755612311		1490.4704723575
-686.5061666896		0.7755612311		1492.1174448829
-686.4992192708		0.7755612311		1492.7104269120
-686.4975990257		0.7755612311		1491.9847121317
-686.5024758124		0.7755612311		1490.2380583062
-686.5120915569		0.7755612311		1487.7089937148
-686.5222686514		0.7755612311		1485.1080905373
-686.5286939019		0.7755612311		1482.4229048677
-686.5288448480		0.7755612311		1481.2032089563
-686.5220510887		0.7755612311		1481.1266044774
-686.5090836869		0.7755612311		1482.2505225373
-686.4914173502		0.7755612311		1483.8090470497
-686.4715408593		0.7755612311		1486.0174940561
-686.4523488324		0.7755612311		1488.4207192022
-686.4361590113		0.7755612311		1490.6321603267
-686.4254006347		0.7755612311		1491.6841930446
-686.4221612612		0.7755612311		1491.3185364790
-686.4259437196		0.7755612311		1489.9185731463
-686.4328791917		0.7755612311		1488.2880437252
-686.4391683848		0.7755612311		1487.0166793635
-686.4430401926		0.7755612311		1486.4131448484
-686.4443080912		0.7755612311		1486.3662442541
-686.4436795474		0.7755612311		1486.9343260139
-686.4421551675		0.7755612311		1487.8868079205
-686.4404049323		0.7755612311		1489.4396003700
-686.4392104279		0.7755612311		1490.8945802163
-686.4398457579		0.7755612311		1492.0412284181
-686.4433942169		0.7755612311		1492.3521789366
-686.4506604771		0.7755612311		1491.9922109649
-686.4619691342		0.7755612311		1490.5671853034
-686.4762664989		0.7755612311		1488.4247012819
-686.4911056955		0.7755612311		1485.9671697019
-686.5051533700		0.7755612311		1483.4109701291
-686.5189822903		0.7755612311		1480.8087542683
-686.5328354486		0.7755612311		1477.9816513092
-686.5454122761		0.7755612311		1475.5379980772
-686.5550944059		0.7755612311		1473.4237530581
-686.5610083930		0.7755612311		1472.2153245459
-686.5627291093		0.7755612311		1471.3775675588
-686.5601423083		0.7755612311		1471.3699752298
-686.5535989047		0.7755612311		1472.0648479492
-686.5437490410		0.7755612311		1473.2221437232
-686.5314962378		0.7755612311		1475.0879778623
-686.5177481187		0.7755612311		1477.1808998071
-686.5033788043		0.7755612311		1479.2154912754
-686.4897709134		0.7755612311		1481.2183917223
-686.4793101792		0.7755612311		1482.7917690375
-686.4737638855		0.7755612311		1484.1727503533
-686.4724185712		0.7755612311		1485.3339113990
-686.4731333740		0.7755612311		1485.9756107627
-686.4736688537		0.7755612311		1486.7961131133
-686.4727759495		0.7755612311		1487.9571039486
-686.4701216452		0.7755612311		1489.2364586665
-686.4662277958		0.7755612311		1490.8226604602
-686.4620879982		0.7755612311		1492.1510567749
-686.4586646980		0.7755612311		1493.6406765551
-686.4565164436		0.7755612311		1494.9026737011
-686.4561364772		0.7755612311		1495.7891754493
-686.4578401899		0.7755612311		1496.2510349592
-686.4622065225		0.7755612311		1496.4401947986
-686.4698251595		0.7755612311		1496.1310129597
-686.4810409032		0.7755612311		1494.8578125127
-686.4955208198		0.7755612311		1493.1340220803
-686.5122091712		0.7755612311		1491.4095268833
-686.5295568484		0.7755612311		1489.7868216414
-686.5459369845		0.7755612311		1488.3000797931
-686.5598794709		0.7755612311		1487.4690899348
-686.5701627857		0.7755612311		1487.1035324876
-686.5756689698		0.7755612311		1487.4198891825
-686.5758171037		0.7755612311		1488.3578554231
-686.5714792722		0.7755612311		1489.8051830871
-686.5651623162		0.7755612311		1490.9649045404
-686.5601639140		0.7755612311		1491.6931508923
-686.5593551445		0.7755612311		1492.0619647872
-686.5638148825		0.7755612311		1491.8424342348
-686.5724576497		0.7755612311		1490.7453886321
-686.5827258817		0.7755612311		1489.3501606436
-686.5914285946		0.7755612311		1487.8574907267
-686.5958994368		0.7755612311		1486.5596383188
-686.5946872796		0.7755612311		1486.0593983340
-686.5882211978		0.7755612311		1485.7122949758
-686.5787861790		0.7755612311		1485.7824880551
-686.5697004829		0.7755612311		1486.0072150406
-686.5637026019		0.7755612311		1485.8296167522
-686.5608672849		0.7755612311		1485.2656804025
-686.5588552303		0.7755612311		1484.6447894192
-686.5554850819		0.7755612311		1484.1657486220
-686.5505526971		0.7755612311		1483.7370058256
-686.5455858094		0.7755612311		1483.3900991848
-686.5423534036		0.7755612311		1482.7448904059
-686.5412315566		0.7755612311		1481.8643549015
-686.5419891796		0.7755612311		1480.5580550819
-686.5439722594		0.7755612311		1479.2862510568
-686.5461936065		0.7755612311		1478.4614540036
-686.5476019690		0.7755612311		1478.0989208804
-686.5472983014		0.7755612311		1478.0846223370
-686.5451283954		0.7755612311		1478.0691784634
-686.5413795095		0.7755612311		1478.1880816039
-686.5364296038		0.7755612311		1478.6794296573
-686.5304278819		0.7755612311		1479.3003705556
-686.5231041381		0.7755612311		1480.2873249834
-686.5141039003		0.7755612311		1481.4159976315
-686.5035374046		0.7755612311		1482.4253815591
-686.4923346070		0.7755612311		1484.1791273476
-686.4819746283		0.7755612311		1485.9919847584
-686.4733294705		0.7755612311		1487.5908224284
-686.4668816488		0.7755612311		1488.5255206881
-686.4634443831		0.7755612311		1489.1906263493
-686.4640978121		0.7755612311		1489.6320022279
-686.4687228809		0.7755612311		1490.1576006261
-686.4755461959		0.7755612311		1489.7528684717
-686.4824216129		0.7755612311		1489.1182987334
-686.4883856336		0.7755612311		1488.4921712752
-686.4936935215		0.7755612311		1488.2952900935
-686.4988505812		0.7755612311		1488.2578853477
-686.5035064156		0.7755612311		1487.9817902144
-686.5062576972		0.7755612311		1487.6552564548
-686.5055764365		0.7755612311		1487.6323949592
-686.5009391788		0.7755612311		1488.2026377683
-686.4931631040		0.7755612311		1488.8277065500
-686.4838972629		0.7755612311		1489.7120397756
-686.4747240893		0.7755612311		1490.5239227593
-686.4673519872		0.7755612311		1490.7516331613
-686.4626974219		0.7755612311		1490.8559051951
-686.4605636804		0.7755612311		1490.7784424645
-686.4586462307		0.7755612311		1490.7520866941
-686.4539206630		0.7755612311		1491.0909159001
-686.4447006363		0.7755612311		1492.2060013546
-686.4317104731		0.7755612311		1494.1352734031
-686.4178354654		0.7755612311		1495.9708089723
-686.4061755261		0.7755612311		1497.7974376335
-686.3976959696		0.7755612311		1499.6485349669
-686.3919580258		0.7755612311		1501.1119266385
-686.3881658388		0.7755612311		1501.8497399321
-686.3862299387		0.7755612311		1502.0703767262
-686.3866042737		0.7755612311		1501.9706157808
-686.3900340920		0.7755612311		1501.3987826441
-686.3966212773		0.7755612311		1499.9400185241
-686.4051910519		0.7755612311		1497.8652517166
-686.4135731832		0.7755612311		1495.8236640710
-686.4196274218		0.7755612311		1494.3198168056
-686.4224938782		0.7755612311		1493.1292738352
-686.4229595247		0.7755612311		1492.3590474233
-686.4231629757		0.7755612311		1492.0417457012
-686.4252712553		0.7755612311		1491.6998915547
-686.4304044702		0.7755612311		1490.9254578442
-686.4381689209		0.7755612311		1490.3886435752
-686.4472714824		0.7755612311		1489.5777652794
-686.4560048122		0.7755612311		1488.8205854529
-686.4628079698		0.7755612311		1488.3766405685
-686.4666730869		0.7755612311		1488.3720546631
-686.4665561023		0.7755612311		1488.6790532709
-686.4621743289		0.7755612311		1489.9143186974
-686.4543003878		0.7755612311		1491.3254987351
-686.4452860630		0.7755612311		1492.9415100471
-686.4383394099		0.7755612311		1494.3932433066
-686.4358077578		0.7755612311		1494.8747461583
-686.4376190740		0.7755612311		1494.3453232870
-686.4419879527		0.7755612311		1493.9564140209
-686.4466340162		0.7755612311		1493.7647017173
-686.4496656535		0.7755612311		1493.6880628641
-686.4499588421		0.7755612311		1493.9443749718
-686.4468680027		0.7755612311		1494.8207388380
-686.4407059601		0.7755612311		1495.8104916578
-686.4330548698		0.7755612311		1496.7595644528
-686.4263014829		0.7755612311		1497.3911455420
-686.4219224728		0.7755612311		1497.5895734816
-686.4203587748		0.7755612311		1497.4146257453
-686.4214160335		0.7755612311		1497.1164094116
-686.4242921566		0.7755612311		1496.2548044609
-686.4280943897		0.7755612311		1495.0592024425
-686.4321175429		0.7755612311		1494.1317554129
-686.4358758730		0.7755612311		1493.5422404243
-686.4386636050		0.7755612311		1493.2411565533
-686.4393063865		0.7755612311		1493.5699410250
-686.4368853227		0.7755612311		1494.8008360128
-686.4320942865		0.7755612311		1495.9244460260
-686.4272344795		0.7755612311		1497.0571454184
-686.4243601465		0.7755612311		1497.9719907347
-686.4229515501		0.7755612311		1498.8679317165
-686.4207891812		0.7755612311		1499.7920688039
-686.4172383450		0.7755612311		1500.3745225128
-686.4139343905		0.7755612311		1500.6973784755
-686.4129513804		0.7755612311		1500.5522077348
-686.4147971740		0.7755612311		1499.8381654410
-686.4178397166		0.7755612311		1499.3884497260
-686.4196571676		0.7755612311		1499.2097472707
-686.4187881089		0.7755612311		1498.7627448049
-686.4152688588		0.7755612311		1498.4346164389
-686.4105483332		0.7755612311		1498.4231425499
-686.4069636432		0.7755612311		1498.5313844059
-686.4065573017		0.7755612311		1498.6309345451
-686.4103568077		0.7755612311		1497.8133271149
-686.4185388961		0.7755612311		1496.6556069807
-686.4311898673		0.7755612311		1495.0946308398
-686.4469599075		0.7755612311		1493.4798988956
-686.4628518310		0.7755612311		1491.7182540963
-686.4767596036		0.7755612311		1490.0099244529
-686.4886388756		0.7755612311		1488.7364938845
-686.4990110011		0.7755612311		1488.1149079053
-686.5076024856		0.7755612311		1487.5425337701
-686.5135657249		0.7755612311		1487.5061423339
-686.5166365228		0.7755612311		1487.8450232602
-686.5177696095		0.7755612311		1488.2952653450
-686.5185431509		0.7755612311		1488.3565781934
-686.5204665490		0.7755612311		1488.0257847575
-686.5239944702		0.7755612311		1487.1711751961
-686.5282917529		0.7755612311		1485.8691279709
-686.5318846914		0.7755612311		1484.5803895571
-686.5334931823		0.7755612311		1483.2849562270
-686.5323323451		0.7755612311		1482.6160080898
-686.5281757876		0.7755612311		1482.3232729681
-686.5209925103		0.7755612311		1482.6266302532
-686.5106010730		0.7755612311		1483.8918480717
-686.4974117629		0.7755612311		1485.6179291055
-686.4825992286		0.7755612311		1487.7938631983
-686.4680499522		0.7755612311		1490.0989726068
-686.4555517220		0.7755612311		1491.8780678127
-686.4459981580		0.7755612311		1493.6161798659
-686.4391099143		0.7755612311		1495.0281335563
-686.4341498040		0.7755612311		1496.2277526888
-686.4298091425		0.7755612311		1497.2359671620
-686.4255364271		0.7755612311		1498.6608287313
-686.4223469373		0.7755612311		1499.7997254302
-686.4213642786		0.7755612311		1500.8928232627
-686.4231170073		0.7755612311		1501.4654493839
-686.4272783065		0.7755612311		1501.5895988837
-686.4329423723		0.7755612311		1501.7408423274
-686.4394719234		0.7755612311		1501.6078400974
-686.4467524412		0.7755612311		1501.3366115444
-686.4551751973		0.7755612311		1500.9008800234
-686.4643935141		0.7755612311		1499.9114945594
-686.4735789565		0.7755612311		1498.7768485266
-686.4822047745		0.7755612311		1497.1552989511
-686.4905114731		0.7755612311		1495.3918635239
-686.4984631376		0.7755612311		1493.5420973129
-686.5052957494		0.7755612311		1491.8592088841
-686.5093969798		0.7755612311		1490.8966552990
-686.5093181059		0.7755612311		1490.4369061766
-686.5049470801		0.7755612311		1490.2992097735
-686.4980891408		0.7755612311		1490.6013375092
-686.4917614187		0.7755612311		1490.6257012725
-686.4881836126		0.7755612311		1490.3376131789
-686.4877716286		0.7755612311		1489.8187171082
-686.4895970264		0.7755612311		1488.9320862692
-686.4921921719		0.7755612311		1487.7964974052
-686.4940232550		0.7755612311		1487.1160532677
-686.4942402178		0.7755612311		1486.8260059354
-686.4929520599		0.7755612311		1487.0826989291
-686.4909839412		0.7755612311		1487.3938849709
-686.4900826861		0.7755612311		1487.4922814297
-686.4917052039		0.7755612311		1487.4212165417
-686.4957817229		0.7755612311		1487.1512963394
-686.5005737532		0.7755612311		1486.9148058999
-686.5045259407		0.7755612311		1486.5770813102
-686.5066783315		0.7755612311		1486.1102154422
-686.5070229106		0.7755612311		1485.5500031840
-686.5066402704		0.7755612311		1484.8253096112
-686.5068858402		0.7755612311		1483.8950727604