Potential energy (Ha)	Kinetic Energy (Ha)	Pressure (GPa)
-641.5259043220	        0.7755612311   		27842.0815806531
-641.6643978206        	0.7755612311		27765.5537808532
-642.1449349406        	0.7755612311		27561.6682065947
-642.5942716866        	0.7755612311		27370.0260182874
-642.9417373140        	0.7755612311		27221.2939699626
-643.2015785890        	0.7755612311		27110.9757412760
-643.3906767289        	0.7755612311		27031.7045388407
-643.5161076428        	0.7755612311		26978.7295462129
-643.5836384951        	0.7755612311		26948.4691687053
-643.6094757999        	0.7755612311		26934.5426529438
-643.6247526554        	0.7755612311		26927.0478306330
-643.6590556371        	0.7755612311		26917.2686703074
-643.7103911110        	0.7755612311		26905.3763694505
-643.7578661445        	0.7755612311		26896.5218284467
-643.7902581051        	0.7755612311		26893.6551881660
-643.8100549339        	0.7755612311		26895.3359625105
-643.8305902422        	0.7755612311		26895.0810330755
-643.8622906433        	0.7755612311		26888.8560308704
-643.8974371983        	0.7755612311		26879.5938263087
-643.9213478342        	0.7755612311		26873.8093590252
-643.9303639776        	0.7755612311		26873.0784446015
-643.9332749447        	0.7755612311		26873.9770293039
-643.9370960291        	0.7755612311		26872.3183317955
-643.9397333802        	0.7755612311		26868.6124330356
-643.9435281049        	0.7755612311		26863.2999759799
-643.9536923934        	0.7755612311		26856.6741861793
-643.9642387749        	0.7755612311		26851.0058210264
-643.9731543440        	0.7755612311		26845.1492989177
-643.9905098324        	0.7755612311		26834.7464654832
-644.0197330111        	0.7755612311		26819.2176117750
-644.0516883226        	0.7755612311		26802.4260234257
-644.0745888310        	0.7755612311		26789.1843679974
-644.0847087014        	0.7755612311		26779.8957514854
-644.0875264668        	0.7755612311		26772.3022384357
-644.0873408158        	0.7755612311		26765.1505297932
-644.0856697991        	0.7755612311		26758.8220956508
-644.0855377606        	0.7755612311		26753.4428713245
-644.0883574574        	0.7755612311		26748.8893571103
-644.0936073236        	0.7755612311		26744.7401353019
-644.1023212895        	0.7755612311		26740.0462001891
-644.1137281170        	0.7755612311		26735.2335406855
-644.1202665425        	0.7755612311		26733.0672881778
-644.1130366222        	0.7755612311		26736.3843231968
-644.0934420386        	0.7755612311		26745.9933662139
-644.0718126088        	0.7755612311		26757.8295675033
-644.0556932445        	0.7755612311		26767.6322418476
-644.0486300367        	0.7755612311		26771.5401414308
-644.0517868864        	0.7755612311		26768.1721245725
-644.0615832654        	0.7755612311		26760.7356205523
-644.0751113824        	0.7755612311		26752.9376501142
-644.0868116103        	0.7755612311		26747.5080537506
-644.0867842005        	0.7755612311		26748.2208950074
-644.0727720999        	0.7755612311		26755.3127208361
-644.0502061821        	0.7755612311		26767.7319591474
-644.0286389344        	0.7755612311		26780.4903574739
-644.0216374183        	0.7755612311		26787.0301961745
-644.0339596963        	0.7755612311		26783.6052614105
-644.0542069749        	0.7755612311		26774.5830178778
-644.0691762999        	0.7755612311		26766.2590071510
-644.0761288289        	0.7755612311		26762.7313681282
-644.0791761685        	0.7755612311		26765.1862429760
-644.0830373728        	0.7755612311		26772.4578342271
-644.0881494088        	0.7755612311		26781.4007976484
-644.0912866121        	0.7755612311		26789.4408196989
-644.0851217132        	0.7755612311		26796.3361628364
-644.0601760062        	0.7755612311		26804.1070447571
-644.0252784757        	0.7755612311		26812.4913588487
-644.0021261658        	0.7755612311		26816.6093163990
-643.9980343597        	0.7755612311		26815.5514450497
-644.0086348092        	0.7755612311		26811.1659000600
-644.0258085281        	0.7755612311		26806.8908203686
-644.0412768179        	0.7755612311		26804.2328812496
-644.0521228713        	0.7755612311		26800.7683366307
-644.0659968189        	0.7755612311		26793.2591700233
-644.0889254899        	0.7755612311		26779.5983060748
-644.1101274940        	0.7755612311		26765.0188690721
-644.1146514387        	0.7755612311		26756.1485478433
-644.1018166893        	0.7755612311		26754.4990279741
-644.0853466821        	0.7755612311		26757.1340357545
-644.0802593021        	0.7755612311		26758.7280999118
-644.0941823693        	0.7755612311		26756.8856034582
-644.1197524974        	0.7755612311		26753.0550538592
-644.1373379742        	0.7755612311		26751.5638518031
-644.1330703565        	0.7755612311		26756.3585375968
-644.1133908920        	0.7755612311		26764.3730116952
-644.0987230159        	0.7755612311		26769.2973795741
-644.0976494966        	0.7755612311		26767.3923394299
-644.1029620109        	0.7755612311		26760.0419614646
-644.1063215437        	0.7755612311		26751.8343751531
-644.1034936910        	0.7755612311		26746.7054411465
-644.0964662107        	0.7755612311		26746.4598536090
-644.0908947331        	0.7755612311		26750.2474583011
-644.0848754497        	0.7755612311		26757.1263287323
-644.0695566657        	0.7755612311		26766.6051798812
-644.0480725467        	0.7755612311		26774.6566678167
-644.0361878861        	0.7755612311		26776.3075944949
-644.0382247406        	0.7755612311		26770.8491447705
-644.0432356658        	0.7755612311		26762.6236407684
-644.0448178385        	0.7755612311		26755.0002979716
-644.0450181049        	0.7755612311		26749.0581324976
-644.0452617674        	0.7755612311		26745.1258522428
-644.0419711376        	0.7755612311		26744.1877362952
-644.0333083214        	0.7755612311		26745.7399884530
-644.0236502057        	0.7755612311		26748.4698797845
-644.0177011564        	0.7755612311		26751.7167474330
-644.0135442836        	0.7755612311		26757.0384966337
-644.0018020357        	0.7755612311		26767.8042817484
-643.9791012171        	0.7755612311		26783.5241422772
-643.9576272248        	0.7755612311		26798.8302073253
-643.9590333513        	0.7755612311		26804.7770911125
-643.9878567617        	0.7755612311		26798.8606889848
-644.0212922549        	0.7755612311		26788.4296513632
-644.0382438360        	0.7755612311		26781.5681250802
-644.0357170597        	0.7755612311		26781.2416894088
-644.0258326435        	0.7755612311		26785.4133883480
-644.0223591560        	0.7755612311		26788.8343952747
-644.0257439720        	0.7755612311		26790.8733171678
-644.0318139586        	0.7755612311		26792.2167896043
-644.0465635321        	0.7755612311		26790.6569954320
-644.0765463512        	0.7755612311		26783.3117777720
-644.1090708678        	0.7755612311		26773.5937421978
-644.1206850137        	0.7755612311		26769.4970558606
-644.1019892769        	0.7755612311		26775.0797976414
-644.0627556630        	0.7755612311		26788.6408778574
-644.0197488207        	0.7755612311		26804.7414988878
-643.9872468413        	0.7755612311		26817.0395710064
-643.9775822074        	0.7755612311		26819.5988220850
-643.9954770800        	0.7755612311		26810.3414033840
-644.0301016032        	0.7755612311		26793.4253520773
-644.0705248840        	0.7755612311		26773.9880425055
-644.1121379073        	0.7755612311		26756.1184053957
-644.1494767832        	0.7755612311		26741.6007941134
-644.1743496542        	0.7755612311		26733.7072146966
-644.1795719772        	0.7755612311		26733.8749197432
-644.1658513330        	0.7755612311		26740.8119412904
-644.1427005657        	0.7755612311		26750.6305312791
-644.1183706062        	0.7755612311		26759.9811505593
-644.0953769589        	0.7755612311		26767.6452760989
-644.0672975605        	0.7755612311		26776.0095380057
-644.0286585908        	0.7755612311		26786.9911968011
-643.9921350247        	0.7755612311		26797.8877309120
-643.9773655662        	0.7755612311		26803.0389371298
-643.9854943215        	0.7755612311		26801.7499985943
-644.0001063228        	0.7755612311		26798.5335492112
-644.0106078051        	0.7755612311		26796.3478250395
-644.0233366644        	0.7755612311		26791.9082044034
-644.0478061032        	0.7755612311		26782.4545557714
-644.0833027079        	0.7755612311		26768.2186119917
-644.1203972701        	0.7755612311		26753.1337862594
-644.1446261419        	0.7755612311		26742.9328737377
-644.1420750263        	0.7755612311		26743.2403930804
-644.1058532252        	0.7755612311		26756.5593842337
-644.0483339324        	0.7755612311		26779.2152177882
-643.9982130000        	0.7755612311		26800.4136033436
-643.9828305529        	0.7755612311		26807.9889582103
-644.0141831200        	0.7755612311		26796.4522979419
-644.0765005392        	0.7755612311		26772.0242287373
-644.1374405910        	0.7755612311		26747.1439868602
-644.1727811723        	0.7755612311		26732.0719712584
-644.1754969646        	0.7755612311		26729.4383657012
-644.1534263419        	0.7755612311		26736.9588396217
-644.1231852497        	0.7755612311		26748.9082344317
-644.1004968141        	0.7755612311		26758.6969843593
-644.0953977796        	0.7755612311		26763.2140430711
-644.1083393917        	0.7755612311		26761.5985019292
-644.1278800051        	0.7755612311		26757.1380960301
-644.1371884047        	0.7755612311		26755.8055736372
-644.1285275903        	0.7755612311		26759.8352781843
-644.1153341671        	0.7755612311		26764.6596999261
-644.1175199965        	0.7755612311		26762.6987681580
-644.1376028319        	0.7755612311		26753.3799410213
-644.1583648391        	0.7755612311		26742.4929193490
-644.1622154995        	0.7755612311		26737.0667512872
-644.1499702464        	0.7755612311		26737.9625949803
-644.1327784436        	0.7755612311		26742.6319825718
-644.1162834174        	0.7755612311		26748.2499307216
-644.0986297284        	0.7755612311		26754.6855562338
-644.0812788878        	0.7755612311		26761.5358727020
-644.0637780652        	0.7755612311		26769.6921066534
-644.0415319343        	0.7755612311		26779.2638758340
-644.0180757742        	0.7755612311		26787.7768474114
-643.9998663022        	0.7755612311		26793.6361575887
-643.9875255632        	0.7755612311		26796.6903959960
-643.9757171989        	0.7755612311		26800.6686603844
-643.9553588498        	0.7755612311		26809.2420284423
-643.9308321108        	0.7755612311		26819.5454579486
-643.9267958049        	0.7755612311		26822.9549496945
-643.9538247514        	0.7755612311		26813.6081720866
-643.9899003145        	0.7755612311		26798.2459243206
-644.0094575830        	0.7755612311		26787.4551001941
-644.0054963696        	0.7755612311		26786.0516717271
-643.9900167675        	0.7755612311		26791.0331779402
-643.9861546204        	0.7755612311		26794.2080736449
-644.0024633525        	0.7755612311		26791.1367191341
-644.0250938332        	0.7755612311		26783.5189219440
-644.0442335557        	0.7755612311		26773.5054637564
-644.0620942685        	0.7755612311		26761.6149640869
-644.0795632377        	0.7755612311		26749.0422975727
-644.0939720528        	0.7755612311		26738.2060096964
-644.1113296384        	0.7755612311		26730.0400391243
-644.1412549673        	0.7755612311		26723.1122603684
-644.1748796857        	0.7755612311		26718.0594929431
-644.1905901862        	0.7755612311		26720.2564223838
-644.1722495649        	0.7755612311		26733.6349148551
-644.1251017288        	0.7755612311		26756.0953940215
-644.0714928401        	0.7755612311		26780.8308784079
-644.0340727028        	0.7755612311		26800.2944872007
-644.0268641621        	0.7755612311		26809.5720385158
-644.0426722300        	0.7755612311		26811.0188181342
-644.0643312988        	0.7755612311		26808.9861230287
-644.0833523056        	0.7755612311		26804.8343190781
-644.0980015850        	0.7755612311		26797.4622208278
-644.1144927739        	0.7755612311		26786.6002451569
-644.1393643056        	0.7755612311		26772.4613257889
-644.1492121264        	0.7755612311		26762.2818371831
-644.1344048649        	0.7755612311		26759.8654483262
-644.1106268685        	0.7755612311		26762.8627213502
-644.0925444997        	0.7755612311		26766.7745413941
-644.0819247505        	0.7755612311		26769.5894923859
-644.0761555605        	0.7755612311		26770.6193345178
-644.0715057073        	0.7755612311		26770.1279900285
-644.0601657619        	0.7755612311		26771.3910197902
-644.0413554115        	0.7755612311		26776.5377982711
-644.0245298127        	0.7755612311		26783.8664348045
-644.0184316222        	0.7755612311		26790.0006226046
-644.0257975801        	0.7755612311		26791.5611241876
-644.0432190354        	0.7755612311		26787.1162120019
-644.0648810564        	0.7755612311		26778.4673792738
-644.0833078231        	0.7755612311		26768.6412925163
-644.0921777369        	0.7755612311		26760.0840541995
-644.0931499666        	0.7755612311		26752.9884869135
-644.0897728274        	0.7755612311		26747.1033146541
-644.0869120517        	0.7755612311		26741.7914066269
-644.0899724581        	0.7755612311		26735.6559272514
-644.0987033057        	0.7755612311		26730.1224057742
-644.1043005516        	0.7755612311		26728.1830977433
-644.0971251965        	0.7755612311		26731.9257274193
-644.0770243521        	0.7755612311		26740.7315286085
-644.0528773899        	0.7755612311		26750.2548852547
-644.0362365549        	0.7755612311		26757.0214333470
-644.0364276545        	0.7755612311		26759.5945819121
-644.0521739505        	0.7755612311		26759.3691206328
-644.0699936709        	0.7755612311		26760.0209918664
-644.0793481999        	0.7755612311		26762.6088043143
-644.0829977902        	0.7755612311		26764.9271480666
-644.0907910574        	0.7755612311		26763.5543444356
-644.1051966446        	0.7755612311		26757.5541738669
-644.1150748480        	0.7755612311		26752.1439238382
-644.1049990014        	0.7755612311		26753.7541168155
-644.0723957199        	0.7755612311		26763.9955758870
-644.0324793566        	0.7755612311		26778.4897276124
-643.9974666455        	0.7755612311		26793.0320399292
-643.9708603561        	0.7755612311		26805.5036609642
-643.9575069910        	0.7755612311		26813.1007550224
-643.9633569513        	0.7755612311		26812.6078645345
-643.9862924106        	0.7755612311		26805.3970532635
-644.0137630447        	0.7755612311		26797.3873818042
-644.0336000299        	0.7755612311		26793.6767919664
-644.0473061471        	0.7755612311		26792.7471115446
-644.0677774552        	0.7755612311		26788.4847260953
-644.1004670779        	0.7755612311		26778.8078455956
-644.1326750548        	0.7755612311		26768.9079137835
-644.1451199166        	0.7755612311		26765.1497158224
-644.1278893894        	0.7755612311		26771.5404816689
-644.0877559163        	0.7755612311		26785.8764410649
-644.0501601453        	0.7755612311		26798.9965184061
-644.0442637942        	0.7755612311		26800.9258146583
-644.0794999265        	0.7755612311		26788.1173775581
-644.1390812999        	0.7755612311		26766.5772227134
-644.1942918260        	0.7755612311		26746.6476595841
-644.2205462417        	0.7755612311		26737.5991558651
-644.2046736425        	0.7755612311		26743.6918016390
-644.1532315632        	0.7755612311		26761.1092971881
-644.0985907535        	0.7755612311		26775.9641982487
-644.0785882553        	0.7755612311		26775.4025110513
-644.0999904432        	0.7755612311		26758.9534496130
-644.1335630402        	0.7755612311		26738.6179422539
-644.1514070240        	0.7755612311		26725.3610647897
-644.1488896338        	0.7755612311		26723.0242725788
-644.1309915322        	0.7755612311		26730.0704134770
-644.1030557924        	0.7755612311		26743.2285163119
-644.0771146408        	0.7755612311		26758.3304689319
-644.0549743503        	0.7755612311		26772.2043364514
-644.0321533626        	0.7755612311		26783.9125934449
-644.0176965569        	0.7755612311		26789.6871987421
-644.0218448736        	0.7755612311		26786.7146123033
-644.0433473434        	0.7755612311		26776.9653173988
-644.0693428530        	0.7755612311		26766.5960390494
-644.0830413684        	0.7755612311		26762.1864536852
-644.0784914433        	0.7755612311		26764.7483509222
-644.0654029825        	0.7755612311		26770.4680266275
-644.0567997691        	0.7755612311		26774.4391920779
-644.0555072871        	0.7755612311		26775.0096190132
-644.0561398801        	0.7755612311		26775.8680525683
-644.0547821174        	0.7755612311		26778.6302518599
-644.0571928012        	0.7755612311		26781.3837538507
-644.0701267807        	0.7755612311		26781.6411445424
-644.0830427694        	0.7755612311		26781.2146676496
-644.0764402191        	0.7755612311		26784.6677198539
-644.0465574752        	0.7755612311		26793.6979106246
-644.0155904450        	0.7755612311		26801.8003696745
-644.0145408829        	0.7755612311		26800.5139771765
-644.0443923304        	0.7755612311		26791.4173306629
-644.0765362951        	0.7755612311		26784.5558286222
-644.0912379761        	0.7755612311		26785.6730835773
-644.0883991583        	0.7755612311		26792.7479336753
-644.0826867173        	0.7755612311		26799.2609339021
-644.0844789350        	0.7755612311		26800.7032610501
-644.0892018704        	0.7755612311		26799.2898485219
-644.0942966231        	0.7755612311		26795.2987024648
-644.1008978984        	0.7755612311		26787.5749137335
-644.1077122604        	0.7755612311		26777.1038417113
-644.1182920251        	0.7755612311		26765.6989876570
-644.1335162528        	0.7755612311		26756.1518417960
-644.1448974980        	0.7755612311		26751.2048897824
-644.1436679319        	0.7755612311		26752.3223096876
-644.1263227656        	0.7755612311		26758.0686683931
-644.1003808293        	0.7755612311		26764.1672771114
-644.0750550192        	0.7755612311		26766.8882378334
-644.0495249551        	0.7755612311		26768.6664381001
-644.0220383822        	0.7755612311		26773.3424789264
-643.9955705147        	0.7755612311		26782.6154476713
-643.9746893120        	0.7755612311		26795.0925748058
-643.9689663097        	0.7755612311		26804.5789134867
-643.9866664157        	0.7755612311		26804.5292789215
-644.0195444957        	0.7755612311		26796.2080128207
-644.0473826235        	0.7755612311		26787.7029689276
-644.0522444012        	0.7755612311		26787.3858021562
-644.0292617243        	0.7755612311		26798.0864579462
-643.9992454277        	0.7755612311		26812.8542312088
-644.0001544599        	0.7755612311		26819.5036499027
-644.0422303227        	0.7755612311		26811.3410410398
-644.0976858010        	0.7755612311		26794.3288779288
-644.1348768830        	0.7755612311		26778.8422761561
-644.1425649964        	0.7755612311		26769.3602503731
-644.1301756831        	0.7755612311		26764.6944846032
-644.1153281947        	0.7755612311		26760.6695654388
-644.1064611759        	0.7755612311		26757.1017902148
-644.0950131544        	0.7755612311		26756.8910549273
-644.0705214852        	0.7755612311		26763.2005042575
-644.0345396649        	0.7755612311		26774.9842561251
-643.9980561158        	0.7755612311		26788.7182196477
-643.9761533436        	0.7755612311		26798.2248798801
-643.9785733044        	0.7755612311		26799.2597623369
-643.9966013108        	0.7755612311		26793.4868151727
-644.0118311237        	0.7755612311		26786.8893926282
-644.0133815766        	0.7755612311		26783.3106537215
-644.0035192815        	0.7755612311		26782.9570139842
-643.9931198518        	0.7755612311		26782.8796249442
-643.9919954582        	0.7755612311		26779.4765026795
-644.0005417428        	0.7755612311		26771.5374757486
-644.0086387353        	0.7755612311		26762.1711603980
-644.0065931520        	0.7755612311		26757.1108412341
-643.9953097011        	0.7755612311		26757.9832023329
-643.9848959097        	0.7755612311		26762.3295245454
-643.9833567406        	0.7755612311		26766.2094097657
-643.9887647554        	0.7755612311		26768.2397390369
-643.9955962770        	0.7755612311		26769.4005555474
-644.0039675937        	0.7755612311		26768.3713755539
-644.0183256198        	0.7755612311		26763.7632672738
-644.0373142815        	0.7755612311		26755.8883655503
-644.0521405499        	0.7755612311		26748.7156422403
-644.0563217067        	0.7755612311		26745.2000886642
-644.0506825683        	0.7755612311		26746.4452481326
-644.0385737332        	0.7755612311		26751.1453616931
-644.0247954687        	0.7755612311		26756.7135818009
-644.0160224657        	0.7755612311		26759.8701243786
-644.0125876516        	0.7755612311		26760.4573027834
-644.0077121554        	0.7755612311		26760.6183938688
-644.0018622042        	0.7755612311		26761.7057368592
-644.0108566957        	0.7755612311		26760.8668361698
-644.0360939758        	0.7755612311		26757.3106326554
-644.0602037317        	0.7755612311		26754.2005731309
-644.0704369088        	0.7755612311		26754.0666381367
-644.0699287047        	0.7755612311		26755.5126140486
-644.0707792874        	0.7755612311		26755.0133511580
-644.0782567525        	0.7755612311		26752.0860988373
-644.0880982551        	0.7755612311		26748.3174630646
-644.0967915462        	0.7755612311		26746.4297445719
-644.1032759258        	0.7755612311		26748.4195843720
-644.1003457389        	0.7755612311		26756.0120634540
-644.0809261182        	0.7755612311		26769.3335937899
-644.0452372205        	0.7755612311		26786.3562100043
-644.0018469453        	0.7755612311		26803.4182850551
-643.9690619599        	0.7755612311		26814.9787370380
-643.9627394213        	0.7755612311		26816.4267091502
-643.9812130310        	0.7755612311		26809.7601238381
-644.0072059562        	0.7755612311		26801.6847827674
-644.0231928339        	0.7755612311		26798.2327557843
-644.0228895256        	0.7755612311		26800.2821125541
-644.0105739450        	0.7755612311		26804.7121011038
-643.9970402933        	0.7755612311		26806.5735373153
-643.9905132260        	0.7755612311		26803.8395811004
-643.9929759901        	0.7755612311		26798.2678336779
-643.9992233052        	0.7755612311		26793.7260199978
-643.9974565019        	0.7755612311		26794.1738310839
-643.9846549873        	0.7755612311		26799.3209549969
-643.9692999244        	0.7755612311		26805.7094669852
-643.9612261094        	0.7755612311		26811.0592754171
-643.9704509769        	0.7755612311		26811.2313588729
-644.0025203065        	0.7755612311		26803.5190666663
-644.0476259797        	0.7755612311		26789.5870539863
-644.0889616317        	0.7755612311		26775.2547711457
-644.1110594939        	0.7755612311		26766.1006758740
-644.1019806204        	0.7755612311		26765.8191641088
-644.0658844613        	0.7755612311		26773.1158471690
-644.0311551501        	0.7755612311		26780.1095079281
-644.0306559336        	0.7755612311		26778.4857775851
-644.0637709160        	0.7755612311		26768.3317744141
-644.1006915499        	0.7755612311		26759.0362676782
-644.1186550468        	0.7755612311		26756.8706917104
-644.1190234044        	0.7755612311		26759.7039428929
-644.1139665963        	0.7755612311		26763.0021555999
-644.1114280421        	0.7755612311		26763.6161899347
-644.1112385681        	0.7755612311		26762.9342021165
-644.1060607870        	0.7755612311		26764.6639917101
-644.0908084760        	0.7755612311		26771.2468077798
-644.0709794749        	0.7755612311		26779.9495370804
-644.0559293241        	0.7755612311		26786.0731911164
-644.0461537610        	0.7755612311		26788.3343994402
-644.0457101342        	0.7755612311		26786.0469235249
-644.0711994548        	0.7755612311		26778.3883012999
-644.1030217582        	0.7755612311		26770.0961484807
-644.1215410461        	0.7755612311		26764.1324083740
-644.1302938541        	0.7755612311		26760.7795880275
-644.1257921395        	0.7755612311		26762.0494844398
-644.1015757326        	0.7755612311		26769.6782604048
-644.0630648310        	0.7755612311		26783.0008767944
-644.0237274196        	0.7755612311		26798.3198411698
-644.0047554761        	0.7755612311		26808.7178605435
-644.0228887253        	0.7755612311		26807.4023781686
-644.0682324182        	0.7755612311		26794.9349641252
-644.1144444364        	0.7755612311		26778.4846414758
-644.1458643485        	0.7755612311		26764.3438647696
-644.1659220094        	0.7755612311		26753.9508937866
-644.1813785616        	0.7755612311		26746.6364517641
-644.1839013151        	0.7755612311		26745.6847185528
-644.1628759173        	0.7755612311		26753.3276159810
-644.1257475022        	0.7755612311		26766.4615588978
-644.0964782250        	0.7755612311		26777.1308450320
-644.0907374876        	0.7755612311		26778.4389599429
-644.1030581458        	0.7755612311		26772.0008466209
-644.1176880759        	0.7755612311		26763.6018742882
-644.1248555661        	0.7755612311		26757.8499623723
-644.1235077059        	0.7755612311		26756.7320093260
-644.1156117932        	0.7755612311		26760.2281628056
-644.0999456517        	0.7755612311		26768.8489445705
-644.0735937898        	0.7755612311		26783.2829547931
-644.0376770597        	0.7755612311		26802.1100249307
-643.9996878864        	0.7755612311		26820.1549460508
-643.9706563020        	0.7755612311		26832.3378516472
-643.9566322816        	0.7755612311		26837.0999017129
-643.9511509743        	0.7755612311		26836.9365919265
-643.9382415597        	0.7755612311		26837.9449199315
-643.9107714397        	0.7755612311		26842.1043242850
-643.8797797797        	0.7755612311		26844.9622173233
-643.8618534512        	0.7755612311		26841.3627133916
-643.8630127534        	0.7755612311		26830.4555204798
-643.8786261132        	0.7755612311		26816.1471427461
-643.9017726870        	0.7755612311		26802.4094976426
-643.9279062114        	0.7755612311		26789.6086307675
-643.9558862470        	0.7755612311		26776.6946218662
-643.9830037027        	0.7755612311		26763.7135629331
-644.0071376692        	0.7755612311		26751.2848988990
-644.0299285968        	0.7755612311		26740.8603913310
-644.0484481666        	0.7755612311		26734.3039784530
-644.0538359149        	0.7755612311		26735.2810236497
-644.0415335761        	0.7755612311		26745.5497930930
-644.0166878715        	0.7755612311		26762.4605280356
-643.9959942644        	0.7755612311		26778.5314640432
-643.9939592395        	0.7755612311		26786.7920558259
-644.0059159803        	0.7755612311		26788.4596588349
-644.0182073182        	0.7755612311		26788.6811723504
-644.0185812736        	0.7755612311		26792.1540560577
-644.0085085317        	0.7755612311		26797.6997087694
-644.0021700207        	0.7755612311		26800.5487806280
-644.0087328710        	0.7755612311		26798.7048093711
-644.0247506169        	0.7755612311		26793.2024405121
-644.0406939701        	0.7755612311		26788.1429298955
-644.0494088238        	0.7755612311		26785.1585233734
-644.0469814437        	0.7755612311		26785.3632701486
-644.0332475549        	0.7755612311		26788.5430079254
-644.0120704593        	0.7755612311		26794.0063567433
-643.9892126297        	0.7755612311		26800.3805318517
-643.9701866117        	0.7755612311		26806.2802921041
-643.9584904280        	0.7755612311		26809.8142783576
-643.9586549584        	0.7755612311		26808.9132744930
-643.9761148709        	0.7755612311		26802.4145461412
-644.0071695238        	0.7755612311		26792.5125137861
-644.0387440520        	0.7755612311		26782.7304809104
-644.0632148025        	0.7755612311		26774.1491533835
-644.0823767498        	0.7755612311		26765.5797112407
-644.0974500144        	0.7755612311		26757.9988810276
-644.1062034490        	0.7755612311		26754.5402013124
-644.1040296375        	0.7755612311		26758.3827639609
-644.0864490797        	0.7755612311		26771.5379938181
-644.0558796420        	0.7755612311		26791.7429247086
-644.0228409439        	0.7755612311		26813.1165893728
-644.0036934161        	0.7755612311		26827.2132665026
-644.0100774991        	0.7755612311		26828.3449750794
-644.0295088686        	0.7755612311		26822.0159773141
-644.0376947106        	0.7755612311		26818.4549363461
-644.0252952477        	0.7755612311		26823.5583501453
-644.0014100543        	0.7755612311		26833.4440046252
-643.9880174077        	0.7755612311		26838.7739095674
-644.0017798220        	0.7755612311		26833.1120643005
-644.0318143562        	0.7755612311		26820.5790871881
-644.0542728072        	0.7755612311		26809.4722398528
-644.0658970070        	0.7755612311		26803.3403780658
-644.0768294308        	0.7755612311		26800.4509331100
-644.0902600898        	0.7755612311		26800.3984186608
-644.1007290579        	0.7755612311		26802.6608888418
-644.1008302068        	0.7755612311		26806.8946857854
-644.0874130489        	0.7755612311		26812.1167226143
-644.0619347428        	0.7755612311		26818.7649903157
-644.0339057946        	0.7755612311		26825.6150954209
-644.0197094466        	0.7755612311		26827.7160536069
-644.0318846051        	0.7755612311		26821.7462282273
-644.0638784206        	0.7755612311		26809.0633636885
-644.0923768223        	0.7755612311		26797.2422223968
-644.1008822774        	0.7755612311		26792.0759239544
-644.0903427893        	0.7755612311		26794.2318309800
-644.0731788090        	0.7755612311		26800.0998352404
-644.0587070857        	0.7755612311		26806.3574908179
-644.0445766173        	0.7755612311		26812.5846988510
-644.0275619845        	0.7755612311		26818.5088068229
-644.0125699237        	0.7755612311		26822.7530358889
-644.0066827581        	0.7755612311		26823.6833015371
-644.0127714381        	0.7755612311		26821.3039222872
-644.0311460141        	0.7755612311		26816.1497954530
-644.0574872117        	0.7755612311		26808.6117962889
-644.0807532533        	0.7755612311		26801.1734149974
-644.0918018853        	0.7755612311		26795.9722917989
-644.0865669043        	0.7755612311		26795.1315021821
-644.0686324033        	0.7755612311		26797.8528807279
-644.0549304277        	0.7755612311		26798.9492125569
-644.0622328669        	0.7755612311		26794.3139680245
-644.0797870708        	0.7755612311		26786.1750952712
-644.0839536321        	0.7755612311		26781.1303241605
-644.0642654337        	0.7755612311		26782.1332584625
-644.0311946100        	0.7755612311		26785.9939249533
-644.0062673989        	0.7755612311		26786.1433832110
-644.0007259437        	0.7755612311		26780.3818237384
-644.0106042793        	0.7755612311		26771.4802061485
-644.0249769586        	0.7755612311		26764.3255875126
-644.0320951478        	0.7755612311		26762.0560817781
-644.0267593474        	0.7755612311		26766.7900283404
-644.0085990830        	0.7755612311		26776.8729043419
-643.9801576982        	0.7755612311		26788.3766766493
-643.9526363483        	0.7755612311		26795.9566305136
-643.9448084267        	0.7755612311		26793.9098652831
-643.9613023235        	0.7755612311		26782.7018307851
-643.9876550442        	0.7755612311		26768.3635375590
-644.0102737397        	0.7755612311		26755.6346372980
-644.0187889017        	0.7755612311		26747.6079457783
-644.0069963635        	0.7755612311		26746.8445256257
-643.9841981298        	0.7755612311		26751.5052832106
-643.9848833820        	0.7755612311		26755.0978752463
-644.0022898758        	0.7755612311		26759.3333172412
-644.0056174398        	0.7755612311		26770.1411237802
-643.9974438262        	0.7755612311		26784.1351172577
-643.9868440743        	0.7755612311		26796.5250653025
-643.9740871538        	0.7755612311		26805.1432881351
-643.9653621675        	0.7755612311		26807.7513812050
-643.9775212902        	0.7755612311		26799.4130380203
-644.0108148043        	0.7755612311		26781.4771750493
-644.0454083042        	0.7755612311		26761.1950188640
-644.0656552378        	0.7755612311		26746.8787166464
-644.0722733499        	0.7755612311		26740.2601450370
-644.0739678200        	0.7755612311		26740.1508032815
-644.0746237030        	0.7755612311		26744.1043805817
-644.0722627380        	0.7755612311		26750.2143378004
-644.0663374540        	0.7755612311		26757.2878054473
-644.0566661171        	0.7755612311		26766.5295456414
-644.0450724274        	0.7755612311		26776.9987369936
-644.0373334225        	0.7755612311		26785.2666190156
-644.0364230721        	0.7755612311		26789.4572009674
-644.0398714080        	0.7755612311		26788.8680049110
-644.0406017401        	0.7755612311		26786.2769736514
-644.0296039562        	0.7755612311		26785.3519531598
-644.0093448077        	0.7755612311		26786.4873251273
-643.9901162824        	0.7755612311		26787.0398996588
-643.9809560472        	0.7755612311		26784.6954924585
-643.9960509263        	0.7755612311		26775.5059557973
-644.0353459822        	0.7755612311		26759.0186778797
-644.0738744392        	0.7755612311		26742.5870293191
-644.0870348875        	0.7755612311		26734.0897879186
-644.0682964763        	0.7755612311		26737.3074629969
-644.0342828392        	0.7755612311		26747.9296677365
-644.0131315491        	0.7755612311		26757.8497517227
-644.0106886080        	0.7755612311		26762.3936845172
-644.0185443073        	0.7755612311		26761.3056382280
-644.0371321019        	0.7755612311		26754.5297833059
-644.0675128205        	0.7755612311		26741.4005352157
-644.0988416456        	0.7755612311		26726.8632710840
-644.1157108892        	0.7755612311		26716.5873813525
-644.1135897817        	0.7755612311		26713.9945422417
-644.1006164346        	0.7755612311		26717.4966079254
-644.0831967370        	0.7755612311		26724.7247657032
-644.0596412295        	0.7755612311		26735.2780097743
-644.0278633585        	0.7755612311		26748.5639218522
-643.9942131977        	0.7755612311		26761.4481143411
-643.9742969849        	0.7755612311		26768.5897597841
-643.9787222728        	0.7755612311		26767.7305849424
-644.0003832764        	0.7755612311		26760.8575519505
-644.0247278121        	0.7755612311		26753.7602432675
-644.0383697691        	0.7755612311		26751.9028084066
-644.0316350292        	0.7755612311		26757.9775700595
-644.0079208286        	0.7755612311		26770.3640600462
-643.9814307463        	0.7755612311		26784.4905081735
-643.9616322792        	0.7755612311		26797.0110655375
-643.9471875473        	0.7755612311		26807.8866296769
-643.9330867031        	0.7755612311		26818.7551700987
-643.9177648597        	0.7755612311		26829.6802806127
-643.9031022478        	0.7755612311		26838.8500881270
-643.8899319538        	0.7755612311		26844.1800441381
-643.8774117016        	0.7755612311		26845.3335494552
-643.8701777087        	0.7755612311		26840.9614073395
-643.8796168072        	0.7755612311		26830.5345545604
-643.9064323632        	0.7755612311		26815.7103967336
-643.9370751994        	0.7755612311		26803.3716698845
-643.9586948264        	0.7755612311		26797.7948620380
-643.9655275030        	0.7755612311		26799.6372501402
-643.9668755916        	0.7755612311		26803.6828503400
-643.9759326618        	0.7755612311		26804.3384109974
-643.9887217993        	0.7755612311		26802.3804179409
-643.9950287901        	0.7755612311		26801.3682589094
-643.9943517663        	0.7755612311		26801.3406738233
-643.9960839897        	0.7755612311		26799.3175342748
-644.0094287797        	0.7755612311		26791.0053951577
-644.0311107333        	0.7755612311		26778.7802123518
-644.0477624725        	0.7755612311		26769.0122004213
-644.0492568422        	0.7755612311		26765.4551744725
-644.0352059034        	0.7755612311		26768.3760023877
-644.0156183765        	0.7755612311		26774.1398027488
-644.0062924693        	0.7755612311		26777.0784147195
-644.0154178132        	0.7755612311		26774.2203059204
-644.0380364733        	0.7755612311		26767.3167966279
-644.0618076733        	0.7755612311		26761.0402909145
-644.0721134167        	0.7755612311		26761.3070208071
-644.0622579211        	0.7755612311		26771.8852030434
-644.0452688786        	0.7755612311		26786.7022654111
-644.0406256059        	0.7755612311		26797.2058109096
-644.0479882914        	0.7755612311		26799.8015090782
-644.0562454317        	0.7755612311		26797.1575580346
-644.0640978898        	0.7755612311		26791.3213084788
-644.0782966211        	0.7755612311		26781.4351414557
-644.1023107812        	0.7755612311		26767.7249434295
-644.1287629011        	0.7755612311		26754.1298318635
-644.1442850664        	0.7755612311		26745.0055687314
-644.1398280504        	0.7755612311		26745.0771857435
-644.1171754923        	0.7755612311		26753.4147563516
-644.0833989015        	0.7755612311		26766.3527216526
-644.0462188227        	0.7755612311		26779.2175311240
-644.0157409676        	0.7755612311		26788.1842688998
-643.9990583626        	0.7755612311		26792.5163943256
-643.9950171241        	0.7755612311		26794.0030217906
-643.9975656809        	0.7755612311		26794.5235626261
-644.0049036269        	0.7755612311		26792.9830069251
-644.0223884609        	0.7755612311		26787.0348816175
-644.0468291583        	0.7755612311		26777.4098010439
-644.0615885509        	0.7755612311		26768.9689217268
-644.0596714919        	0.7755612311		26763.5200012198
-644.0587055069        	0.7755612311		26756.4674018053
-644.0777038323        	0.7755612311		26742.9810684209
-644.1053812324        	0.7755612311		26727.4034099677
-644.1182777049        	0.7755612311		26716.6703532240
-644.1015099864        	0.7755612311		26716.6901331757
-644.0504671131        	0.7755612311		26730.0878531078
-643.9788508557        	0.7755612311		26753.6385304204
-643.9205239787        	0.7755612311		26777.5286760109
-643.9065630509        	0.7755612311		26789.8204495358
-643.9350051461        	0.7755612311		26787.9629783219
-643.9857911922        	0.7755612311		26776.0048265200
-644.0475136668        	0.7755612311		26758.3576752531
-644.1096371477        	0.7755612311		26739.5756492288
-644.1536114755        	0.7755612311		26726.2983551421
-644.1666304399        	0.7755612311		26724.0664442712
-644.1530019208        	0.7755612311		26731.8537022785
-644.1307453982        	0.7755612311		26743.8150470927
-644.1193498484        	0.7755612311		26755.0733425859
-644.1139986975        	0.7755612311		26765.3920344892
-644.1128233412        	0.7755612311		26772.9578062592
-644.1281142610        	0.7755612311		26772.7586023568
-644.1543761620        	0.7755612311		26764.9038459937
-644.1767436089        	0.7755612311		26754.0782924397
-644.1852450545        	0.7755612311		26744.5933501171
-644.1734318994        	0.7755612311		26740.3938614355
-644.1417466368        	0.7755612311		26743.8236508220
-644.1020222922        	0.7755612311		26754.1035086206
-644.0690755265        	0.7755612311		26766.2875899676
-644.0546794582        	0.7755612311		26774.4819451307
-644.0619275989        	0.7755612311		26775.5970957109
-644.0819771519        	0.7755612311		26771.7210755558
-644.0984001105        	0.7755612311		26769.0586556476
-644.0998714531        	0.7755612311		26771.7339983300
-644.0873650869        	0.7755612311		26780.3721794048
-644.0669852176        	0.7755612311		26793.0956408254
-644.0463089349        	0.7755612311		26805.9439445226
-644.0338833898        	0.7755612311		26815.3412463424
-644.0309214181        	0.7755612311		26820.0100696559
-644.0331286032        	0.7755612311		26820.6272354390
-644.0407967483        	0.7755612311		26817.9461043729
-644.0498257823        	0.7755612311		26813.1123135417
-644.0490559477        	0.7755612311		26810.2225374245
-644.0394098104        	0.7755612311		26808.6541032089
-644.0344000700        	0.7755612311		26802.8406728446
-644.0480290713        	0.7755612311		26788.3192025653
-644.0801865815        	0.7755612311		26767.2236064681
-644.1136281868        	0.7755612311		26746.4508252282
-644.1353897565        	0.7755612311		26731.9798747008
-644.1483428115        	0.7755612311		26723.2686153087
-644.1518943456        	0.7755612311		26719.6622062603
-644.1373067917        	0.7755612311		26723.2816628540
-644.0995450790        	0.7755612311		26735.1756765944
-644.0468532043        	0.7755612311		26753.2306223908
-643.9999397929        	0.7755612311		26769.9865990886
-643.9699798177        	0.7755612311		26782.7393796273
-643.9532979160        	0.7755612311		26792.4497701051
-643.9483729761        	0.7755612311		26799.4558967187
-643.9546283197        	0.7755612311		26801.7678426090
-643.9705953615        	0.7755612311		26799.4368139830
-643.9974029490        	0.7755612311		26791.7128314311
-644.0359991421        	0.7755612311		26778.4010594420
-644.0765384116        	0.7755612311		26763.2175541662
-644.1002618579        	0.7755612311		26751.9558909109
-644.1002906467        	0.7755612311		26748.0145833131
-644.0875117889        	0.7755612311		26749.7131827916
-644.0802292065        	0.7755612311		26753.4368234173
-644.0891576817        	0.7755612311		26756.4710642020
-644.1079252139        	0.7755612311		26758.6804357311
-644.1233226697        	0.7755612311		26762.5221289973
-644.1270392542        	0.7755612311		26770.2023926818
-644.1170734413        	0.7755612311		26782.0025181622
-644.1030161363        	0.7755612311		26794.6899643208
-644.1036362892        	0.7755612311		26800.9649924207
-644.1191630793        	0.7755612311		26799.5587277886
-644.1324787391        	0.7755612311		26796.7998124478
-644.1347599656        	0.7755612311		26795.6615890262
-644.1288193556        	0.7755612311		26795.4513366129
-644.1171639381        	0.7755612311		26795.1951432707
-644.0989169772        	0.7755612311		26796.9424460504
-644.0743349630        	0.7755612311		26801.6725559739
-644.0529951509        	0.7755612311		26806.8750365593
-644.0551104884        	0.7755612311		26805.9631008882
-644.0860144255        	0.7755612311		26796.7821327526
-644.1245602937        	0.7755612311		26784.5937750200
-644.1491057059        	0.7755612311		26776.5201225930
-644.1468893130        	0.7755612311		26777.6711086045
-644.1151563167        	0.7755612311		26789.0111309566
-644.0687764289        	0.7755612311		26805.2092438003
-644.0349151342        	0.7755612311		26815.1317325530
-644.0249922682        	0.7755612311		26813.7677402657
-644.0339856770        	0.7755612311		26803.9926756024
-644.0600212795        	0.7755612311		26789.4209144430
-644.0906379340        	0.7755612311		26774.6585384565
-644.1049406070        	0.7755612311		26766.1991623549
-644.0950742964        	0.7755612311		26766.6122315473
-644.0717950212        	0.7755612311		26772.3155329102
-644.0530922175        	0.7755612311		26776.5239627587
-644.0497414904        	0.7755612311		26775.4515238041
-644.0618758849        	0.7755612311		26769.9400073663
-644.0869152299        	0.7755612311		26760.5353260463
-644.1134256791        	0.7755612311		26750.6368981058
-644.1243737653        	0.7755612311		26744.7026181989
-644.1225843555        	0.7755612311		26743.6054925700
-644.1337172404        	0.7755612311		26741.5195748069
-644.1550026445        	0.7755612311		26738.5987354232
-644.1690453729        	0.7755612311		26736.5599685150
-644.1687969510        	0.7755612311		26737.2036583027
-644.1534735963        	0.7755612311		26742.3260466488
-644.1241528183        	0.7755612311		26753.2136026620
-644.0852355601        	0.7755612311		26768.8677325485
-644.0435425272        	0.7755612311		26786.9080392891
-644.0110227333        	0.7755612311		26802.0851681303
-644.0013979275        	0.7755612311		26809.5344267568
-644.0172451820        	0.7755612311		26808.2433135046
-644.0448424548        	0.7755612311		26801.7142054118
-644.0651489952        	0.7755612311		26795.5167304678
-644.0679122944        	0.7755612311		26793.1404369793
-644.0547120841        	0.7755612311		26794.6991484813
-644.0352851465        	0.7755612311		26798.0015150764
-644.0228377464        	0.7755612311		26799.7552810401
-644.0248931890        	0.7755612311		26797.2327424584
-644.0410336557        	0.7755612311		26789.1412239056
-644.0628137785        	0.7755612311		26778.4061006845
-644.0812224996        	0.7755612311		26769.2972591685
-644.0977613773        	0.7755612311		26762.7354549378
-644.1195429394        	0.7755612311		26758.1128162934
-644.1453599381        	0.7755612311		26753.2083792376
-644.1654967292        	0.7755612311		26749.4026392215
-644.1727473786        	0.7755612311		26748.5961060306
-644.1670851101        	0.7755612311		26751.8823984150
-644.1503259130        	0.7755612311		26759.0576930093
-644.1264723530        	0.7755612311		26768.6390343827
-644.1065146763        	0.7755612311		26776.4522105016
-644.0994445977        	0.7755612311		26779.1771829130
-644.1090481212        	0.7755612311		26775.7056164208
-644.1383380108        	0.7755612311		26766.3692967204
-644.1771470057        	0.7755612311		26753.7403890303
-644.2059526529        	0.7755612311		26743.0209025474
-644.2134214457        	0.7755612311		26738.5083938163
-644.1995985400        	0.7755612311		26741.8729055136
-644.1728059784        	0.7755612311		26750.2215726954
-644.1428030571        	0.7755612311		26760.2748730420
-644.1151575390        	0.7755612311		26770.2407175199
-644.0938188139        	0.7755612311		26778.3730009311
-644.0800394001        	0.7755612311		26783.4737007665
-644.0714701832        	0.7755612311		26786.6256417612
-644.0625698427        	0.7755612311		26789.6929354355
-644.0509037012        	0.7755612311		26793.6924960104
-644.0411783538        	0.7755612311		26797.9065119173
-644.0388387241        	0.7755612311		26799.6144695258
-644.0488151964        	0.7755612311		26796.8206928952
-644.0706681496        	0.7755612311		26789.4213874562
-644.0951953056        	0.7755612311		26779.9132899918
-644.1149062773        	0.7755612311		26770.6308852917
-644.1281564994        	0.7755612311		26763.4147054113
-644.1359374667        	0.7755612311		26758.5419000623
-644.1400514433        	0.7755612311		26757.0743000450
-644.1394435019        	0.7755612311		26759.2294377627
-644.1313745877        	0.7755612311		26765.4375451855
-644.1171571064        	0.7755612311		26775.0167854318
-644.1068411489        	0.7755612311		26783.3525749353
-644.1121472443        	0.7755612311		26785.1969045327
-644.1296636239        	0.7755612311		26781.1685166647
-644.1422619368        	0.7755612311		26777.8660049818
-644.1406761915        	0.7755612311		26779.3216037646
-644.1271339287        	0.7755612311		26786.8288149132
-644.1032235410        	0.7755612311		26797.9722307415
-644.0717152167        	0.7755612311		26810.5035042695
-644.0431381051        	0.7755612311		26819.3061327118
-644.0265075382        	0.7755612311		26821.5926125355
-644.0218332448        	0.7755612311		26817.2127043811
-644.0289768410        	0.7755612311		26807.8418323816
-644.0430278186        	0.7755612311		26796.9467678174
-644.0607892965        	0.7755612311		26786.0161454226
-644.0880432741        	0.7755612311		26773.7451823710
-644.1170486642        	0.7755612311		26762.3250942115
-644.1257443508        	0.7755612311		26757.5219655854
-644.1055527435        	0.7755612311		26761.9863989937
-644.0754696920        	0.7755612311		26771.5455611252
-644.0615320543        	0.7755612311		26778.3501344092
-644.0714502230        	0.7755612311		26777.4909125810
-644.1014851757        	0.7755612311		26768.6262567104
-644.1389771811        	0.7755612311		26756.0525457510
-644.1695835986        	0.7755612311		26744.5120335478
-644.1888016346        	0.7755612311		26736.3165701754
-644.2009610716        	0.7755612311		26730.8601820451
-644.2115193814        	0.7755612311		26726.2889895909
-644.2201212303        	0.7755612311		26723.7460672609
-644.2202677158        	0.7755612311		26725.6063027660
-644.2087848159        	0.7755612311		26732.7271312995
-644.1891320565        	0.7755612311		26743.1581847528
-644.1660522561        	0.7755612311		26755.2067403484
-644.1435473619        	0.7755612311		26766.5810448644
-644.1242671680        	0.7755612311		26776.5459799802
-644.1174689935        	0.7755612311		26781.2138114658
-644.1331195895        	0.7755612311		26776.8841782738
-644.1602553815        	0.7755612311		26767.5876652173
-644.1776182132        	0.7755612311		26760.9162297853
-644.1739834425        	0.7755612311		26761.2737287134
-644.1533218525        	0.7755612311		26766.3948642050
-644.1267264230        	0.7755612311		26773.7464681545
-644.1013554730        	0.7755612311		26781.7389052420
-644.0834229628        	0.7755612311		26789.0673090703
-644.0754380943        	0.7755612311		26793.1146016204
-644.0772575622        	0.7755612311		26793.4873346494
-644.0855298148        	0.7755612311		26792.0018222960
-644.0946727512        	0.7755612311		26790.3402906160
-644.1021374499        	0.7755612311		26788.7489853962
-644.1111081974        	0.7755612311		26786.4149758276
-644.1236172927        	0.7755612311		26781.6035349370
-644.1342950778        	0.7755612311		26775.7915786692
-644.1377246215        	0.7755612311		26770.6823060002
-644.1313395026        	0.7755612311		26768.0291589386
-644.1098172811        	0.7755612311		26769.4965830241
-644.0762830732        	0.7755612311		26774.6527280221
-644.0509347241        	0.7755612311		26779.2373516747
-644.0497390939        	0.7755612311		26778.3874322907
-644.0698046413        	0.7755612311		26772.2708027416
-644.1004774923        	0.7755612311		26763.0577170800
-644.1303326909        	0.7755612311		26755.3825722595
-644.1543561411        	0.7755612311		26751.1933449736
-644.1752307258        	0.7755612311		26749.9872902677
-644.1944397085        	0.7755612311		26749.3446514179
-644.2042542223        	0.7755612311		26749.2982763099
-644.1945352275        	0.7755612311		26752.0061347707
-644.1669758111        	0.7755612311		26757.1773708057
-644.1351916898        	0.7755612311		26761.6799269045
-644.1100719572        	0.7755612311		26763.9995960261
-644.0967252264        	0.7755612311		26763.0842174060
-644.0983744349        	0.7755612311		26758.6199922228
-644.1089139511        	0.7755612311		26753.2553746234
-644.1159148207        	0.7755612311		26750.1535250185
-644.1176439991        	0.7755612311		26749.1322972523
-644.1227420356        	0.7755612311		26747.3570599131
-644.1327946638        	0.7755612311		26744.4803145998
-644.1401072515        	0.7755612311		26743.6696825790
-644.1391493009        	0.7755612311		26746.7678502935
-644.1327569354        	0.7755612311		26752.4458555193
-644.1314618804        	0.7755612311		26756.7517721821
-644.1430136666        	0.7755612311		26755.7985460142
-644.1602381684        	0.7755612311		26750.8846088317
-644.1702774105        	0.7755612311		26745.9870038744
-644.1715830645        	0.7755612311		26741.8816130906
-644.1737052507        	0.7755612311		26737.2203281314
-644.1836867954        	0.7755612311		26729.8693632540
-644.1989769763        	0.7755612311		26721.6885791760
-644.2105358481        	0.7755612311		26717.1639429474
-644.2109467336        	0.7755612311		26718.8496080681
-644.2009386360        	0.7755612311		26725.8152289111
-644.1869124972        	0.7755612311		26734.1702598314
-644.1758421581        	0.7755612311		26740.4475794208
-644.1707676869        	0.7755612311		26743.4180555649
-644.1709853705        	0.7755612311		26744.0209781406
-644.1708877626        	0.7755612311		26745.2735783705
-644.1604015866        	0.7755612311		26750.8758283251
-644.1354312930        	0.7755612311		26762.5446714439
-644.1010403039        	0.7755612311		26778.2418959045
-644.0663836938        	0.7755612311		26794.4579416809
-644.0424107366        	0.7755612311		26806.7990161606
-644.0379579054        	0.7755612311		26810.4500767755
-644.0563501761        	0.7755612311		26804.7096684420
-644.0886811669        	0.7755612311		26794.2133971407
-644.1181066368        	0.7755612311		26784.5095305864
-644.1334172224        	0.7755612311		26778.9079337571
-644.1316331146        	0.7755612311		26778.2153524596
-644.1153810764        	0.7755612311		26782.1933243639
-644.0880266407        	0.7755612311		26789.1887141217
-644.0568219581        	0.7755612311		26796.6479462398
-644.0384439718        	0.7755612311		26800.7059386454
-644.0443773464        	0.7755612311		26798.5146391397
-644.0656239408        	0.7755612311		26792.6873466064
-644.0845078613        	0.7755612311		26787.3981206897
-644.0932238955        	0.7755612311		26783.5895974022
-644.0991049101        	0.7755612311		26778.4601769907
-644.1134888224        	0.7755612311		26769.8456606270
-644.1402003992        	0.7755612311		26756.9483898207
-644.1755831856        	0.7755612311		26740.5227761092
-644.2138455330        	0.7755612311		26722.9967908505
-644.2442732089        	0.7755612311		26708.0737938656
-644.2519172702        	0.7755612311		26701.2768926650
-644.2298814678        	0.7755612311		26705.6548748921
-644.1881404343        	0.7755612311		26718.6201856041
-644.1469191598        	0.7755612311		26732.9136014561
-644.1202320029        	0.7755612311		26742.7963829718
-644.1053634005        	0.7755612311		26747.3358196659
-644.0888866256        	0.7755612311		26752.2312711407
-644.0663071960        	0.7755612311		26761.3047343048
-644.0502172594        	0.7755612311		26769.6863616342
-644.0597239055        	0.7755612311		26769.7629585210
-644.0968481551        	0.7755612311		26760.2543198504
-644.1307183078        	0.7755612311		26750.4518796505
-644.1367419795        	0.7755612311		26748.5643747842
-644.1216330250        	0.7755612311		26752.3836703595
-644.1063330390        	0.7755612311		26754.9375237045
-644.1052165002        	0.7755612311		26752.3561154179
-644.1150390637        	0.7755612311		26746.8239190573
-644.1198375253        	0.7755612311		26745.1847872918
-644.1089403316        	0.7755612311		26748.9595088889
-644.0900438015        	0.7755612311		26755.0265713542
-644.0815710779        	0.7755612311		26757.6964326025
-644.0912645096        	0.7755612311		26754.3149200700
-644.1075675103        	0.7755612311		26748.8912352004
-644.1160201206        	0.7755612311		26746.6768228747
-644.1125849414        	0.7755612311		26748.8813494550
-644.1033189380        	0.7755612311		26752.4158717599
-644.0937541165        	0.7755612311		26753.3450475312
-644.0875568020        	0.7755612311		26751.2435977669
-644.0909988942        	0.7755612311		26744.7905089696
-644.1039411860        	0.7755612311		26736.1352982352
-644.1192904651        	0.7755612311		26728.0090524083
-644.1310025386        	0.7755612311		26723.0426191870
-644.1367613481        	0.7755612311		26721.2763354996
-644.1383720382        	0.7755612311		26721.5832849512
-644.1388987737        	0.7755612311		26722.3370703215
-644.1354885067        	0.7755612311		26724.8928802243
-644.1218425946        	0.7755612311		26733.0604607285
-644.0996799540        	0.7755612311		26745.8304499999
-644.0801417565        	0.7755612311		26759.2225045013
-644.0742934972        	0.7755612311		26768.9906987719
-644.0838181471        	0.7755612311		26773.0971119843
-644.1016879101        	0.7755612311		26771.8593879002
-644.1260329069        	0.7755612311		26765.3389497339
-644.1622975460        	0.7755612311		26751.5393794766
-644.2037693754        	0.7755612311		26734.4397701849
-644.2308704901        	0.7755612311		26721.6863476739
-644.2322128813        	0.7755612311		26718.0487135960
-644.2112550219        	0.7755612311		26722.4367881317
-644.1783816231        	0.7755612311		26730.6151914526
-644.1483431633        	0.7755612311		26739.3174391014
-644.1402577861        	0.7755612311		26742.5112237642
-644.1638015835        	0.7755612311		26737.1982000674
-644.2084510279        	0.7755612311		26725.6579154253
-644.2503847074        	0.7755612311		26714.1925508156
-644.2672311897        	0.7755612311		26710.5770704476
-644.2520579384        	0.7755612311		26716.0415175500
-644.2183520180        	0.7755612311		26725.4171812100
-644.1887645477        	0.7755612311		26730.6447817292
-644.1809332633        	0.7755612311		26727.1125919019
-644.1982514216        	0.7755612311		26715.5227922420
-644.2303595045        	0.7755612311		26700.8760543660
-644.2619983368        	0.7755612311		26688.8331311539
-644.2804892746        	0.7755612311		26683.4430730967
-644.2799045961        	0.7755612311		26685.8384036974
-644.2610644664        	0.7755612311		26695.2866021679
-644.2293497994        	0.7755612311		26709.5117366732
-644.1935730955        	0.7755612311		26724.8722087846
-644.1596908083        	0.7755612311		26738.4556077265
-644.1316304020        	0.7755612311		26747.9665873011
-644.1221798277        	0.7755612311		26749.2323625418
-644.1404117627        	0.7755612311		26739.3682204543
-644.1755068174        	0.7755612311		26723.2746692141
-644.2086466299        	0.7755612311		26709.1758114273
-644.2272870454        	0.7755612311		26703.0285046718
-644.2259075140        	0.7755612311		26706.7405997647
-644.2046004811        	0.7755612311		26719.4315213740
-644.1728449752        	0.7755612311		26737.0621568341
-644.1487684199        	0.7755612311		26752.9960753964
-644.1441083942        	0.7755612311		26762.2661768698
-644.1550022019        	0.7755612311		26765.4092514439
-644.1721952566        	0.7755612311		26763.1252798955
-644.1868015566        	0.7755612311		26758.7892387073
-644.1919886305        	0.7755612311		26755.5688460634
-644.1874046260        	0.7755612311		26753.3114898016
-644.1787254482        	0.7755612311		26752.3818136025
-644.1703736133        	0.7755612311		26752.4030926479
-644.1631096533        	0.7755612311		26753.2497399605
-644.1591085033        	0.7755612311		26754.0917090401
-644.1642570184        	0.7755612311		26752.6262420168
-644.1799886777        	0.7755612311		26749.1012261231
-644.1933796978        	0.7755612311		26747.1301048334
-644.1881679178        	0.7755612311		26752.8064659285
-644.1635159672        	0.7755612311		26765.8129565670
-644.1371814399        	0.7755612311		26779.3502014194
-644.1270113404        	0.7755612311		26786.2135227186
-644.1334679831        	0.7755612311		26784.7635671548
-644.1501193426        	0.7755612311		26777.9234792601
-644.1725404886        	0.7755612311		26769.3832149783
-644.1986365953        	0.7755612311		26761.3980326047
-644.2222942088        	0.7755612311		26755.5760207724
-644.2365024989        	0.7755612311		26751.5970688598
-644.2351521518        	0.7755612311		26750.5868485805
-644.2176482021        	0.7755612311		26753.6413505613
-644.1960399341        	0.7755612311		26758.8177071264
-644.1788418859        	0.7755612311		26763.5605185976
-644.1624759849        	0.7755612311		26766.9534150083
-644.1543015449        	0.7755612311		26767.4489896188
-644.1668184461        	0.7755612311		26762.1675643823
-644.1944842497        	0.7755612311		26752.9514864994
-644.2168769605        	0.7755612311		26745.8000329134
-644.2195017278        	0.7755612311		26745.4815098744
-644.2024396914        	0.7755612311		26751.9292568798
-644.1768288425        	0.7755612311		26761.4053338278
-644.1599142249        	0.7755612311		26767.9529218044
-644.1613199519        	0.7755612311		26767.8519673846
-644.1768068847        	0.7755612311		26760.8462103777
-644.1947523648        	0.7755612311		26750.8296693519
-644.2046222757        	0.7755612311		26743.5371696544
-644.2029056476        	0.7755612311		26742.4606745010
-644.1870433038        	0.7755612311		26747.8149394075
-644.1589027116        	0.7755612311		26757.8818230567
-644.1298159898        	0.7755612311		26767.8419537739
-644.1096982876        	0.7755612311		26773.2319418538
-644.0978044618        	0.7755612311		26774.1422276206
-644.0880279671        	0.7755612311		26773.1021254523
-644.0836335891        	0.7755612311		26772.1332880955
-644.0881173541        	0.7755612311		26770.5237634607
-644.1003947537        	0.7755612311		26766.9046625133
-644.1222218044        	0.7755612311		26761.5341559507
-644.1476276811        	0.7755612311		26756.0278694879
-644.1667559770        	0.7755612311		26753.0162430539
-644.1724477333        	0.7755612311		26754.5606174980
-644.1659084814        	0.7755612311		26759.5886183901
-644.1574567902        	0.7755612311		26763.7939027365
-644.1525362724        	0.7755612311		26766.4036171246
-644.1478406924        	0.7755612311		26769.4093294789
-644.1448327068        	0.7755612311		26772.5589508919
-644.1513383443        	0.7755612311		26772.7866550143
-644.1699948423        	0.7755612311		26768.5655681512
-644.1960845353        	0.7755612311		26760.5263296830
-644.2218879907        	0.7755612311		26751.1924246183
-644.2433069298        	0.7755612311		26743.3959049651
-644.2533011102        	0.7755612311		26740.0793200524
-644.2456433686        	0.7755612311		26742.5063725174
-644.2292123751        	0.7755612311		26747.3262359884
-644.2203670724        	0.7755612311		26748.3519061889
-644.2255100648        	0.7755612311		26742.7572196964
-644.2333789060        	0.7755612311		26735.4799967542
-644.2313890094        	0.7755612311		26731.8623414472
-644.2194628632        	0.7755612311		26733.6892540574
-644.2014188230        	0.7755612311		26739.2793456790
-644.1774904167        	0.7755612311		26748.2195056723
-644.1472937788        	0.7755612311		26759.3911991759
-644.1191097167        	0.7755612311		26768.8867891120
-644.1099911037        	0.7755612311		26771.2712221874
-644.1273692142        	0.7755612311		26763.9211733810
-644.1579739616        	0.7755612311		26752.3774657086
-644.1835267121        	0.7755612311		26743.3378508421
-644.1946749818        	0.7755612311		26739.6432073031
-644.1941769618        	0.7755612311		26738.9739249030
-644.1920597768        	0.7755612311		26736.9527174660
-644.1937990327        	0.7755612311		26733.0894961754
-644.1972556751        	0.7755612311		26730.8755655540
-644.1965460995        	0.7755612311		26733.6721381338
-644.1841462451        	0.7755612311		26742.6866022177
-644.1669837104        	0.7755612311		26753.1939296205
-644.1618510171        	0.7755612311		26758.2177864055
-644.1699595327        	0.7755612311		26756.5526329971
-644.1789131073        	0.7755612311		26752.8521884653
-644.1823725914        	0.7755612311		26749.6340255527
-644.1776445461        	0.7755612311		26749.8994305908
-644.1630480991        	0.7755612311		26753.5138479340
-644.1431318890        	0.7755612311		26759.3243264594
-644.1253049242        	0.7755612311		26763.8264117085
-644.1183471882        	0.7755612311		26764.5853256137
-644.1268970536        	0.7755612311		26759.8488236923
-644.1467008662        	0.7755612311		26750.0942943840
-644.1681687756        	0.7755612311		26739.7236695196
-644.1833754741        	0.7755612311		26732.5600406315
-644.1919165750        	0.7755612311		26729.9702134753
-644.2005265501        	0.7755612311		26730.9662785036
-644.2146471527        	0.7755612311		26732.3488792490
-644.2352171355        	0.7755612311		26732.5887107570
-644.2591158277        	0.7755612311		26732.3309655931
-644.2751787908        	0.7755612311		26735.2134196903
-644.2736111103        	0.7755612311		26743.1887861740
-644.2582965695        	0.7755612311		26754.3966090869
-644.2401177278        	0.7755612311		26763.9158298625
-644.2272011148        	0.7755612311		26768.5450996587
-644.2251226907        	0.7755612311		26767.4158072446
-644.2316697117        	0.7755612311		26762.9002467555
-644.2371198538        	0.7755612311		26759.9510166379
-644.2361019919        	0.7755612311		26760.3385298321
-644.2260167906        	0.7755612311		26763.9788268779
-644.2053694816        	0.7755612311		26771.1408537215
-644.1784589975        	0.7755612311		26779.9872542153
-644.1500490935        	0.7755612311		26787.6324356305
-644.1233414681        	0.7755612311		26792.6453354828
-644.1049486263        	0.7755612311		26793.7326557430
-644.0994358426        	0.7755612311		26789.4854044718
-644.1066672293        	0.7755612311		26779.7576936704
-644.1246936029        	0.7755612311		26765.9338078271
-644.1467827019        	0.7755612311		26750.5362355816
-644.1643308744        	0.7755612311		26738.4495699917
-644.1745092940        	0.7755612311		26732.2094223459
-644.1861572350        	0.7755612311		26728.8909503936
-644.2131276811        	0.7755612311		26723.7995239209
-644.2545751317        	0.7755612311		26716.0079828648
-644.2877282462        	0.7755612311		26711.3036994064
-644.2903574902        	0.7755612311		26715.2582435922
-644.2599591390        	0.7755612311		26729.0715597829
-644.2154573751        	0.7755612311		26745.8063743797
-644.1873480933        	0.7755612311		26755.8052702982
-644.1923475811        	0.7755612311		26753.6744512225
-644.2154756703        	0.7755612311		26744.4110506744
-644.2237906012        	0.7755612311		26738.6917547175
-644.1960728251        	0.7755612311		26744.7272002044
-644.1440541672        	0.7755612311		26759.7095566933
-644.1003150578        	0.7755612311		26773.1986112472
-644.0880394187        	0.7755612311		26776.0567244234
-644.1098143054        	0.7755612311		26765.7357238673
-644.1503798113        	0.7755612311		26749.1065777110
-644.1907841285        	0.7755612311		26733.7624291432
-644.2213883115        	0.7755612311		26724.6244845202
-644.2390366008        	0.7755612311		26722.0028621410
-644.2417329645        	0.7755612311		26724.9491008323
-644.2324059823        	0.7755612311		26730.1735485541
-644.2176864693        	0.7755612311		26734.9232695312
-644.2026557498        	0.7755612311		26738.3752556208
-644.1882584276        	0.7755612311		26740.7941878888
-644.1700767428        	0.7755612311		26745.4370503092
-644.1422073853        	0.7755612311		26753.7493251372
-644.1148148169        	0.7755612311		26762.2276250532
-644.1132993658        	0.7755612311		26762.3317621542
-644.1450321612        	0.7755612311		26751.7004204295
-644.1879496973        	0.7755612311		26737.5215682483
-644.2144517330        	0.7755612311		26728.8634261222
-644.2148292675        	0.7755612311		26728.9180159493
-644.1994681323        	0.7755612311		26732.9173627459
-644.1766308644        	0.7755612311		26737.7702904613
-644.1497912186        	0.7755612311		26742.1361975923
-644.1290514801        	0.7755612311		26744.5744849181
-644.1252830624        	0.7755612311		26743.2842779337
-644.1389485910        	0.7755612311		26738.4457377470
-644.1608720204        	0.7755612311		26732.6505962518
-644.1811154393        	0.7755612311		26728.1776478262
-644.1890256122        	0.7755612311		26726.8822821799
-644.1792204817        	0.7755612311		26730.2787573337
-644.1561709312        	0.7755612311		26737.4423331982
-644.1299322884        	0.7755612311		26746.0972715974
-644.1164647879        	0.7755612311		26751.2904698185
-644.1274082721        	0.7755612311		26749.2899314034
-644.1525305070        	0.7755612311		26741.2524487861
-644.1712309360        	0.7755612311		26732.5699968031
-644.1716173582        	0.7755612311		26727.6086447736
-644.1534233682        	0.7755612311		26728.0008434693
-644.1275174299        	0.7755612311		26731.7146034299