Potential energy (Ha)	Kinetic Energy (Ha)	Pressure (GPa)
-668.2463567264        	0.7755612311   		9287.7370229824
-668.2118514558        	0.7755612311		9286.1395903265
-668.3119088218        	0.7755612311		9247.6604398856
-668.4762735176        	0.7755612311		9191.8574820856
-668.6439938717        	0.7755612311		9136.4904360247
-668.7912821167        	0.7755612311		9088.4556693173
-668.9130012962        	0.7755612311		9049.5004704981
-669.0106521517        	0.7755612311		9019.0324191119
-669.0876599142        	0.7755612311		8996.3188414382
-669.1463554922        	0.7755612311		8979.8580419614
-669.1874293301        	0.7755612311		8968.9148915424
-669.2114919184        	0.7755612311		8962.8868510503
-669.2204883920        	0.7755612311		8960.9977447757
-669.2179808948        	0.7755612311		8962.4997159717
-669.2095880053        	0.7755612311		8965.6028290187
-669.2035042980        	0.7755612311		8968.6082849092
-669.2088462430        	0.7755612311		8968.8108946327
-669.2308290308        	0.7755612311		8965.5537330299
-669.2659900935        	0.7755612311		8959.8535017338
-669.3034413447        	0.7755612311		8954.1378931581
-669.3319925755        	0.7755612311		8951.3129790981
-669.3452914969        	0.7755612311		8952.3451182429
-669.3434320988        	0.7755612311		8957.5051440057
-669.3337152085        	0.7755612311		8964.0692857609
-669.3288658575        	0.7755612311		8968.3185175177
-669.3380762132        	0.7755612311		8967.7986940764
-669.3599594975        	0.7755612311		8962.8290390701
-669.3873220251        	0.7755612311		8954.9059364214
-669.4139388126        	0.7755612311		8946.3686130912
-669.4357731995        	0.7755612311		8938.2559275010
-669.4502677056        	0.7755612311		8931.5082207689
-669.4574131786        	0.7755612311		8926.8134021470
-669.4603988172        	0.7755612311		8923.5984610373
-669.4613545260        	0.7755612311		8922.4339091723
-669.4596809673        	0.7755612311		8922.0979611930
-669.4554636714        	0.7755612311		8922.7978541366
-669.4497885811        	0.7755612311		8924.1971426909
-669.4432221301        	0.7755612311		8925.3427230873
-669.4360665908        	0.7755612311		8926.2541852671
-669.4294120936        	0.7755612311		8926.6152749552
-669.4251100366        	0.7755612311		8926.2398304707
-669.4261326920        	0.7755612311		8924.8589251319
-669.4346026147        	0.7755612311		8921.7941436444
-669.4475244341        	0.7755612311		8918.1219184720
-669.4588080408        	0.7755612311		8914.7329764085
-669.4646466175        	0.7755612311		8912.9313769369
-669.4646192783        	0.7755612311		8913.7986263687
-669.4597760438        	0.7755612311		8917.0959416751
-669.4520183643        	0.7755612311		8922.0163840318
-669.4447308824        	0.7755612311		8927.3983219875
-669.4428503217        	0.7755612311		8931.2676502142
-669.4487764291        	0.7755612311		8932.8775574950
-669.4589461589        	0.7755612311		8933.1193338045
-669.4677164601        	0.7755612311		8932.8426810619
-669.4721804221        	0.7755612311		8933.0693777049
-669.4726389712        	0.7755612311		8933.5625601539
-669.4712782927        	0.7755612311		8934.3611965651
-669.4687305546        	0.7755612311		8934.8329376056
-669.4619486117        	0.7755612311		8934.8837645994
-669.4479435655        	0.7755612311		8935.5964536265
-669.4292553230        	0.7755612311		8936.7546568605
-669.4128754854        	0.7755612311		8937.1537695420
-669.4027200730        	0.7755612311		8936.7412925803
-669.3952086521        	0.7755612311		8935.9839287663
-669.3831516440        	0.7755612311		8936.7312132881
-669.3621631499        	0.7755612311		8940.4037471818
-669.3368152981        	0.7755612311		8946.0288844414
-669.3173283730        	0.7755612311		8951.5773131783
-669.3055476786        	0.7755612311		8956.2756344325
-669.2988935846        	0.7755612311		8959.5567421377
-669.2982151275        	0.7755612311		8961.2960520728
-669.3054613085        	0.7755612311		8960.5015407250
-669.3200859359        	0.7755612311		8957.4157151413
-669.3372047024        	0.7755612311		8953.3829924585
-669.3498224070        	0.7755612311		8950.2484161657
-669.3547256613        	0.7755612311		8948.8900294037
-669.3547138876        	0.7755612311		8949.2156212300
-669.3547044483        	0.7755612311		8950.2432740262
-669.3574747848        	0.7755612311		8951.0874900715
-669.3633897800        	0.7755612311		8951.0346424315
-669.3719454274        	0.7755612311		8949.6826656992
-669.3828059128        	0.7755612311		8946.8947706115
-669.3961149935        	0.7755612311		8942.6840185371
-669.4109735437        	0.7755612311		8937.6935979109
-669.4241916294        	0.7755612311		8932.8674748602
-669.4326882897        	0.7755612311		8929.0071134857
-669.4362327982        	0.7755612311		8926.6450292155
-669.4374311364        	0.7755612311		8924.8318701130
-669.4391525532        	0.7755612311		8923.1029228954
-669.4420464534        	0.7755612311		8921.4341128226
-669.4448982036        	0.7755612311		8920.4439156069
-669.4472546723        	0.7755612311		8919.8480944279
-669.4493618970        	0.7755612311		8920.2687467054
-669.4498826861        	0.7755612311		8921.8621852921
-669.4462986880        	0.7755612311		8924.2552796749
-669.4391032554        	0.7755612311		8927.2172925198
-669.4325651037        	0.7755612311		8929.0989289911
-669.4293610441        	0.7755612311		8929.6340194681
-669.4289875832        	0.7755612311		8928.3332606791
-669.4310899015        	0.7755612311		8925.3915659289
-669.4348846338        	0.7755612311		8921.0056749622
-669.4361481129        	0.7755612311		8917.1652648629
-669.4292955339        	0.7755612311		8914.6457958159
-669.4128271154        	0.7755612311		8914.9298606186
-669.3935615711        	0.7755612311		8917.4535719553
-669.3806289092        	0.7755612311		8920.5239530407
-669.3764798575        	0.7755612311		8923.0297417821
-669.3786787863        	0.7755612311		8924.6719520608
-669.3832404990        	0.7755612311		8925.7562602092
-669.3871624898        	0.7755612311		8927.1247805557
-669.3901624097        	0.7755612311		8928.3464253135
-669.3931202391        	0.7755612311		8929.5683853644
-669.3947463378        	0.7755612311		8930.7243908124
-669.3929743922        	0.7755612311		8932.3475811565
-669.3901123574        	0.7755612311		8934.3394439540
-669.3884219166        	0.7755612311		8935.9098476216
-669.3851667623        	0.7755612311		8937.8147895884
-669.3795096151        	0.7755612311		8940.2667770081
-669.3724611537        	0.7755612311		8943.3195553313
-669.3631503870        	0.7755612311		8946.8649125170
-669.3497232156        	0.7755612311		8950.7226410577
-669.3339384920        	0.7755612311		8953.8880063628
-669.3267472179        	0.7755612311		8954.0122479387
-669.3455976938        	0.7755612311		8948.9399159386
-669.3843162745        	0.7755612311		8941.1665214563
-669.4184459521        	0.7755612311		8934.7644205572
-669.4379052396        	0.7755612311		8931.8922684295
-669.4446308825        	0.7755612311		8931.9945368707
-669.4474343431        	0.7755612311		8933.5695869815
-669.4513783495        	0.7755612311		8934.7995576250
-669.4550294701        	0.7755612311		8935.7244391374
-669.4609032855        	0.7755612311		8935.3577995276
-669.4730195385        	0.7755612311		8932.9207670618
-669.4882273903        	0.7755612311		8928.8825747543
-669.4986528583        	0.7755612311		8925.3633355389
-669.4994568369        	0.7755612311		8924.0414338041
-669.4896608078        	0.7755612311		8925.5358159595
-669.4703800744        	0.7755612311		8929.1870783301
-669.4457652681        	0.7755612311		8933.5638648429
-669.4222103466        	0.7755612311		8937.7253978047
-669.4047192946        	0.7755612311		8940.3196612859
-669.3946223178        	0.7755612311		8941.6639015636
-669.3899131721        	0.7755612311		8941.2358016717
-669.3892524202        	0.7755612311		8940.0252748235
-669.3918778214        	0.7755612311		8938.5296624382
-669.3956714039        	0.7755612311		8937.1183493185
-669.3988912969        	0.7755612311		8936.1009479747
-669.4033926009        	0.7755612311		8934.9917676012
-669.4124763068        	0.7755612311		8933.6189570457
-669.4251416521        	0.7755612311		8931.8395804278
-669.4364599159        	0.7755612311		8930.4669335039
-669.4427646254        	0.7755612311		8929.7554106913
-669.4431836234        	0.7755612311		8929.7642327883
-669.4380072296        	0.7755612311		8930.3758790019
-669.4280110230        	0.7755612311		8931.4598747075
-669.4145243757        	0.7755612311		8932.5888142784
-669.4000334092        	0.7755612311		8933.2660008794
-669.3865476945        	0.7755612311		8933.5618550519
-669.3737473602        	0.7755612311		8934.5636139897
-669.3633068241        	0.7755612311		8936.2620181759
-669.3585114968        	0.7755612311		8938.6873274574
-669.3561018814        	0.7755612311		8942.7008677395
-669.3473679605        	0.7755612311		8948.4570735097
-669.3280374614        	0.7755612311		8956.4216140613
-669.3044580368        	0.7755612311		8963.8559287223
-669.2881439243        	0.7755612311		8968.9666470726
-669.2852727905        	0.7755612311		8968.8105087282
-669.2940977361        	0.7755612311		8964.6301172954
-669.3080709420        	0.7755612311		8958.1461703133
-669.3202853092        	0.7755612311		8951.7524168560
-669.3282730103        	0.7755612311		8946.3548316077
-669.3346947364        	0.7755612311		8941.4972211412
-669.3430070794        	0.7755612311		8937.1513585423
-669.3533143618        	0.7755612311		8932.8845776455
-669.3624867007        	0.7755612311		8929.3474119226
-669.3681668671        	0.7755612311		8927.4446624206
-669.3717519642        	0.7755612311		8927.2242722447
-669.3747315312        	0.7755612311		8928.3247878235
-669.3725649345        	0.7755612311		8930.9828043831
-669.3624621016        	0.7755612311		8935.1564086274
-669.3505969562        	0.7755612311		8939.4181028335
-669.3451637507        	0.7755612311		8941.8120202309
-669.3477079777        	0.7755612311		8942.3315749450
-669.3541160495        	0.7755612311		8942.2250432975
-669.3607152157        	0.7755612311		8942.4977713125
-669.3671671719        	0.7755612311		8943.3006813888
-669.3752900593        	0.7755612311		8943.9085784629
-669.3859408309        	0.7755612311		8944.3076188749
-669.3982815550        	0.7755612311		8944.2552830088
-669.4105889840        	0.7755612311		8943.7923192617
-669.4202052994        	0.7755612311		8943.0832498747
-669.4246664182        	0.7755612311		8942.5265456723
-669.4239946421        	0.7755612311		8942.0287273497
-669.4221029698        	0.7755612311		8940.9013761105
-669.4239526232        	0.7755612311		8938.6718191196
-669.4307726585        	0.7755612311		8935.1954815003
-669.4396286841        	0.7755612311		8931.1397177608
-669.4476298415        	0.7755612311		8927.3134351948
-669.4544492940        	0.7755612311		8923.7668311490
-669.4611306126        	0.7755612311		8920.4564129720
-669.4673260323        	0.7755612311		8917.2594613685
-669.4704355546        	0.7755612311		8914.7811126472
-669.4686185951        	0.7755612311		8913.9515120462
-669.4638112358        	0.7755612311		8915.0323352213
-669.4605987018        	0.7755612311		8917.1983453379
-669.4618291782        	0.7755612311		8919.0376118763
-669.4661859872        	0.7755612311		8920.4420141796
-669.4705179606        	0.7755612311		8920.9980845913
-669.4723315366        	0.7755612311		8920.7714607381
-669.4711117772        	0.7755612311		8920.0362198551
-669.4679131946        	0.7755612311		8918.8491670492
-669.4639966009        	0.7755612311		8917.4441922831
-669.4596994640        	0.7755612311		8916.0974893891
-669.4541324569        	0.7755612311		8915.6133121728
-669.4459666961        	0.7755612311		8915.5787885081
-669.4350141211        	0.7755612311		8916.4630832154
-669.4240406091        	0.7755612311		8917.0834612603
-669.4175895638        	0.7755612311		8917.3410089155
-669.4176997702        	0.7755612311		8916.2365939550
-669.4221219002        	0.7755612311		8915.0395893171
-669.4273040789        	0.7755612311		8913.7943853961
-669.4317004232        	0.7755612311		8913.0397361713
-669.4352607761        	0.7755612311		8912.5353411502
-669.4384034797        	0.7755612311		8912.4089050079
-669.4419540433        	0.7755612311		8911.4585103225
-669.4464296663        	0.7755612311		8910.4351490727
-669.4494707459        	0.7755612311		8910.1933197840
-669.4460585515        	0.7755612311		8912.1014999966
-669.4324592145        	0.7755612311		8916.8111550984
-669.4106507176        	0.7755612311		8923.5368791725
-669.3879803366        	0.7755612311		8931.1911860271
-669.3707552601        	0.7755612311		8938.0411850048
-669.3594256073        	0.7755612311		8943.6755656663
-669.3506072491        	0.7755612311		8948.2655616938
-669.3408949038        	0.7755612311		8951.9234362952
-669.3289083387        	0.7755612311		8954.7615141291
-669.3165786022        	0.7755612311		8956.5860038572
-669.3080525415        	0.7755612311		8956.5486823253
-669.3064639652        	0.7755612311		8954.4942744248
-669.3122612813        	0.7755612311		8951.1144796732
-669.3236298392        	0.7755612311		8946.7062592148
-669.3379305450        	0.7755612311		8941.6194752314
-669.3542809309        	0.7755612311		8936.0802820064
-669.3742228316        	0.7755612311		8930.1569423097
-669.3987133811        	0.7755612311		8923.6470445499
-669.4249036476        	0.7755612311		8917.4747791604
-669.4475866577        	0.7755612311		8912.8802014480
-669.4625317172        	0.7755612311		8910.5771273954
-669.4673730133        	0.7755612311		8911.0939420599
-669.4609563685        	0.7755612311		8914.4264260504
-669.4440148604        	0.7755612311		8920.5619430891
-669.4199401231        	0.7755612311		8928.2023187342
-669.3942255835        	0.7755612311		8936.1698485812
-669.3739442644        	0.7755612311		8942.7087818492
-669.3667193980        	0.7755612311		8945.7766026984
-669.3755663933        	0.7755612311		8945.0189342266
-669.3932954087        	0.7755612311		8941.4010893816
-669.4104049563        	0.7755612311		8937.3956855907
-669.4238602190        	0.7755612311		8933.6185941028
-669.4354465079        	0.7755612311		8930.4521169421
-669.4476282155        	0.7755612311		8927.5869904462
-669.4619164797        	0.7755612311		8924.2596273880
-669.4778930139        	0.7755612311		8921.3278363306
-669.4931196016        	0.7755612311		8918.3757837287
-669.5048908344        	0.7755612311		8916.0015886895
-669.5116977290        	0.7755612311		8914.7797912649
-669.5134775080        	0.7755612311		8914.1705156013
-669.5111230853        	0.7755612311		8914.0900393833
-669.5054052091        	0.7755612311		8914.9203090325
-669.4968182332        	0.7755612311		8916.2243497097
-669.4867879044        	0.7755612311		8918.0014782594
-669.4771544689        	0.7755612311		8919.6367884857
-669.4680506783        	0.7755612311		8921.1523733813
-669.4592537945        	0.7755612311		8922.4463574653
-669.4519574441        	0.7755612311		8922.7771664452
-669.4466664064        	0.7755612311		8922.5559315332
-669.4411119409        	0.7755612311		8922.5234516867
-669.4322743111        	0.7755612311		8923.1104951673
-669.4201168845        	0.7755612311		8924.7244534872
-669.4088013315        	0.7755612311		8926.9347768176
-669.4030879945        	0.7755612311		8929.3309353912
-669.4037229700        	0.7755612311		8931.2261748104
-669.4076960470        	0.7755612311		8932.1792416283
-669.4132666413        	0.7755612311		8932.1820178675
-669.4213991510        	0.7755612311		8931.0612077564
-669.4318233965        	0.7755612311		8928.3136997529
-669.4411470176        	0.7755612311		8925.2101069977
-669.4457572237        	0.7755612311		8922.3194405004
-669.4437443251        	0.7755612311		8921.2863913608
-669.4347191952        	0.7755612311		8922.6500201610
-669.4187503303        	0.7755612311		8926.3877440023
-669.3959047523        	0.7755612311		8932.8671554574
-669.3677161574        	0.7755612311		8941.1135769882
-669.3404480866        	0.7755612311		8949.1213773577
-669.3223637759        	0.7755612311		8955.1491002430
-669.3153990474        	0.7755612311		8957.8435418961
-669.3157518278        	0.7755612311		8957.8938837144
-669.3194338828        	0.7755612311		8956.2794496526
-669.3248212496        	0.7755612311		8953.7902042421
-669.3320215960        	0.7755612311		8950.3179241474
-669.3403848243        	0.7755612311		8946.2365722387
-669.3498427471        	0.7755612311		8941.4980583610
-669.3608044931        	0.7755612311		8936.5106186437
-669.3708746196        	0.7755612311		8931.4046982432
-669.3753838599        	0.7755612311		8928.0620898987
-669.3705869101        	0.7755612311		8927.0810858687
-669.3564426247        	0.7755612311		8928.1338210525
-669.3390734161        	0.7755612311		8930.1213119686
-669.3305018469        	0.7755612311		8930.3818712345
-669.3395386425        	0.7755612311		8927.2441527137
-669.3627930073        	0.7755612311		8921.4474665206
-669.3896190590        	0.7755612311		8915.3763021211
-669.4114280786        	0.7755612311		8911.2644142497
-669.4245559554        	0.7755612311		8909.7523156390
-669.4285244093        	0.7755612311		8910.7960852147
-669.4256233672        	0.7755612311		8913.4616849767
-669.4203919213        	0.7755612311		8917.0413326273
-669.4176542776        	0.7755612311		8920.6663070899
-669.4207131200        	0.7755612311		8922.5345278632
-669.4310775181        	0.7755612311		8922.4533275950
-669.4462306424        	0.7755612311		8920.6080968074
-669.4585350068        	0.7755612311		8918.3726959007
-669.4609694814        	0.7755612311		8918.4111763439
-669.4520350602        	0.7755612311		8920.7716402424
-669.4352790114        	0.7755612311		8925.0408568688
-669.4167313894        	0.7755612311		8930.6015739369
-669.4016267009        	0.7755612311		8935.7815645194
-669.3918055798        	0.7755612311		8940.1122043580
-669.3870242680        	0.7755612311		8943.1523544923
-669.3873660820        	0.7755612311		8944.4886232930
-669.3925603283        	0.7755612311		8943.7480626355
-669.4006623821        	0.7755612311		8941.2052781742
-669.4089477649        	0.7755612311		8937.7821079173
-669.4163779138        	0.7755612311		8933.9238195700
-669.4236382312        	0.7755612311		8930.3028840795
-669.4318308439        	0.7755612311		8926.6834596099
-669.4417427113        	0.7755612311		8922.5375665295
-669.4527370760        	0.7755612311		8918.0067229905
-669.4626273090        	0.7755612311		8914.0632057942
-669.4684339990        	0.7755612311		8910.6202387782
-669.4674235063        	0.7755612311		8909.4937818515
-669.4581881697        	0.7755612311		8910.4793135884
-669.4414295368        	0.7755612311		8913.8709197790
-669.4192869473        	0.7755612311		8918.6308648001
-669.3946638887        	0.7755612311		8924.1162976332
-669.3712066310        	0.7755612311		8929.3140292265
-669.3524460787        	0.7755612311		8933.2582482184
-669.3414019391        	0.7755612311		8935.7700547356
-669.3406249415        	0.7755612311		8935.9429723676
-669.3501078608        	0.7755612311		8934.3027720473
-669.3656403929        	0.7755612311		8932.4115449100
-669.3817798939        	0.7755612311		8930.5174708463
-669.3955539838        	0.7755612311		8930.0563152114
-669.4064063912        	0.7755612311		8930.2144498462
-669.4137449645        	0.7755612311		8930.8601302118
-669.4157337194        	0.7755612311		8932.2376014948
-669.4106223614        	0.7755612311		8934.7563303468
-669.3995300928        	0.7755612311		8937.9938516030
-669.3884276793        	0.7755612311		8941.0050864569
-669.3854706471        	0.7755612311		8942.6295259131
-669.3953388532        	0.7755612311		8941.2989482490
-669.4164706133        	0.7755612311		8937.6475572730
-669.4414523988        	0.7755612311		8933.2515501081
-669.4602045273        	0.7755612311		8930.5843250161
-669.4649875071        	0.7755612311		8930.8378760396
-669.4537966443        	0.7755612311		8934.4652317588
-669.4314556239        	0.7755612311		8939.8081047160
-669.4076065055        	0.7755612311		8944.4649807743
-669.3904459853        	0.7755612311		8947.1526327198
-669.3816765684        	0.7755612311		8947.3166300360
-669.3777544962        	0.7755612311		8946.7689164715
-669.3746196792        	0.7755612311		8946.6342091268
-669.3695758824        	0.7755612311		8947.8925968104
-669.3616104658        	0.7755612311		8950.6184770295
-669.3525979581        	0.7755612311		8953.1272696481
-669.3467779138        	0.7755612311		8954.7098981099
-669.3467008836        	0.7755612311		8953.7008570001
-669.3508735079        	0.7755612311		8951.1294156438
-669.3553414286        	0.7755612311		8946.9485413938
-669.3575113623        	0.7755612311		8943.6460738940
-669.3575646842        	0.7755612311		8941.2114658741
-669.3564929686        	0.7755612311		8939.8082031875
-669.3543388319        	0.7755612311		8939.3265077614
-669.3514448445        	0.7755612311		8939.7352945141
-669.3506873369        	0.7755612311		8939.6769097383
-669.3568247037        	0.7755612311		8938.0241667212
-669.3717361661        	0.7755612311		8934.2509667829
-669.3904851688        	0.7755612311		8929.7985725968
-669.4054006688        	0.7755612311		8926.0898655812
-669.4135111334        	0.7755612311		8923.2007780082
-669.4161308764        	0.7755612311		8920.9439212991
-669.4148676771        	0.7755612311		8919.6475090239
-669.4098070332        	0.7755612311		8919.2916083734
-669.4013902817        	0.7755612311		8920.0717602028
-669.3912446943        	0.7755612311		8921.0766175416
-669.3814162960        	0.7755612311		8922.5889658481
-669.3737547189        	0.7755612311		8924.4686101061
-669.3690482452        	0.7755612311		8926.0795294517
-669.3664501505        	0.7755612311		8927.4339196446
-669.3653351251        	0.7755612311		8928.1008998913
-669.3654526151        	0.7755612311		8928.2856265227
-669.3648845332        	0.7755612311		8928.3990804466
-669.3614789529        	0.7755612311		8928.8498630821
-669.3566056054        	0.7755612311		8930.4344371109
-669.3550585423        	0.7755612311		8931.8996219584
-669.3604614212        	0.7755612311		8932.0763324883
-669.3723268992        	0.7755612311		8931.1445299866
-669.3861311465        	0.7755612311		8929.8733035709
-669.3972080535        	0.7755612311		8929.0303656408
-669.4040207714        	0.7755612311		8928.1426021475
-669.4071325319        	0.7755612311		8927.3299328344
-669.4065967626        	0.7755612311		8926.7448169121
-669.4013517612        	0.7755612311		8926.0569281152
-669.3917814670        	0.7755612311		8925.7062631320
-669.3811065944        	0.7755612311		8924.7692413514
-669.3750713862        	0.7755612311		8923.0151975986
-669.3785466122        	0.7755612311		8919.2737950245
-669.3912844412        	0.7755612311		8914.7113338607
-669.4085655030        	0.7755612311		8909.1620406399
-669.4262233441        	0.7755612311		8904.6823667909
-669.4436745388        	0.7755612311		8900.4929395549
-669.4616344218        	0.7755612311		8896.6378027175
-669.4771984828        	0.7755612311		8894.2453368664
-669.4844861566        	0.7755612311		8894.5463529223
-669.4807921565        	0.7755612311		8897.6593434105
-669.4702713643        	0.7755612311		8902.9370286475
-669.4590512554        	0.7755612311		8908.9064206465
-669.4475304963        	0.7755612311		8915.4537678807
-669.4316028800        	0.7755612311		8922.5828695722
-669.4094152069        	0.7755612311		8930.4175379174
-669.3839182348        	0.7755612311		8939.3152101914
-669.3616890208        	0.7755612311		8946.8356162805
-669.3498279451        	0.7755612311		8951.8689219788
-669.3526960887        	0.7755612311		8952.6491416808
-669.3705382381        	0.7755612311		8949.6492777949
-669.3974409336        	0.7755612311		8944.0201068670
-669.4238298245        	0.7755612311		8937.4035713015
-669.4423276307        	0.7755612311		8931.3664274296
-669.4504001304        	0.7755612311		8927.3385569345
-669.4496311670        	0.7755612311		8924.9372035304
-669.4451951015        	0.7755612311		8923.9539881024
-669.4435076528        	0.7755612311		8922.9743513274
-669.4459277606        	0.7755612311		8922.2569038631
-669.4480224979        	0.7755612311		8921.8167143337
-669.4458869544        	0.7755612311		8923.3254912419
-669.4390715011        	0.7755612311		8926.4634713321
-669.4285291825        	0.7755612311		8931.1249251730
-669.4144315815        	0.7755612311		8936.6910612018
-669.3971835734        	0.7755612311		8943.2960702699
-669.3797230258        	0.7755612311		8950.1755848493
-669.3664155793        	0.7755612311		8955.6648243589
-669.3611991853        	0.7755612311		8958.3510277483
-669.3668143351        	0.7755612311		8958.1467332881
-669.3817299006        	0.7755612311		8955.3600979838
-669.3997714504        	0.7755612311		8951.1078957824
-669.4143476641        	0.7755612311		8945.9800746756
-669.4213382523        	0.7755612311		8941.8435185518
-669.4201359319        	0.7755612311		8938.4784119694
-669.4141697309        	0.7755612311		8935.5420903523
-669.4091481295        	0.7755612311		8932.3875690106
-669.4089276899        	0.7755612311		8928.3411312397
-669.4126071750        	0.7755612311		8923.6303002988
-669.4169700173        	0.7755612311		8919.3912130118
-669.4178155284        	0.7755612311		8916.4058772576
-669.4101968043        	0.7755612311		8916.4836519570
-669.3935124166        	0.7755612311		8919.9241741738
-669.3758805923        	0.7755612311		8925.3223488173
-669.3683130403        	0.7755612311		8929.4717481119
-669.3730672900        	0.7755612311		8931.2970558698
-669.3852175726        	0.7755612311		8931.2984121124
-669.4014344654        	0.7755612311		8929.3411554119
-669.4199599680        	0.7755612311		8925.9462473730
-669.4367002312        	0.7755612311		8922.3517908950
-669.4467801130        	0.7755612311		8919.4270788931
-669.4489118754        	0.7755612311		8917.6071215671
-669.4464095346        	0.7755612311		8916.3966926823
-669.4443687761        	0.7755612311		8914.7711041496
-669.4448479938        	0.7755612311		8912.3555937116
-669.4455199330        	0.7755612311		8909.5506544691
-669.4442170339        	0.7755612311		8906.9247029468
-669.4412435903        	0.7755612311		8904.7064573973
-669.4370631582        	0.7755612311		8903.0398371739
-669.4326579652        	0.7755612311		8902.1056490149
-669.4310169171        	0.7755612311		8902.1768679045
-669.4359096071        	0.7755612311		8902.2651568958
-669.4479177524        	0.7755612311		8902.0689063294
-669.4632987081        	0.7755612311		8901.6065183063
-669.4771333163        	0.7755612311		8901.4523340830
-669.4857285842        	0.7755612311		8902.4768698145
-669.4872665516        	0.7755612311		8904.4319077640
-669.4832558401        	0.7755612311		8906.8097831088
-669.4810647331        	0.7755612311		8908.4392928920
-669.4892065444        	0.7755612311		8908.4777413505
-669.5033686879        	0.7755612311		8908.1620852731
-669.5112322613        	0.7755612311		8908.5965042977
-669.5063767053        	0.7755612311		8911.2201104297
-669.4904205508        	0.7755612311		8915.9513865733
-669.4695985638        	0.7755612311		8921.0194421746
-669.4507578866        	0.7755612311		8925.1166188307
-669.4383974376        	0.7755612311		8927.1387925633
-669.4332792603        	0.7755612311		8927.0861068649
-669.4340790536        	0.7755612311		8925.6930594637
-669.4382920992        	0.7755612311		8923.1812378767
-669.4419657053        	0.7755612311		8920.6804529530
-669.4419598724        	0.7755612311		8919.4310424729
-669.4390424951        	0.7755612311		8919.3384752843
-669.4372759745        	0.7755612311		8919.8806715175
-669.4396205489        	0.7755612311		8919.5194296424
-669.4454695914        	0.7755612311		8918.6080685452
-669.4524972237        	0.7755612311		8917.2837178922
-669.4588364097        	0.7755612311		8915.8550196555
-669.4626802702        	0.7755612311		8915.5972340122
-669.4622713817        	0.7755612311		8916.5433652968
-669.4575693879        	0.7755612311		8918.5974079837
-669.4524062179        	0.7755612311		8920.3889840969
-669.4523393068        	0.7755612311		8920.4556361506
-669.4577748393        	0.7755612311		8918.3388236922
-669.4634441998        	0.7755612311		8915.3335853393
-669.4644975048        	0.7755612311		8912.9029570305
-669.4593963596        	0.7755612311		8911.8942996827
-669.4493615708        	0.7755612311		8912.3098824868
-669.4377876092        	0.7755612311		8913.2021180431
-669.4291368479        	0.7755612311		8913.2009971248
-669.4266089981        	0.7755612311		8911.6324648568
-669.4296602088        	0.7755612311		8908.5382627332
-669.4349617747        	0.7755612311		8904.3209946935
-669.4410325190        	0.7755612311		8900.1259693552
-669.4492074243        	0.7755612311		8895.5400879717
-669.4586717940        	0.7755612311		8891.8280452131
-669.4643373476        	0.7755612311		8889.8555565169
-669.4631953209        	0.7755612311		8891.0155611368
-669.4583723899        	0.7755612311		8894.6749531992
-669.4557353294        	0.7755612311		8899.5037227532
-669.4573895766        	0.7755612311		8904.9210029502
-669.4598229994        	0.7755612311		8910.2729756168
-669.4582841056        	0.7755612311		8916.0985305468
-669.4506134163        	0.7755612311		8921.9306608485
-669.4378767527        	0.7755612311		8927.8329614247
-669.4233842709        	0.7755612311		8932.4704263794
-669.4111120631        	0.7755612311		8934.8368162016
-669.4043535174        	0.7755612311		8934.6398910731
-669.4055093205        	0.7755612311		8931.6520125493
-669.4148782504        	0.7755612311		8926.3012307054
-669.4301894926        	0.7755612311		8919.4507512648
-669.4475014374        	0.7755612311		8912.9058871799
-669.4624642380        	0.7755612311		8908.1283493778
-669.4714412661        	0.7755612311		8906.0563531149
-669.4728726914        	0.7755612311		8906.1421415307
-669.4691606889        	0.7755612311		8907.6356344737
-669.4652562328        	0.7755612311		8908.9562561060
-669.4640154362        	0.7755612311		8909.2752888647
-669.4642365352        	0.7755612311		8908.0927063422
-669.4629305475        	0.7755612311		8906.1272977696
-669.4566087140        	0.7755612311		8904.0915869135
-669.4429493109        	0.7755612311		8903.3384663608
-669.4234711272        	0.7755612311		8903.9448928088
-669.4037411557        	0.7755612311		8906.0207326761
-669.3908423246        	0.7755612311		8907.8102236855
-669.3900642823        	0.7755612311		8908.8640279670
-669.4003141960        	0.7755612311		8908.5330182932
-669.4137021245        	0.7755612311		8907.0422574415
-669.4222400614        	0.7755612311		8905.6171457191
-669.4238438245        	0.7755612311		8904.8317272245
-669.4230600034        	0.7755612311		8904.1124260051
-669.4234743938        	0.7755612311		8903.7269404423
-669.4220101815        	0.7755612311		8904.2382566080
-669.4180146630        	0.7755612311		8905.4922076554
-669.4147228246        	0.7755612311		8906.8411809802
-669.4114081665        	0.7755612311		8907.3418257268
-669.4047454312        	0.7755612311		8907.4111465313
-669.3948288211        	0.7755612311		8907.4756910522
-669.3877235407        	0.7755612311		8906.8176992662
-669.3886415320        	0.7755612311		8904.9095173318
-669.3959467826        	0.7755612311		8902.1459457178
-669.4072542593        	0.7755612311		8899.2662913199
-669.4230690458        	0.7755612311		8895.8553474419
-669.4429967178        	0.7755612311		8892.4508454816
-669.4635168905        	0.7755612311		8889.5181529684
-669.4797734960        	0.7755612311		8888.4707257726
-669.4874632765        	0.7755612311		8890.3430774097
-669.4839831249        	0.7755612311		8895.5888685999
-669.4704125388        	0.7755612311		8903.3301744555
-669.4515426778        	0.7755612311		8912.4624583335
-669.4335517057        	0.7755612311		8920.5783665329
-669.4204764769        	0.7755612311		8927.1193744107
-669.4133090009        	0.7755612311		8931.7566948594
-669.4124129665        	0.7755612311		8934.0172836778
-669.4176634411        	0.7755612311		8934.4237641906
-669.4267772984        	0.7755612311		8933.3776790486
-669.4360825304        	0.7755612311		8931.3184750422
-669.4431479634        	0.7755612311		8929.4425123225
-669.4483795232        	0.7755612311		8927.4962526485
-669.4536956575        	0.7755612311		8924.7859420460
-669.4602630263        	0.7755612311		8921.2109628714
-669.4679774623        	0.7755612311		8917.4984353485
-669.4770792912        	0.7755612311		8913.3096788284
-669.4879585896        	0.7755612311		8909.0108113317
-669.5000323027        	0.7755612311		8904.6494899852
-669.5122772907        	0.7755612311		8900.5927280464
-669.5237563771        	0.7755612311		8897.3846123003
-669.5331445139        	0.7755612311		8894.9410657463
-669.5386460644        	0.7755612311		8894.0429529807
-669.5393257911        	0.7755612311		8894.9743100983
-669.5350724486        	0.7755612311		8897.7395166913
-669.5260050639        	0.7755612311		8902.0845238754
-669.5124303349        	0.7755612311		8907.3305606729
-669.4944523460        	0.7755612311		8913.4896595472
-669.4729223067        	0.7755612311		8919.9013474855
-669.4511944739        	0.7755612311		8925.7533576097
-669.4340156146        	0.7755612311		8929.9433507372
-669.4247953528        	0.7755612311		8931.9959865582
-669.4235175154        	0.7755612311		8931.8974610255
-669.4279977340        	0.7755612311		8930.9307807565
-669.4354079933        	0.7755612311		8929.1892621544
-669.4425515995        	0.7755612311		8927.4332873820
-669.4458311429        	0.7755612311		8926.8212677214
-669.4434253197        	0.7755612311		8927.0133462468
-669.4372308969        	0.7755612311		8927.3993999430
-669.4331187298        	0.7755612311		8927.5099503442
-669.4386214166        	0.7755612311		8926.1420150197
-669.4564920976        	0.7755612311		8922.8237937083
-669.4811702681        	0.7755612311		8918.4696463923
-669.5038177951        	0.7755612311		8915.6574076128
-669.5176147568        	0.7755612311		8915.2380865247
-669.5207686406        	0.7755612311		8917.6080524483
-669.5167189281        	0.7755612311		8921.0084846639
-669.5090898312        	0.7755612311		8924.4580352594
-669.4975333750        	0.7755612311		8927.0296999301
-669.4797164482        	0.7755612311		8929.2170339506
-669.4575857855        	0.7755612311		8930.8276991243
-669.4410513024        	0.7755612311		8931.3001918708
-669.4325435447        	0.7755612311		8930.9152049440
-669.4254666084        	0.7755612311		8930.6008951562
-669.4202502520        	0.7755612311		8930.0743090122
-669.4202359670        	0.7755612311		8928.7996376281
-669.4273863239        	0.7755612311		8926.3608481920
-669.4431854237        	0.7755612311		8922.5219209044
-669.4653794121        	0.7755612311		8917.1887652466
-669.4897841677        	0.7755612311		8911.9375464512
-669.5144267878        	0.7755612311		8906.2244761381
-669.5378095755        	0.7755612311		8900.2446951364
-669.5567441618        	0.7755612311		8895.1467801279
-669.5673805787        	0.7755612311		8891.7235725149
-669.5674142899        	0.7755612311		8890.5530736300
-669.5584663675        	0.7755612311		8891.2825606588
-669.5465023278        	0.7755612311		8892.6601864398
-669.5379296689        	0.7755612311		8893.9283336378
-669.5333935516        	0.7755612311		8894.4982802299
-669.5266569439        	0.7755612311		8895.8080883439
-669.5120569815        	0.7755612311		8899.3432038319
-669.4905228060        	0.7755612311		8904.7404210954
-669.4677102346        	0.7755612311		8910.7776116277
-669.4480268756        	0.7755612311		8916.2039826122
-669.4326082459        	0.7755612311		8920.7393478326
-669.4209552954        	0.7755612311		8924.3238426723
-669.4122124927        	0.7755612311		8926.8743571246
-669.4070089701        	0.7755612311		8928.3058644112
-669.4081934342        	0.7755612311		8927.8051338217
-669.4180533875        	0.7755612311		8924.4336335936
-669.4355220452        	0.7755612311		8918.7833883052
-669.4559107494        	0.7755612311		8912.0115103603
-669.4729383490        	0.7755612311		8905.7150040397
-669.4805418526        	0.7755612311		8902.4311917348
-669.4742681660        	0.7755612311		8902.9450874286
-669.4532977156        	0.7755612311		8908.0985254833
-669.4227556795        	0.7755612311		8916.0971096758
-669.3932419020        	0.7755612311		8924.1247006144
-669.3757538159        	0.7755612311		8929.5584020806
-669.3760404912        	0.7755612311		8930.2922199229
-669.3924059319        	0.7755612311		8926.6065220209
-669.4172150395        	0.7755612311		8920.9929895584
-669.4403116860        	0.7755612311		8916.1064835567
-669.4535061983        	0.7755612311		8913.9954024278
-669.4530533221        	0.7755612311		8916.0518029712
-669.4388201003        	0.7755612311		8922.1767575305
-669.4143522653        	0.7755612311		8930.3910997742
-669.3875675641        	0.7755612311		8938.5435269246
-669.3669136424        	0.7755612311		8944.4811320042
-669.3564631132        	0.7755612311		8947.0328794869
-669.3560687862        	0.7755612311		8946.5293086482
-669.3639242097        	0.7755612311		8943.5398255344
-669.3775553338        	0.7755612311		8938.7837248652
-669.3925655527        	0.7755612311		8933.4755967729
-669.4039104855        	0.7755612311		8929.0314331008
-669.4078216331        	0.7755612311		8926.9103160039
-669.4017311763        	0.7755612311		8927.4727606026
-669.3877190621        	0.7755612311		8930.2801356112
-669.3727406563        	0.7755612311		8933.3490241699
-669.3624243127        	0.7755612311		8934.5879222341
-669.3590031622        	0.7755612311		8933.5946944951
-669.3666844867        	0.7755612311		8929.7184734448
-669.3905652114        	0.7755612311		8923.0234905931
-669.4237545724        	0.7755612311		8915.1044355474
-669.4539380972        	0.7755612311		8908.6807924596
-669.4766311779        	0.7755612311		8904.6951121334
-669.4927916346        	0.7755612311		8902.8249047419
-669.5032955032        	0.7755612311		8902.2797120298
-669.5084624611        	0.7755612311		8902.6292045056
-669.5107246384        	0.7755612311		8903.4938005516
-669.5145843284        	0.7755612311		8903.7657790316
-669.5227021167        	0.7755612311		8903.0426870520
-669.5337130918        	0.7755612311		8901.7312063968
-669.5439881508        	0.7755612311		8901.0135674665
-669.5499123240        	0.7755612311		8901.7026162472
-669.5486581464        	0.7755612311		8903.8948494084
-669.5395860648        	0.7755612311		8908.0292149011
-669.5245158966        	0.7755612311		8912.9388113669
-669.5053686309        	0.7755612311		8918.4291595947
-669.4835582441        	0.7755612311		8923.6158878094
-669.4618980966        	0.7755612311		8927.2444841415
-669.4451684964        	0.7755612311		8929.4087131971
-669.4367092324        	0.7755612311		8929.1668937928
-669.4361790778        	0.7755612311		8927.5116962444
-669.4411952483        	0.7755612311		8924.8252687834
-669.4495536025        	0.7755612311		8921.7483633412
-669.4595467055        	0.7755612311		8918.9909851468
-669.4697678988        	0.7755612311		8916.0874414190
-669.4784283752        	0.7755612311		8913.6300474208
-669.4821145419        	0.7755612311		8912.3804003937
-669.4773832039        	0.7755612311		8912.4993098490
-669.4653662932        	0.7755612311		8913.9451092445
-669.4526892037        	0.7755612311		8915.2343972929
-669.4465707786        	0.7755612311		8914.4667866404
-669.4510419791        	0.7755612311		8911.0082493884
-669.4658193451        	0.7755612311		8904.9844385521
-669.4870062819        	0.7755612311		8898.2795804923
-669.5095286042        	0.7755612311		8891.7540597726
-669.5292477331        	0.7755612311		8886.8264571151
-669.5444944366        	0.7755612311		8883.7074959577
-669.5546559705        	0.7755612311		8882.2341485229
-669.5580504798        	0.7755612311		8882.4202825859
-669.5529130970        	0.7755612311		8884.2774128144
-669.5419181326        	0.7755612311		8887.1336585388
-669.5332245959        	0.7755612311		8888.7504652737
-669.5311450641        	0.7755612311		8889.3061799386
-669.5304990184        	0.7755612311		8889.6407575328
-669.5260608683        	0.7755612311		8891.1838126210
-669.5189809622        	0.7755612311		8893.7068692704
-669.5142258517        	0.7755612311		8895.7683658014
-669.5153281589        	0.7755612311		8896.7310095371
-669.5203904149        	0.7755612311		8896.2345477984
-669.5242462910        	0.7755612311		8895.5863294968
-669.5230172300        	0.7755612311		8895.9796424301
-669.5147093089        	0.7755612311		8897.9187479473
-669.4986832185        	0.7755612311		8902.0632362992
-669.4771128602        	0.7755612311		8907.9107648722
-669.4564391368        	0.7755612311		8913.7766385731
-669.4439384411        	0.7755612311		8917.6277922914
-669.4420140665        	0.7755612311		8918.9596727034
-669.4476414362        	0.7755612311		8917.8610574382
-669.4557732959        	0.7755612311		8916.2331467518
-669.4613260967        	0.7755612311		8915.0021333884
-669.4604139868        	0.7755612311		8916.0321127499
-669.4520762444        	0.7755612311		8918.7339147786
-669.4400355449        	0.7755612311		8922.8159306850
-669.4324511808        	0.7755612311		8926.5698462299
-669.4375492352        	0.7755612311		8926.9731481858
-669.4562433647        	0.7755612311		8923.8212876011
-669.4787425910        	0.7755612311		8919.0634194339
-669.4929126334        	0.7755612311		8915.3718863543
-669.4938150723        	0.7755612311		8914.1307341971
-669.4853424298        	0.7755612311		8914.9512651263
-669.4743261674        	0.7755612311		8916.5249681537
-669.4648432852        	0.7755612311		8918.2674054997
-669.4582137699        	0.7755612311		8919.7001184894
-669.4549395404        	0.7755612311		8920.7060583872
-669.4565860412        	0.7755612311		8921.2388116478
-669.4627280960        	0.7755612311		8920.9581673413
-669.4643454129        	0.7755612311		8921.7248795442
-669.4525147908        	0.7755612311		8925.1346585022
-669.4295773677        	0.7755612311		8930.7184204385
-669.4073307601        	0.7755612311		8935.2277736820
-669.3974968220        	0.7755612311		8936.5549385998
-669.4022485196        	0.7755612311		8934.3429351617
-669.4176843367        	0.7755612311		8929.8265217355
-669.4384787598        	0.7755612311		8923.1944668590
-669.4585444811        	0.7755612311		8916.7380248585
-669.4732188150        	0.7755612311		8911.2496021582
-669.4786226913        	0.7755612311		8907.8142562027
-669.4727152752        	0.7755612311		8906.7909919054
-669.4586193741        	0.7755612311		8907.7573643848
-669.4458895128        	0.7755612311		8908.6786367236
-669.4462674389        	0.7755612311		8906.9650576169
-669.4643216664        	0.7755612311		8902.0664013638
-669.4941562744        	0.7755612311		8894.8664746150
-669.5260818587        	0.7755612311		8887.4303549920
-669.5523224026        	0.7755612311		8882.2608163919
-669.5695031126        	0.7755612311		8879.7769303108
-669.5793009031        	0.7755612311		8879.8517469029
-669.5862039550        	0.7755612311		8880.5391576367
-669.5943648475        	0.7755612311		8880.6657018878
-669.6045414078        	0.7755612311		8880.4352010390
-669.6124127704        	0.7755612311		8880.9321795499
-669.6111471312        	0.7755612311		8883.6954997027
-669.5973977938        	0.7755612311		8889.4565248069
-669.5751649440        	0.7755612311		8898.0105082574
-669.5504577120        	0.7755612311		8906.8994659794
-669.5262133257        	0.7755612311		8915.3136697216
-669.5056867374        	0.7755612311		8920.8814703809
-669.4915076751        	0.7755612311		8923.5399051359
-669.4842014557        	0.7755612311		8923.1786082384
-669.4841781464        	0.7755612311		8920.3001425203
-669.4925203389        	0.7755612311		8914.5994570734
-669.5073133747        	0.7755612311		8907.5011848019
-669.5235654822        	0.7755612311		8900.4608828197
-669.5384416276        	0.7755612311		8894.7179376039
-669.5506450563        	0.7755612311		8890.8880004283
-669.5579766438        	0.7755612311		8890.2590689787
-669.5601198731        	0.7755612311		8891.8337600786
-669.5601025831        	0.7755612311		8894.6973032099
-669.5606572769        	0.7755612311		8897.7572366517
-669.5613471862        	0.7755612311		8900.3651436948
-669.5604404594        	0.7755612311		8902.2237226983
-669.5575263583        	0.7755612311		8903.5181594054
-669.5530500278        	0.7755612311		8904.6388257133
-669.5476856651        	0.7755612311		8904.8882207001
-669.5428861851        	0.7755612311		8905.3573428091
-669.5396574961        	0.7755612311		8905.3059007219
-669.5371182706        	0.7755612311		8905.7045152668
-669.5327906543        	0.7755612311		8906.0739210282
-669.5253368456        	0.7755612311		8906.5369844893
-669.5164534361        	0.7755612311		8906.8151139095
-669.5093839261        	0.7755612311		8906.4972844095
-669.5056233664        	0.7755612311		8905.6553370487
-669.5044396697        	0.7755612311		8904.9556878136
-669.5036582410        	0.7755612311		8904.3260306192
-669.5010746297        	0.7755612311		8904.1033688056
-669.4948033589        	0.7755612311		8905.6080363407
-669.4834086540        	0.7755612311		8908.2735267079
-669.4668727972        	0.7755612311		8912.0742648265
-669.4476162058        	0.7755612311		8917.1143211828
-669.4294341266        	0.7755612311		8922.2904375734
-669.4163607275        	0.7755612311		8926.6617074371
-669.4116747209        	0.7755612311		8929.1945102747
-669.4158086665        	0.7755612311		8930.1205074616
-669.4225090623        	0.7755612311		8930.3136118551
-669.4215731519        	0.7755612311		8931.4560628674
-669.4079683729        	0.7755612311		8934.7236715737
-669.3859228715        	0.7755612311		8939.1322988986
-669.3641973478        	0.7755612311		8942.9126003233
-669.3494631208        	0.7755612311		8944.7253016342
-669.3445137344        	0.7755612311		8944.3396887052
-669.3498870131        	0.7755612311		8941.3403268334
-669.3642147463        	0.7755612311		8937.2425154303
-669.3833313276        	0.7755612311		8932.6844825278
-669.4010109016        	0.7755612311		8928.6915226499
-669.4117482032        	0.7755612311		8927.1229030677
-669.4136384910        	0.7755612311		8927.7361955305
-669.4096996436        	0.7755612311		8929.6795439742
-669.4068027803        	0.7755612311		8931.1324390216
-669.4131240726        	0.7755612311		8930.5282530403
-669.4323174004        	0.7755612311		8927.0398164698
-669.4599965608        	0.7755612311		8921.4518417536
-669.4883479254        	0.7755612311		8915.4416080260
-669.5097486383        	0.7755612311		8911.1501725667
-669.5187860011        	0.7755612311		8909.4099221751
-669.5154930564        	0.7755612311		8909.8383351064
-669.5055413619        	0.7755612311		8911.1424235076
-669.4958806958        	0.7755612311		8911.1158533177
-669.4902265781        	0.7755612311		8909.5060795537
-669.4880347330        	0.7755612311		8906.7395162103
-669.4870140442        	0.7755612311		8903.6773726707
-669.4832117904        	0.7755612311		8901.8214181811
-669.4723666417        	0.7755612311		8901.8921513086
-669.4534438824        	0.7755612311		8903.9284775869
-669.4292313101        	0.7755612311		8906.9917057127
-669.4058305553        	0.7755612311		8909.9107780985
-669.3904803736        	0.7755612311		8911.0352563642
-669.3860353888        	0.7755612311		8910.2544189161
-669.3887935870        	0.7755612311		8909.1884265461
-669.3921981653        	0.7755612311		8909.2639396927
-669.3911538728        	0.7755612311		8911.2185002573
-669.3838247502        	0.7755612311		8915.3872483594
-669.3714520703        	0.7755612311		8921.0755483605
-669.3582218356        	0.7755612311		8926.5608279846
-669.3514185177        	0.7755612311		8929.6108661588
-669.3576197591        	0.7755612311		8928.7203104432
-669.3761229264        	0.7755612311		8924.1535887408
-669.3980297198        	0.7755612311		8918.2331222963
-669.4145077189        	0.7755612311		8913.6152731146
-669.4226351318        	0.7755612311		8911.0909192501
-669.4232268263        	0.7755612311		8910.5847756630
-669.4186213521        	0.7755612311		8911.7448263925
-669.4123801284        	0.7755612311		8913.6177940656
-669.4069641463        	0.7755612311		8915.2172709202
-669.4014076071        	0.7755612311		8917.0797362689
-669.3935353662        	0.7755612311		8920.0610142601
-669.3835083748        	0.7755612311		8923.3623522281
-669.3740363534        	0.7755612311		8926.9305855201
-669.3682510838        	0.7755612311		8929.8560732485
-669.3675010923        	0.7755612311		8931.7472413107
-669.3701772804        	0.7755612311		8933.3067196411
-669.3729927229        	0.7755612311		8935.1768879379
-669.3731112191        	0.7755612311		8937.2811268877
-669.3692240913        	0.7755612311		8940.3662383791
-669.3617315830        	0.7755612311		8943.9465498141
-669.3536380072        	0.7755612311		8948.0208761337
-669.3499574741        	0.7755612311		8951.3387031889
-669.3535248200        	0.7755612311		8952.9983004156
-669.3623169020        	0.7755612311		8952.7950425322
-669.3717965281        	0.7755612311		8951.6523400238
-669.3800168570        	0.7755612311		8950.2205187729
-669.3889423842        	0.7755612311		8948.6824681586
-669.4001885874        	0.7755612311		8946.9038412859
-669.4110686985        	0.7755612311		8945.4444863979
-669.4176088749        	0.7755612311		8944.9345434472
-669.4204777571        	0.7755612311		8944.5145404793
-669.4259205470        	0.7755612311		8942.4221492661
-669.4408661529        	0.7755612311		8937.2041888787
-669.4651221303        	0.7755612311		8929.1306073232
-669.4908609200        	0.7755612311		8920.5086669249
-669.5090295640        	0.7755612311		8913.4053341876
-669.5157117832        	0.7755612311		8908.7475893327
-669.5141951808        	0.7755612311		8906.5234981735
-669.5112486643        	0.7755612311		8905.1316921551
-669.5110064851        	0.7755612311		8904.1071338183
-669.5124483813        	0.7755612311		8903.6737894820
-669.5121558911        	0.7755612311		8904.6570012038
-669.5085582293        	0.7755612311		8907.0806411288
-669.5031115368        	0.7755612311		8910.8748015604
-669.4976537679        	0.7755612311		8915.5789834258
-669.4928558415        	0.7755612311		8919.8896872723
-669.4886547567        	0.7755612311		8923.5733420294
-669.4832135119        	0.7755612311		8926.9722958613
-669.4723352157        	0.7755612311		8930.3680985720
-669.4549225484        	0.7755612311		8934.3706084734
-669.4355450693        	0.7755612311		8937.7227406902
-669.4205331151        	0.7755612311		8939.3537161530
-669.4143668876        	0.7755612311		8938.3815504338
-669.4190534485        	0.7755612311		8934.7738242433
-669.4342124327        	0.7755612311		8928.1856689068
-669.4567393742        	0.7755612311		8920.8291854637
-669.4811657202        	0.7755612311		8913.4967372224
-669.5008705345        	0.7755612311		8908.6637511813
-669.5107296910        	0.7755612311		8907.3765034852
-669.5093040851        	0.7755612311		8909.6011713702
-669.4988696720        	0.7755612311		8914.6353777650
-669.4845974769        	0.7755612311		8920.2957330599
-669.4729381105        	0.7755612311		8924.7035691161
-669.4694048389        	0.7755612311		8926.0995111690
-669.4755421094        	0.7755612311		8924.2706755515
-669.4863029286        	0.7755612311		8920.6264497922
-669.4937329481        	0.7755612311		8917.4067502182
-669.4917579482        	0.7755612311		8916.8423325014
-669.4781222939        	0.7755612311		8919.3430353885
-669.4553710626        	0.7755612311		8924.2921096780
-669.4302115652        	0.7755612311		8929.9482303368
-669.4102180951        	0.7755612311		8934.9514915645
-669.3993266572        	0.7755612311		8938.7279534364
-669.3959271775        	0.7755612311		8940.6045298554
-669.3968637469        	0.7755612311		8940.9487411736
-669.4011402929        	0.7755612311		8939.6493975489
-669.4088746651        	0.7755612311		8936.4642013094
-669.4184102265        	0.7755612311		8932.0351040121
-669.4248249675        	0.7755612311		8927.8387843675
-669.4222812442        	0.7755612311		8926.4721286147
-669.4085481941        	0.7755612311		8928.1485252037
-669.3881659094        	0.7755612311		8932.0667378647
-669.3706110048        	0.7755612311		8936.1630574738
-669.3630879761        	0.7755612311		8938.3469457223
-669.3660587464        	0.7755612311		8937.5629133818
-669.3773974886        	0.7755612311		8934.6805088528
-669.3950411503        	0.7755612311		8930.4912470772
-669.4148183042        	0.7755612311		8926.4869872997
-669.4316255322        	0.7755612311		8923.5294110572
-669.4430926147        	0.7755612311		8922.7129459138
-669.4500562715        	0.7755612311		8923.4800275884
-669.4546571634        	0.7755612311		8924.6655568951
-669.4583541721        	0.7755612311		8925.7734438091
-669.4616104482        	0.7755612311		8926.3168639572
-669.4644908086        	0.7755612311		8925.7200039968
-669.4662564847        	0.7755612311		8924.9684409681
-669.4657277664        	0.7755612311		8923.9356633844
-669.4634500643        	0.7755612311		8923.4131017399
-669.4632888792        	0.7755612311		8923.0388203563
-669.4693449129        	0.7755612311		8921.8034034947
-669.4815418155        	0.7755612311		8919.5752794918
-669.4965679714        	0.7755612311		8916.9457742414
-669.5119604025        	0.7755612311		8913.7256582136
-669.5268091099        	0.7755612311		8910.3958686914
-669.5385027909        	0.7755612311		8907.3194669255
-669.5429967377        	0.7755612311		8905.2705146106
-669.5391536511        	0.7755612311		8904.2461252135
-669.5307258198        	0.7755612311		8903.8399104388
-669.5233082742        	0.7755612311		8903.5605957851
-669.5188948222        	0.7755612311		8903.1933462228
-669.5164715538        	0.7755612311		8902.6940869932
-669.5156744972        	0.7755612311		8902.7670983584
-669.5171224310        	0.7755612311		8902.4316102246
-669.5208749849        	0.7755612311		8902.1662170668
-669.5247854105        	0.7755612311		8901.6949457733
-669.5247048495        	0.7755612311		8902.7674869120
-669.5180917804        	0.7755612311		8904.8996877676
-669.5060825833        	0.7755612311		8908.6619046099
-669.4912380789        	0.7755612311		8912.3833034838
-669.4756522210        	0.7755612311		8915.3963486870
-669.4612901787        	0.7755612311		8916.9246182163
-669.4510225774        	0.7755612311		8915.9075020763
-669.4472685147        	0.7755612311		8912.2669022269
-669.4474585210        	0.7755612311		8906.9515012251
-669.4466290984        	0.7755612311		8902.7748552368
-669.4440600625        	0.7755612311		8899.8406261924
-669.4405681376        	0.7755612311		8899.2808245548
-669.4345433701        	0.7755612311		8901.5948623551
-669.4254507931        	0.7755612311		8906.5545549344
-669.4176122139        	0.7755612311		8912.8414058518
-669.4166597617        	0.7755612311		8918.6004754736
-669.4239685628        	0.7755612311		8922.4926965906
-669.4365585135        	0.7755612311		8925.0741520357
-669.4493952096        	0.7755612311		8926.5850602052
-669.4577947120        	0.7755612311		8927.9112321887
-669.4610575023        	0.7755612311		8928.9168156496
-669.4627885840        	0.7755612311		8928.9606894913
-669.4664427130        	0.7755612311		8927.4534999873
-669.4716419092        	0.7755612311		8924.6860845403
-669.4753372321        	0.7755612311		8922.2498852621
-669.4754967610        	0.7755612311		8920.1163106622
-669.4727390412        	0.7755612311		8919.7485235810
-669.4691397779        	0.7755612311		8919.2257462387
-669.4670102609        	0.7755612311		8918.2966030255
-669.4687361366        	0.7755612311		8915.8844840193
-669.4747773685        	0.7755612311		8912.1937671559
-669.4820339152        	0.7755612311		8907.5186442622
-669.4867878343        	0.7755612311		8903.4920876656
-669.4891699573        	0.7755612311		8900.2918887315
-669.4923349838        	0.7755612311		8897.8821540354
-669.4986887641        	0.7755612311		8895.6952870184
-669.5088012392        	0.7755612311		8893.7840610795
-669.5218819016        	0.7755612311		8891.5561506708
-669.5354470462        	0.7755612311		8890.0947307972
-669.5461689162        	0.7755612311		8889.8859064899
-669.5507820055        	0.7755612311		8891.5086727445
-669.5466098521        	0.7755612311		8895.1764175002
-669.5323185551        	0.7755612311		8900.5672134297
-669.5100108916        	0.7755612311		8907.2628412074
-669.4860217139        	0.7755612311		8912.6860717905
-669.4671686454        	0.7755612311		8916.0233304947
-669.4565144303        	0.7755612311		8916.0081905745
-669.4530793281        	0.7755612311		8913.1242176449
-669.4517970854        	0.7755612311		8909.1975420675
-669.4456933292        	0.7755612311		8906.9478202717
-669.4319906988        	0.7755612311		8907.1989955988
-669.4137514643        	0.7755612311		8909.2350725857
-669.3979997094        	0.7755612311		8911.9302813680
-669.3934336134        	0.7755612311		8912.6279490825
-669.4042456956        	0.7755612311		8910.8719380366
-669.4235667940        	0.7755612311		8908.1462658710
-669.4397531842        	0.7755612311		8906.4107210605
-669.4464400033        	0.7755612311		8907.1909461462
-669.4433176957        	0.7755612311		8910.2419585595
-669.4331524353        	0.7755612311		8915.2137988825
-669.4203792427        	0.7755612311		8919.6836612910
-669.4106676717        	0.7755612311		8922.9651590858
-669.4090051880        	0.7755612311		8923.8744516542
-669.4166284844        	0.7755612311		8922.6424826766
-669.4309147243        	0.7755612311		8919.6566154751
-669.4477263291        	0.7755612311		8917.0829368185
-669.4639157786        	0.7755612311		8914.4373238382
-669.4771000333        	0.7755612311		8913.2146352038
-669.4842293756        	0.7755612311		8912.6013344220
-669.4837511383        	0.7755612311		8913.2860941974
-669.4791205713        	0.7755612311		8914.3247152381
-669.4771466832        	0.7755612311		8914.0822980439
-669.4819214732        	0.7755612311		8911.5573049333
-669.4920358647        	0.7755612311		8907.3471841681
-669.5035784188        	0.7755612311		8902.1172631972
-669.5145809167        	0.7755612311		8896.9570959414
-669.5255657270        	0.7755612311		8892.2459173771
-669.5377006653        	0.7755612311		8888.1527895769
-669.5504524020        	0.7755612311		8885.4344739588
-669.5609515108        	0.7755612311		8884.3655061477
-669.5663980603        	0.7755612311		8884.8767316761
-669.5659595183        	0.7755612311		8886.7236505409
-669.5606396762        	0.7755612311		8889.4403746458
-669.5516429823        	0.7755612311		8892.3764142493
-669.5403811844        	0.7755612311		8895.2728379982
-669.5302368926        	0.7755612311		8896.9387038445
-669.5272751325        	0.7755612311		8896.7211402329
-669.5353743495        	0.7755612311		8894.2671366887
-669.5497643665        	0.7755612311		8890.1448845594
-669.5609120574        	0.7755612311		8886.7721730894
-669.5630090471        	0.7755612311		8886.0215800007
-669.5570741100        	0.7755612311		8887.1606180794
-669.5474203500        	0.7755612311		8889.7740417990
-669.5374684600        	0.7755612311		8892.9285617847
-669.5292828590        	0.7755612311		8895.5745776759
-669.5249789440        	0.7755612311		8897.2693822669
-669.5274663453        	0.7755612311		8897.0920656075
-669.5394774084        	0.7755612311		8894.4713151781
-669.5592134255        	0.7755612311		8889.8383812782
-669.5772762327        	0.7755612311		8885.1732809077
-669.5821398408        	0.7755612311		8884.0580379834
-669.5678565360        	0.7755612311		8887.1178038543
-669.5373685165        	0.7755612311		8894.2344438155
-669.5023330458        	0.7755612311		8902.7232712648
-669.4761218659        	0.7755612311		8909.6682225700
-669.4641595160        	0.7755612311		8913.0414316922
-669.4650418330        	0.7755612311		8912.6477083701
-669.4762749741        	0.7755612311		8908.8324811388
-669.4941223748        	0.7755612311		8902.0465868468
-669.5131709245        	0.7755612311		8894.1411191321
-669.5285421280        	0.7755612311		8887.2717687828
-669.5366346087        	0.7755612311		8882.6164990023
-669.5348164547        	0.7755612311		8881.1973426908
-669.5219436489        	0.7755612311		8883.1886068592
-669.4990064872        	0.7755612311		8889.1022944079
-669.4713140713        	0.7755612311		8896.4670397260
-669.4490620205        	0.7755612311		8903.5776775620
-669.4373298184        	0.7755612311		8908.9780645385
-669.4305874896        	0.7755612311		8913.0700526899
-669.4253824845        	0.7755612311		8915.7995262500
-669.4231379485        	0.7755612311		8917.1121219502
-669.4225297712        	0.7755612311		8917.3318819773
-669.4207873073        	0.7755612311		8917.2083287138
-669.4180139986        	0.7755612311		8917.0319488015
-669.4164393250        	0.7755612311		8916.6719343442
-669.4174813758        	0.7755612311		8916.3449849833
-669.4208727141        	0.7755612311		8916.3161024801
-669.4261099402        	0.7755612311		8916.6431349729
-669.4328185639        	0.7755612311		8917.4526898035
-669.4381315644        	0.7755612311		8919.4368993172
-669.4376176250        	0.7755612311		8923.0527211097
-669.4300332590        	0.7755612311		8927.3924547433
-669.4198463305        	0.7755612311		8931.1825007175
-669.4132822695        	0.7755612311		8932.7842810706
-669.4115660770        	0.7755612311		8932.0213071601
-669.4118602723        	0.7755612311		8929.2952892405
-669.4135007341        	0.7755612311		8925.0479252132
-669.4177446243        	0.7755612311		8919.7021413522
-669.4255164926        	0.7755612311		8913.9560269445
-669.4355169871        	0.7755612311		8908.5083913795
-669.4445668544        	0.7755612311		8904.5281271081
-669.4509125246        	0.7755612311		8902.2256163057
-669.4556544119        	0.7755612311		8901.5522771304
-669.4608109837        	0.7755612311		8902.2346122981
-669.4656986633        	0.7755612311		8904.6012564305
-669.4654984254        	0.7755612311		8908.7770242322
-669.4558432455        	0.7755612311		8915.5452587589
-669.4369953928        	0.7755612311		8924.3875734007
-669.4146264836        	0.7755612311		8933.1849528242
-669.3967766400        	0.7755612311		8939.8066011121
-669.3871246601        	0.7755612311		8943.0834449734
-669.3849022276        	0.7755612311		8942.4945384282
-669.3909794874        	0.7755612311		8939.1380223638
-669.4076665558        	0.7755612311		8933.0857005319
-669.4330817741        	0.7755612311		8925.5098926649
-669.4606305839        	0.7755612311		8917.9992134014
-669.4833512931        	0.7755612311		8912.3900288878
-669.4974722185        	0.7755612311		8909.2581190661
-669.5032181327        	0.7755612311		8908.3118026540
-669.5034347179        	0.7755612311		8908.7255870439
-669.5009029255        	0.7755612311		8909.9432485640
-669.4960135460        	0.7755612311		8911.3774889068
-669.4875216050        	0.7755612311		8913.4153814302
-669.4751954813        	0.7755612311		8916.4154168858
-669.4620323260        	0.7755612311		8919.4483046998
-669.4534685117        	0.7755612311		8921.7165047038
-669.4520985262        	0.7755612311		8922.2048197417
-669.4567699598        	0.7755612311		8921.3598173556
-669.4660566176        	0.7755612311		8919.3319873814
-669.4785043996        	0.7755612311		8916.7030598934
-669.4917610059        	0.7755612311		8913.6618810430
-669.5036563067        	0.7755612311		8910.4986673865
-669.5129895980        	0.7755612311		8907.7107648770
-669.5184869544        	0.7755612311		8905.0942003954
-669.5181781494        	0.7755612311		8903.2994298850
-669.5118830668        	0.7755612311		8902.1391964711
-669.5033441782        	0.7755612311		8901.5023139072
-669.4991343418        	0.7755612311		8900.1332421110
-669.5040316223        	0.7755612311		8897.8736204905
-669.5166139722        	0.7755612311		8894.5280498962
-669.5299272650        	0.7755612311		8892.0239600608
-669.5376936492        	0.7755612311		8891.2718322870
-669.5383144244        	0.7755612311		8891.6738316276
-669.5335333691        	0.7755612311		8892.8659781893
-669.5254728769        	0.7755612311		8894.3263904374
-669.5151057645        	0.7755612311		8896.1229665939
-669.5023838093        	0.7755612311		8899.1761649743
-669.4873415578        	0.7755612311		8903.9538682544
-669.4708023640        	0.7755612311		8910.2461666132
-669.4550797096        	0.7755612311		8916.4215718185
-669.4423268653        	0.7755612311		8922.2663442304
-669.4314535097        	0.7755612311		8927.3493606876
-669.4179518511        	0.7755612311		8931.8513081711
-669.3977395674        	0.7755612311		8936.5431010174
-669.3716104738        	0.7755612311		8941.7536216617
-669.3457828674        	0.7755612311		8946.0099977249
-669.3279204604        	0.7755612311		8947.7109904268
-669.3215220751        	0.7755612311		8946.5365711996
-669.3258373744        	0.7755612311		8942.8000147317
-669.3384343571        	0.7755612311		8938.1014141848
-669.3544853575        	0.7755612311		8934.0993382270
-669.3671969437        	0.7755612311		8932.1688318174
-669.3721716999        	0.7755612311		8933.1634430511
-669.3713506739        	0.7755612311		8935.8845852095
-669.3721142227        	0.7755612311		8938.0163379478
-669.3803692578        	0.7755612311		8937.6295088624
-669.3954519035        	0.7755612311		8934.8095928624
-669.4121045172        	0.7755612311		8930.2875654542